#
# There is insufficient memory for the Java Runtime Environment to continue.
# Native memory allocation (malloc) failed to allocate 1132336 bytes for Chunk::new
# Possible reasons:
#   The system is out of physical RAM or swap space
#   The process is running with CompressedOops enabled, and the Java Heap may be blocking the growth of the native heap
# Possible solutions:
#   Reduce memory load on the system
#   Increase physical memory or swap space
#   Check if swap backing store is full
#   Decrease Java heap size (-Xmx/-Xms)
#   Decrease number of Java threads
#   Decrease Java thread stack sizes (-Xss)
#   Set larger code cache with -XX:ReservedCodeCacheSize=
#   JVM is running with Unscaled Compressed Oops mode in which the Java heap is
#     placed in the first 4GB address space. The Java Heap base address is the
#     maximum limit for the native heap growth. Please use -XX:HeapBaseMinAddress
#     to set the Java Heap base and to place the Java Heap above 4GB virtual address.
# This output file may be truncated or incomplete.
#
#  Out of Memory Error (./src/hotspot/share/memory/arena.cpp:197), pid=2064, tid=87660
#
# JRE version: OpenJDK Runtime Environment (11.0.13) (build 11.0.13+0-b1751.21-8125866)
# Java VM: OpenJDK 64-Bit Server VM (11.0.13+0-b1751.21-8125866, mixed mode, tiered, compressed oops, g1 gc, windows-amd64)
# No core dump will be written. Minidumps are not enabled by default on client versions of Windows
#

---------------  S U M M A R Y ------------

Command Line: --add-opens=java.base/java.util=ALL-UNNAMED --add-opens=java.base/java.lang=ALL-UNNAMED --add-opens=java.base/java.lang.invoke=ALL-UNNAMED --add-opens=java.base/java.util=ALL-UNNAMED --add-opens=java.prefs/java.util.prefs=ALL-UNNAMED --add-opens=java.prefs/java.util.prefs=ALL-UNNAMED --add-opens=java.base/java.nio.charset=ALL-UNNAMED --add-opens=java.base/java.net=ALL-UNNAMED --add-opens=java.base/java.util.concurrent.atomic=ALL-UNNAMED -Xmx2048m -Dfile.encoding=UTF-8 -Duser.country=RU -Duser.language=ru -Duser.variant org.gradle.launcher.daemon.bootstrap.GradleDaemon 7.4

Host: AMD Ryzen 5 3500U with Radeon Vega Mobile Gfx  , 8 cores, 5G,  Windows 11 , 64 bit Build 22000 (10.0.22000.1219)
Time: Sat Apr 29 17:40:51 2023 RTZ 2 (зима) elapsed time: 7774.200386 seconds (0d 2h 9m 34s)

---------------  T H R E A D  ---------------

Current thread (0x000001cdcab0c800):  JavaThread "C2 CompilerThread0" daemon [_thread_in_native, id=87660, stack(0x0000005d53600000,0x0000005d53700000)]


Current CompileTask:
C2:7774200 29461   !   4       org.gradle.api.internal.artifacts.ivyservice.resolveengine.graph.builder.NodeState::visitDependencies (192 bytes)

Stack: [0x0000005d53600000,0x0000005d53700000]
Native frames: (J=compiled Java code, j=interpreted, Vv=VM code, C=native code)
V  [jvm.dll+0x6100fa]
V  [jvm.dll+0x747090]
V  [jvm.dll+0x7486ad]
V  [jvm.dll+0x748d83]
V  [jvm.dll+0x24ab48]
V  [jvm.dll+0xc04dc]
V  [jvm.dll+0xc0a0c]
V  [jvm.dll+0x35eb9d]
V  [jvm.dll+0x19d9bc]
V  [jvm.dll+0x2033be]
V  [jvm.dll+0x202437]
V  [jvm.dll+0x188e01]
V  [jvm.dll+0x21106b]
V  [jvm.dll+0x20f8c1]
V  [jvm.dll+0x70de0f]
V  [jvm.dll+0x706a75]
V  [jvm.dll+0x60ed66]
C  [ucrtbase.dll+0x26c0c]
C  [KERNEL32.DLL+0x15550]
C  [ntdll.dll+0x485b]


---------------  P R O C E S S  ---------------

Threads class SMR info:
_java_thread_list=0x000001cdd1ea92d0, length=142, elements={
0x000001cdb0662800, 0x000001cdcaade800, 0x000001cdcaae9800, 0x000001cdcab04800,
0x000001cdcab05800, 0x000001cdcab06000, 0x000001cdcab0c800, 0x000001cdcab0e800,
0x000001cdcab11800, 0x000001cdcb5ca000, 0x000001cdcc951800, 0x000001cdccaa3000,
0x000001cdcca7c800, 0x000001cdcda10000, 0x000001cdcda0f000, 0x000001cdcda0c000,
0x000001cdcda0b000, 0x000001cdcda0a800, 0x000001cdcf64d800, 0x000001cdcf653000,
0x000001cdcf64e000, 0x000001cdcf64f800, 0x000001cdcf652000, 0x000001cdcc511800,
0x000001cdcc50c000, 0x000001cdcc513800, 0x000001cdcc512800, 0x000001cdcc50d800,
0x000001cdcc515000, 0x000001cdcc11d000, 0x000001cdcc118000, 0x000001cdcc8a4800,
0x000001cdd66ac000, 0x000001cdcc8a5800, 0x000001cdcc8a9800, 0x000001cdcc516800,
0x000001cdd3b69800, 0x000001cdd3b6c000, 0x000001cdd3b6b000, 0x000001cdd3b6c800,
0x000001cdd3b6d800, 0x000001cdd3b6e000, 0x000001cdd3b68800, 0x000001cdd3b6f000,
0x000001cdd3b6a000, 0x000001cdd3b73000, 0x000001cdd3b74000, 0x000001cdd3b70800,
0x000001cdd3b70000, 0x000001cdd3b74800, 0x000001cdd3b76800, 0x000001cdd3b75800,
0x000001cdd3b72800, 0x000001cdd3b77000, 0x000001cdd3b71800, 0x000001cdcbe67800,
0x000001cdcbe6a000, 0x000001cdcbe66000, 0x000001cdcbe66800, 0x000001cdcbe68800,
0x000001cdcbe64000, 0x000001cdcbe6b000, 0x000001cdcbe65000, 0x000001cdcbe6d000,
0x000001cdcbe6e000, 0x000001cdcbe6c800, 0x000001cdcbe70800, 0x000001cdcbe6f000,
0x000001cdcbe6f800, 0x000001cdcbe71800, 0x000001cdcbe6b800, 0x000001cdcbe73000,
0x000001cdcbe72000, 0x000001cdcd767000, 0x000001cdcd768800, 0x000001cdcd768000,
0x000001cdcd76c000, 0x000001cdcd766000, 0x000001cdcd76d800, 0x000001cdcd76e800,
0x000001cdcd76c800, 0x000001cdcd769800, 0x000001cdcd76f000, 0x000001cdcd770000,
0x000001cdcd76a000, 0x000001cdcd770800, 0x000001cdcd76b000, 0x000001cdcd771800,
0x000001cdcd774000, 0x000001cdcd775000, 0x000001cdcd772800, 0x000001cdd66a4800,
0x000001cdd66a3000, 0x000001cdd66a7000, 0x000001cdd66a6000, 0x000001cdd66a3800,
0x000001cdd66a1800, 0x000001cdd66a5800, 0x000001cdd66a8000, 0x000001cdd66a2000,
0x000001cdd66ac800, 0x000001cdd66ad800, 0x000001cdd66ae800, 0x000001cdd66a8800,
0x000001cdd66af000, 0x000001cdd66a9800, 0x000001cdd66b0000, 0x000001cdd66aa800,
0x000001cdd66ab000, 0x000001cdcc8ac000, 0x000001cdcc8a7000, 0x000001cdcc8aa800,
0x000001cdcc8ab000, 0x000001cdcc8a6000, 0x000001cdcc8ac800, 0x000001cdcc8ad800,
0x000001cdcc8a8000, 0x000001cdcc8a8800, 0x000001cdcc8b0000, 0x000001cdcc8b1000,
0x000001cdcc8ae800, 0x000001cdcc8b1800, 0x000001cdcc8b3800, 0x000001cdcc8af000,
0x000001cdcc8b2800, 0x000001cdcc10f000, 0x000001cdcc111800, 0x000001cdcc110000,
0x000001cdcc114000, 0x000001cdcc10e000, 0x000001cdcc118800, 0x000001cdcc115800,
0x000001cdcc113000, 0x000001cdcc11a800, 0x000001cdcc116800, 0x000001cdcc117000,
0x000001cdcc119800, 0x000001cdcc114800, 0x000001cdcc11b000, 0x000001cdcc11c000,
0x000001cdcc50d000, 0x000001cdcc510000
}

Java Threads: ( => current thread )
  0x000001cdb0662800 JavaThread "main" [_thread_blocked, id=83552, stack(0x0000005d52a00000,0x0000005d52b00000)]
  0x000001cdcaade800 JavaThread "Reference Handler" daemon [_thread_blocked, id=54092, stack(0x0000005d53100000,0x0000005d53200000)]
  0x000001cdcaae9800 JavaThread "Finalizer" daemon [_thread_blocked, id=88472, stack(0x0000005d53200000,0x0000005d53300000)]
  0x000001cdcab04800 JavaThread "Signal Dispatcher" daemon [_thread_blocked, id=88480, stack(0x0000005d53300000,0x0000005d53400000)]
  0x000001cdcab05800 JavaThread "Attach Listener" daemon [_thread_blocked, id=88476, stack(0x0000005d53400000,0x0000005d53500000)]
  0x000001cdcab06000 JavaThread "Service Thread" daemon [_thread_blocked, id=91704, stack(0x0000005d53500000,0x0000005d53600000)]
=>0x000001cdcab0c800 JavaThread "C2 CompilerThread0" daemon [_thread_in_native, id=87660, stack(0x0000005d53600000,0x0000005d53700000)]
  0x000001cdcab0e800 JavaThread "C1 CompilerThread0" daemon [_thread_blocked, id=87560, stack(0x0000005d53700000,0x0000005d53800000)]
  0x000001cdcab11800 JavaThread "Sweeper thread" daemon [_thread_blocked, id=80704, stack(0x0000005d53800000,0x0000005d53900000)]
  0x000001cdcb5ca000 JavaThread "Common-Cleaner" daemon [_thread_blocked, id=83208, stack(0x0000005d53900000,0x0000005d53a00000)]
  0x000001cdcc951800 JavaThread "Daemon health stats" [_thread_blocked, id=2420, stack(0x0000005d53c00000,0x0000005d53d00000)]
  0x000001cdccaa3000 JavaThread "Incoming local TCP Connector on port 55211" [_thread_in_native, id=87956, stack(0x0000005d53f00000,0x0000005d54000000)]
  0x000001cdcca7c800 JavaThread "Daemon periodic checks" [_thread_blocked, id=88820, stack(0x0000005d54000000,0x0000005d54100000)]
  0x000001cdcda10000 JavaThread "Cache worker for journal cache (C:\Users\User\.gradle\caches\journal-1)" [_thread_blocked, id=87164, stack(0x0000005d54c00000,0x0000005d54d00000)]
  0x000001cdcda0f000 JavaThread "File lock request listener" [_thread_in_native, id=78108, stack(0x0000005d54d00000,0x0000005d54e00000)]
  0x000001cdcda0c000 JavaThread "Cache worker for file hash cache (C:\Users\User\.gradle\caches\7.4\fileHashes)" [_thread_blocked, id=86172, stack(0x0000005d54e00000,0x0000005d54f00000)]
  0x000001cdcda0b000 JavaThread "File watcher server" daemon [_thread_in_native, id=1880, stack(0x0000005d55000000,0x0000005d55100000)]
  0x000001cdcda0a800 JavaThread "File watcher consumer" daemon [_thread_blocked, id=91676, stack(0x0000005d55100000,0x0000005d55200000)]
  0x000001cdcf64d800 JavaThread "Cache worker for execution history cache (C:\Users\User\.gradle\caches\7.4\executionHistory)" [_thread_blocked, id=81204, stack(0x0000005d55600000,0x0000005d55700000)]
  0x000001cdcf653000 JavaThread "jar transforms" [_thread_blocked, id=87312, stack(0x0000005d55700000,0x0000005d55800000)]
  0x000001cdcf64e000 JavaThread "Cache worker for file content cache (C:\Users\User\.gradle\caches\7.4\fileContent)" [_thread_blocked, id=88236, stack(0x0000005d55800000,0x0000005d55900000)]
  0x000001cdcf64f800 JavaThread "jar transforms Thread 2" [_thread_blocked, id=87672, stack(0x0000005d55900000,0x0000005d55a00000)]
  0x000001cdcf652000 JavaThread "jar transforms Thread 3" [_thread_blocked, id=90064, stack(0x0000005d55b00000,0x0000005d55c00000)]
  0x000001cdcc511800 JavaThread "jar transforms Thread 4" [_thread_blocked, id=78220, stack(0x0000005d5ad00000,0x0000005d5ae00000)]
  0x000001cdcc50c000 JavaThread "jar transforms Thread 5" [_thread_blocked, id=85232, stack(0x0000005d5ae00000,0x0000005d5af00000)]
  0x000001cdcc513800 JavaThread "jar transforms Thread 6" [_thread_blocked, id=85396, stack(0x0000005d5af00000,0x0000005d5b000000)]
  0x000001cdcc512800 JavaThread "jar transforms Thread 7" [_thread_blocked, id=91560, stack(0x0000005d5b000000,0x0000005d5b100000)]
  0x000001cdcc50d800 JavaThread "jar transforms Thread 8" [_thread_blocked, id=91688, stack(0x0000005d5b100000,0x0000005d5b200000)]
  0x000001cdcc515000 JavaThread "Memory manager" [_thread_blocked, id=91712, stack(0x0000005d5b200000,0x0000005d5b300000)]
  0x000001cdcc11d000 JavaThread "RMI Scheduler(0)" daemon [_thread_blocked, id=88936, stack(0x0000005d5bf00000,0x0000005d5c000000)]
  0x000001cdcc118000 JavaThread "RMI TCP Accept-0" daemon [_thread_in_native, id=87668, stack(0x0000005d5c200000,0x0000005d5c300000)]
  0x000001cdcc8a4800 JavaThread "Cache worker for Java compile cache (C:\Users\User\.gradle\caches\7.4\javaCompile)" [_thread_blocked, id=92920, stack(0x0000005d5c800000,0x0000005d5c900000)]
  0x000001cdd66ac000 JavaThread "ForkJoinPool.commonPool-worker-3" daemon [_thread_blocked, id=98080, stack(0x0000005d5c000000,0x0000005d5c100000)]
  0x000001cdcc8a5800 JavaThread "Daemon Thread 14" [_thread_blocked, id=104972, stack(0x0000005d52700000,0x0000005d52800000)]
  0x000001cdcc8a9800 JavaThread "Daemon worker Thread 14" [_thread_blocked, id=101868, stack(0x0000005d54100000,0x0000005d54200000)]
  0x000001cdcc516800 JavaThread "included builds" [_thread_blocked, id=106520, stack(0x0000005d5b500000,0x0000005d5b600000)]
  0x000001cdd3b69800 JavaThread "RMI GC Daemon" daemon [_thread_blocked, id=107004, stack(0x0000005d5cb00000,0x0000005d5cc00000)]
  0x000001cdd3b6c000 JavaThread "RMI Reaper" [_thread_blocked, id=107016, stack(0x0000005d5cc00000,0x0000005d5cd00000)]
  0x000001cdd3b6b000 JavaThread "RMI TCP Connection(idle)" daemon [_thread_blocked, id=107068, stack(0x0000005d5cd00000,0x0000005d5ce00000)]
  0x000001cdd3b6c800 JavaThread "Handler for socket connection from /127.0.0.1:55211 to /127.0.0.1:56895" [_thread_in_native, id=108404, stack(0x0000005d52800000,0x0000005d52900000)]
  0x000001cdd3b6d800 JavaThread "Cancel handler" [_thread_blocked, id=108408, stack(0x0000005d52900000,0x0000005d52a00000)]
  0x000001cdd3b6e000 JavaThread "Asynchronous log dispatcher for DefaultDaemonConnection: socket connection from /127.0.0.1:55211 to /127.0.0.1:56895" [_thread_blocked, id=108420, stack(0x0000005d54200000,0x0000005d54300000)]
  0x000001cdd3b68800 JavaThread "Stdin handler" [_thread_blocked, id=108424, stack(0x0000005d54300000,0x0000005d54400000)]
  0x000001cdd3b6f000 JavaThread "Daemon client event forwarder" [_thread_blocked, id=108428, stack(0x0000005d54400000,0x0000005d54500000)]
  0x000001cdd3b6a000 JavaThread "Cache worker for checksums cache (C:\Users\User\AndroidStudioProjects\HistoryVN_project\.gradle\7.4\checksums)" [_thread_blocked, id=108432, stack(0x0000005d54500000,0x0000005d54600000)]
  0x000001cdd3b73000 JavaThread "Cache worker for cache directory md-rule (C:\Users\User\.gradle\caches\7.4\md-rule)" [_thread_blocked, id=108436, stack(0x0000005d54600000,0x0000005d54700000)]
  0x000001cdd3b74000 JavaThread "Cache worker for file hash cache (C:\Users\User\AndroidStudioProjects\HistoryVN_project\.gradle\7.4\fileHashes)" [_thread_blocked, id=108440, stack(0x0000005d54700000,0x0000005d54800000)]
  0x000001cdd3b70800 JavaThread "Cache worker for cache directory md-supplier (C:\Users\User\.gradle\caches\7.4\md-supplier)" [_thread_blocked, id=108444, stack(0x0000005d55a00000,0x0000005d55b00000)]
  0x000001cdd3b70000 JavaThread "Cache worker for dependencies-accessors (C:\Users\User\AndroidStudioProjects\HistoryVN_project\.gradle\7.4\dependencies-accessors)" [_thread_blocked, id=108448, stack(0x0000005d55c00000,0x0000005d55d00000)]
  0x000001cdd3b74800 JavaThread "Cache worker for Build Output Cleanup Cache (C:\Users\User\AndroidStudioProjects\HistoryVN_project\.gradle\buildOutputCleanup)" [_thread_blocked, id=108464, stack(0x0000005d55d00000,0x0000005d55e00000)]
  0x000001cdd3b76800 JavaThread "Unconstrained build operations" [_thread_blocked, id=108480, stack(0x0000005d55e00000,0x0000005d55f00000)]
  0x000001cdd3b75800 JavaThread "Unconstrained build operations Thread 2" [_thread_blocked, id=108484, stack(0x0000005d55f00000,0x0000005d56000000)]
  0x000001cdd3b72800 JavaThread "Unconstrained build operations Thread 3" [_thread_blocked, id=108488, stack(0x0000005d56000000,0x0000005d56100000)]
  0x000001cdd3b77000 JavaThread "Unconstrained build operations Thread 4" [_thread_blocked, id=108492, stack(0x0000005d56100000,0x0000005d56200000)]
  0x000001cdd3b71800 JavaThread "Unconstrained build operations Thread 5" [_thread_blocked, id=108496, stack(0x0000005d56200000,0x0000005d56300000)]
  0x000001cdcbe67800 JavaThread "Unconstrained build operations Thread 6" [_thread_blocked, id=108500, stack(0x0000005d56300000,0x0000005d56400000)]
  0x000001cdcbe6a000 JavaThread "Unconstrained build operations Thread 7" [_thread_blocked, id=108504, stack(0x0000005d56400000,0x0000005d56500000)]
  0x000001cdcbe66000 JavaThread "Unconstrained build operations Thread 8" [_thread_blocked, id=108508, stack(0x0000005d56500000,0x0000005d56600000)]
  0x000001cdcbe66800 JavaThread "Unconstrained build operations Thread 9" [_thread_blocked, id=108512, stack(0x0000005d56600000,0x0000005d56700000)]
  0x000001cdcbe68800 JavaThread "Unconstrained build operations Thread 10" [_thread_blocked, id=108516, stack(0x0000005d56700000,0x0000005d56800000)]
  0x000001cdcbe64000 JavaThread "Unconstrained build operations Thread 11" [_thread_blocked, id=108520, stack(0x0000005d56800000,0x0000005d56900000)]
  0x000001cdcbe6b000 JavaThread "Unconstrained build operations Thread 12" [_thread_blocked, id=108524, stack(0x0000005d56900000,0x0000005d56a00000)]
  0x000001cdcbe65000 JavaThread "Unconstrained build operations Thread 13" [_thread_blocked, id=108528, stack(0x0000005d56a00000,0x0000005d56b00000)]
  0x000001cdcbe6d000 JavaThread "Unconstrained build operations Thread 14" [_thread_blocked, id=108532, stack(0x0000005d56b00000,0x0000005d56c00000)]
  0x000001cdcbe6e000 JavaThread "Unconstrained build operations Thread 15" [_thread_blocked, id=108536, stack(0x0000005d56c00000,0x0000005d56d00000)]
  0x000001cdcbe6c800 JavaThread "Unconstrained build operations Thread 16" [_thread_blocked, id=108540, stack(0x0000005d56d00000,0x0000005d56e00000)]
  0x000001cdcbe70800 JavaThread "Unconstrained build operations Thread 17" [_thread_blocked, id=107528, stack(0x0000005d56e00000,0x0000005d56f00000)]
  0x000001cdcbe6f000 JavaThread "Unconstrained build operations Thread 18" [_thread_blocked, id=105340, stack(0x0000005d56f00000,0x0000005d57000000)]
  0x000001cdcbe6f800 JavaThread "Unconstrained build operations Thread 19" [_thread_blocked, id=88596, stack(0x0000005d57000000,0x0000005d57100000)]
  0x000001cdcbe71800 JavaThread "Unconstrained build operations Thread 20" [_thread_blocked, id=6540, stack(0x0000005d57100000,0x0000005d57200000)]
  0x000001cdcbe6b800 JavaThread "Unconstrained build operations Thread 21" [_thread_blocked, id=65132, stack(0x0000005d57200000,0x0000005d57300000)]
  0x000001cdcbe73000 JavaThread "Unconstrained build operations Thread 22" [_thread_blocked, id=91452, stack(0x0000005d57300000,0x0000005d57400000)]
  0x000001cdcbe72000 JavaThread "Unconstrained build operations Thread 23" [_thread_blocked, id=107564, stack(0x0000005d57400000,0x0000005d57500000)]
  0x000001cdcd767000 JavaThread "Unconstrained build operations Thread 24" [_thread_blocked, id=103740, stack(0x0000005d57500000,0x0000005d57600000)]
  0x000001cdcd768800 JavaThread "Unconstrained build operations Thread 25" [_thread_blocked, id=105508, stack(0x0000005d57600000,0x0000005d57700000)]
  0x000001cdcd768000 JavaThread "Unconstrained build operations Thread 26" [_thread_blocked, id=100664, stack(0x0000005d57700000,0x0000005d57800000)]
  0x000001cdcd76c000 JavaThread "Unconstrained build operations Thread 27" [_thread_blocked, id=3212, stack(0x0000005d57800000,0x0000005d57900000)]
  0x000001cdcd766000 JavaThread "Unconstrained build operations Thread 28" [_thread_blocked, id=107664, stack(0x0000005d57900000,0x0000005d57a00000)]
  0x000001cdcd76d800 JavaThread "Unconstrained build operations Thread 29" [_thread_blocked, id=107724, stack(0x0000005d57a00000,0x0000005d57b00000)]
  0x000001cdcd76e800 JavaThread "Unconstrained build operations Thread 30" [_thread_blocked, id=107848, stack(0x0000005d57b00000,0x0000005d57c00000)]
  0x000001cdcd76c800 JavaThread "Unconstrained build operations Thread 31" [_thread_blocked, id=87808, stack(0x0000005d57c00000,0x0000005d57d00000)]
  0x000001cdcd769800 JavaThread "Unconstrained build operations Thread 32" [_thread_blocked, id=91988, stack(0x0000005d57d00000,0x0000005d57e00000)]
  0x000001cdcd76f000 JavaThread "Unconstrained build operations Thread 33" [_thread_blocked, id=106576, stack(0x0000005d57e00000,0x0000005d57f00000)]
  0x000001cdcd770000 JavaThread "Unconstrained build operations Thread 34" [_thread_blocked, id=101688, stack(0x0000005d57f00000,0x0000005d58000000)]
  0x000001cdcd76a000 JavaThread "Unconstrained build operations Thread 35" [_thread_blocked, id=97748, stack(0x0000005d58000000,0x0000005d58100000)]
  0x000001cdcd770800 JavaThread "Unconstrained build operations Thread 36" [_thread_blocked, id=105860, stack(0x0000005d58100000,0x0000005d58200000)]
  0x000001cdcd76b000 JavaThread "Unconstrained build operations Thread 37" [_thread_blocked, id=107832, stack(0x0000005d58200000,0x0000005d58300000)]
  0x000001cdcd771800 JavaThread "Unconstrained build operations Thread 38" [_thread_blocked, id=107816, stack(0x0000005d58300000,0x0000005d58400000)]
  0x000001cdcd774000 JavaThread "Unconstrained build operations Thread 39" [_thread_blocked, id=107812, stack(0x0000005d58400000,0x0000005d58500000)]
  0x000001cdcd775000 JavaThread "Unconstrained build operations Thread 40" [_thread_blocked, id=107808, stack(0x0000005d58500000,0x0000005d58600000)]
  0x000001cdcd772800 JavaThread "Unconstrained build operations Thread 41" [_thread_blocked, id=107836, stack(0x0000005d58600000,0x0000005d58700000)]
  0x000001cdd66a4800 JavaThread "Unconstrained build operations Thread 42" [_thread_blocked, id=107840, stack(0x0000005d58700000,0x0000005d58800000)]
  0x000001cdd66a3000 JavaThread "Unconstrained build operations Thread 43" [_thread_blocked, id=107796, stack(0x0000005d58800000,0x0000005d58900000)]
  0x000001cdd66a7000 JavaThread "Unconstrained build operations Thread 44" [_thread_blocked, id=107828, stack(0x0000005d58900000,0x0000005d58a00000)]
  0x000001cdd66a6000 JavaThread "Unconstrained build operations Thread 45" [_thread_blocked, id=107824, stack(0x0000005d58a00000,0x0000005d58b00000)]
  0x000001cdd66a3800 JavaThread "Unconstrained build operations Thread 46" [_thread_blocked, id=107792, stack(0x0000005d58b00000,0x0000005d58c00000)]
  0x000001cdd66a1800 JavaThread "Unconstrained build operations Thread 47" [_thread_blocked, id=107804, stack(0x0000005d58c00000,0x0000005d58d00000)]
  0x000001cdd66a5800 JavaThread "Unconstrained build operations Thread 48" [_thread_blocked, id=107788, stack(0x0000005d58d00000,0x0000005d58e00000)]
  0x000001cdd66a8000 JavaThread "Unconstrained build operations Thread 49" [_thread_blocked, id=107784, stack(0x0000005d58e00000,0x0000005d58f00000)]
  0x000001cdd66a2000 JavaThread "Unconstrained build operations Thread 50" [_thread_blocked, id=107732, stack(0x0000005d58f00000,0x0000005d59000000)]
  0x000001cdd66ac800 JavaThread "Unconstrained build operations Thread 51" [_thread_blocked, id=107716, stack(0x0000005d59000000,0x0000005d59100000)]
  0x000001cdd66ad800 JavaThread "Unconstrained build operations Thread 52" [_thread_blocked, id=107728, stack(0x0000005d59100000,0x0000005d59200000)]
  0x000001cdd66ae800 JavaThread "Unconstrained build operations Thread 53" [_thread_blocked, id=107780, stack(0x0000005d59200000,0x0000005d59300000)]
  0x000001cdd66a8800 JavaThread "Unconstrained build operations Thread 54" [_thread_blocked, id=107736, stack(0x0000005d59300000,0x0000005d59400000)]
  0x000001cdd66af000 JavaThread "Unconstrained build operations Thread 55" [_thread_blocked, id=107720, stack(0x0000005d59400000,0x0000005d59500000)]
  0x000001cdd66a9800 JavaThread "Unconstrained build operations Thread 56" [_thread_blocked, id=107928, stack(0x0000005d59500000,0x0000005d59600000)]
  0x000001cdd66b0000 JavaThread "Unconstrained build operations Thread 57" [_thread_blocked, id=107492, stack(0x0000005d59600000,0x0000005d59700000)]
  0x000001cdd66aa800 JavaThread "Unconstrained build operations Thread 58" [_thread_blocked, id=108056, stack(0x0000005d59700000,0x0000005d59800000)]
  0x000001cdd66ab000 JavaThread "Unconstrained build operations Thread 59" [_thread_blocked, id=105412, stack(0x0000005d59800000,0x0000005d59900000)]
  0x000001cdcc8ac000 JavaThread "Unconstrained build operations Thread 60" [_thread_blocked, id=107868, stack(0x0000005d59900000,0x0000005d59a00000)]
  0x000001cdcc8a7000 JavaThread "Unconstrained build operations Thread 61" [_thread_blocked, id=106808, stack(0x0000005d59a00000,0x0000005d59b00000)]
  0x000001cdcc8aa800 JavaThread "Unconstrained build operations Thread 62" [_thread_blocked, id=106812, stack(0x0000005d59b00000,0x0000005d59c00000)]
  0x000001cdcc8ab000 JavaThread "Unconstrained build operations Thread 63" [_thread_blocked, id=106824, stack(0x0000005d59c00000,0x0000005d59d00000)]
  0x000001cdcc8a6000 JavaThread "Unconstrained build operations Thread 64" [_thread_blocked, id=106828, stack(0x0000005d59d00000,0x0000005d59e00000)]
  0x000001cdcc8ac800 JavaThread "Unconstrained build operations Thread 65" [_thread_blocked, id=107936, stack(0x0000005d59e00000,0x0000005d59f00000)]
  0x000001cdcc8ad800 JavaThread "Unconstrained build operations Thread 66" [_thread_blocked, id=107932, stack(0x0000005d59f00000,0x0000005d5a000000)]
  0x000001cdcc8a8000 JavaThread "Unconstrained build operations Thread 67" [_thread_blocked, id=107576, stack(0x0000005d5a000000,0x0000005d5a100000)]
  0x000001cdcc8a8800 JavaThread "Unconstrained build operations Thread 68" [_thread_blocked, id=107712, stack(0x0000005d5a100000,0x0000005d5a200000)]
  0x000001cdcc8b0000 JavaThread "Unconstrained build operations Thread 69" [_thread_blocked, id=107800, stack(0x0000005d5a200000,0x0000005d5a300000)]
  0x000001cdcc8b1000 JavaThread "Unconstrained build operations Thread 70" [_thread_blocked, id=108052, stack(0x0000005d5a300000,0x0000005d5a400000)]
  0x000001cdcc8ae800 JavaThread "Unconstrained build operations Thread 71" [_thread_blocked, id=106548, stack(0x0000005d5a400000,0x0000005d5a500000)]
  0x000001cdcc8b1800 JavaThread "Unconstrained build operations Thread 72" [_thread_blocked, id=106532, stack(0x0000005d5a500000,0x0000005d5a600000)]
  0x000001cdcc8b3800 JavaThread "Unconstrained build operations Thread 73" [_thread_blocked, id=106528, stack(0x0000005d5a600000,0x0000005d5a700000)]
  0x000001cdcc8af000 JavaThread "Unconstrained build operations Thread 74" [_thread_blocked, id=106544, stack(0x0000005d5a700000,0x0000005d5a800000)]
  0x000001cdcc8b2800 JavaThread "Unconstrained build operations Thread 75" [_thread_blocked, id=106524, stack(0x0000005d5a800000,0x0000005d5a900000)]
  0x000001cdcc10f000 JavaThread "Unconstrained build operations Thread 76" [_thread_blocked, id=106536, stack(0x0000005d5a900000,0x0000005d5aa00000)]
  0x000001cdcc111800 JavaThread "Unconstrained build operations Thread 77" [_thread_blocked, id=106540, stack(0x0000005d5aa00000,0x0000005d5ab00000)]
  0x000001cdcc110000 JavaThread "Unconstrained build operations Thread 78" [_thread_blocked, id=106516, stack(0x0000005d5ab00000,0x0000005d5ac00000)]
  0x000001cdcc114000 JavaThread "Unconstrained build operations Thread 79" [_thread_blocked, id=9032, stack(0x0000005d5ac00000,0x0000005d5ad00000)]
  0x000001cdcc10e000 JavaThread "Unconstrained build operations Thread 80" [_thread_blocked, id=106820, stack(0x0000005d5b300000,0x0000005d5b400000)]
  0x000001cdcc118800 JavaThread "build event listener" [_thread_blocked, id=100364, stack(0x0000005d5b400000,0x0000005d5b500000)]
  0x000001cdcc115800 JavaThread "included builds" [_thread_blocked, id=96468, stack(0x0000005d5b600000,0x0000005d5b700000)]
  0x000001cdcc113000 JavaThread "Execution worker for ':'" [_thread_blocked, id=106552, stack(0x0000005d5b700000,0x0000005d5b800000)]
  0x000001cdcc11a800 JavaThread "Execution worker for ':' Thread 2" [_thread_blocked, id=104616, stack(0x0000005d5b800000,0x0000005d5b900000)]
  0x000001cdcc116800 JavaThread "Execution worker for ':' Thread 3" [_thread_blocked, id=105292, stack(0x0000005d5b900000,0x0000005d5ba00000)]
  0x000001cdcc117000 JavaThread "Execution worker for ':' Thread 4" [_thread_blocked, id=105160, stack(0x0000005d5ba00000,0x0000005d5bb00000)]
  0x000001cdcc119800 JavaThread "Execution worker for ':' Thread 5" [_thread_blocked, id=101748, stack(0x0000005d5bb00000,0x0000005d5bc00000)]
  0x000001cdcc114800 JavaThread "Execution worker for ':' Thread 6" [_thread_blocked, id=106764, stack(0x0000005d5bc00000,0x0000005d5bd00000)]
  0x000001cdcc11b000 JavaThread "Execution worker for ':' Thread 7" [_thread_blocked, id=106984, stack(0x0000005d5bd00000,0x0000005d5be00000)]
  0x000001cdcc11c000 JavaThread "Cache worker for execution history cache (C:\Users\User\AndroidStudioProjects\HistoryVN_project\.gradle\7.4\executionHistory)" [_thread_blocked, id=106664, stack(0x0000005d5be00000,0x0000005d5bf00000)]
  0x000001cdcc50d000 JavaThread "WorkerExecutor Queue" [_thread_in_native, id=106672, stack(0x0000005d5c100000,0x0000005d5c200000)]
  0x000001cdcc510000 JavaThread "pool-55-thread-1" [_thread_blocked, id=107652, stack(0x0000005d5c300000,0x0000005d5c400000)]

Other Threads:
  0x000001cdcaadc000 VMThread "VM Thread" [stack: 0x0000005d53000000,0x0000005d53100000] [id=91828]
  0x000001cdcb613800 WatcherThread [stack: 0x0000005d53a00000,0x0000005d53b00000] [id=74524]
  0x000001cdb067b800 GCTaskThread "GC Thread#0" [stack: 0x0000005d52b00000,0x0000005d52c00000] [id=83468]
  0x000001cdcb936800 GCTaskThread "GC Thread#1" [stack: 0x0000005d53b00000,0x0000005d53c00000] [id=85108]
  0x000001cdcd6cb800 GCTaskThread "GC Thread#2" [stack: 0x0000005d53d00000,0x0000005d53e00000] [id=82316]
  0x000001cdcceb6000 GCTaskThread "GC Thread#3" [stack: 0x0000005d53e00000,0x0000005d53f00000] [id=75276]
  0x000001cdccb11800 GCTaskThread "GC Thread#4" [stack: 0x0000005d54800000,0x0000005d54900000] [id=89000]
  0x000001cdcc318800 GCTaskThread "GC Thread#5" [stack: 0x0000005d54900000,0x0000005d54a00000] [id=88996]
  0x000001cdccb14800 GCTaskThread "GC Thread#6" [stack: 0x0000005d54a00000,0x0000005d54b00000] [id=69356]
  0x000001cdcc933800 GCTaskThread "GC Thread#7" [stack: 0x0000005d54b00000,0x0000005d54c00000] [id=89532]
  0x000001cdb06ab800 ConcurrentGCThread "G1 Main Marker" [stack: 0x0000005d52c00000,0x0000005d52d00000] [id=89512]
  0x000001cdb06ae800 ConcurrentGCThread "G1 Conc#0" [stack: 0x0000005d52d00000,0x0000005d52e00000] [id=91448]
  0x000001cdcdc09000 ConcurrentGCThread "G1 Conc#1" [stack: 0x0000005d54f00000,0x0000005d55000000] [id=86084]
  0x000001cdb0733800 ConcurrentGCThread "G1 Refine#0" [stack: 0x0000005d52e00000,0x0000005d52f00000] [id=88764]
  0x000001cdcf5a8800 ConcurrentGCThread "G1 Refine#1" [stack: 0x0000005d55200000,0x0000005d55300000] [id=88372]
  0x000001cdcf5a9800 ConcurrentGCThread "G1 Refine#2" [stack: 0x0000005d55300000,0x0000005d55400000] [id=87624]
  0x000001cdcf5a5000 ConcurrentGCThread "G1 Refine#3" [stack: 0x0000005d55400000,0x0000005d55500000] [id=87860]
  0x000001cdcf5aa000 ConcurrentGCThread "G1 Refine#4" [stack: 0x0000005d55500000,0x0000005d55600000] [id=83004]
  0x000001cdb0736800 ConcurrentGCThread "G1 Young RemSet Sampling" [stack: 0x0000005d52f00000,0x0000005d53000000] [id=88768]

Threads with active compile tasks:
C2 CompilerThread07774250 29461   !   4       org.gradle.api.internal.artifacts.ivyservice.resolveengine.graph.builder.NodeState::visitDependencies (192 bytes)

VM state:not at safepoint (normal execution)

VM Mutex/Monitor currently owned by a thread: None

Heap address: 0x0000000080000000, size: 2048 MB, Compressed Oops mode: 32-bit
Narrow klass base: 0x0000000000000000, Narrow klass shift: 3
Compressed class space size: 1073741824 Address: 0x0000000100000000

Heap:
 garbage-first heap   total 172032K, used 112398K [0x0000000080000000, 0x0000000100000000)
  region size 1024K, 4 young (4096K), 1 survivors (1024K)
 Metaspace       used 141155K, capacity 146054K, committed 146512K, reserved 1177600K
  class space    used 17530K, capacity 19378K, committed 19456K, reserved 1048576K
Heap Regions: E=young(eden), S=young(survivor), O=old, HS=humongous(starts), HC=humongous(continues), CS=collection set, F=free, A=archive, TAMS=top-at-mark-start (previous, next)
|   0|0x0000000080000000, 0x0000000080100000, 0x0000000080100000|100%| O|  |TAMS 0x0000000080100000, 0x0000000080000000| Untracked 
|   1|0x0000000080100000, 0x0000000080200000, 0x0000000080200000|100%| O|  |TAMS 0x0000000080200000, 0x0000000080100000| Untracked 
|   2|0x0000000080200000, 0x0000000080300000, 0x0000000080300000|100%| O|  |TAMS 0x0000000080300000, 0x0000000080200000| Untracked 
|   3|0x0000000080300000, 0x0000000080400000, 0x0000000080400000|100%|HS|  |TAMS 0x0000000080400000, 0x0000000080300000| Complete 
|   4|0x0000000080400000, 0x0000000080500000, 0x0000000080500000|100%|HC|  |TAMS 0x0000000080500000, 0x0000000080400000| Complete 
|   5|0x0000000080500000, 0x0000000080600000, 0x0000000080600000|100%|HC|  |TAMS 0x0000000080600000, 0x0000000080500000| Complete 
|   6|0x0000000080600000, 0x0000000080700000, 0x0000000080700000|100%| O|  |TAMS 0x0000000080700000, 0x0000000080600000| Untracked 
|   7|0x0000000080700000, 0x0000000080800000, 0x0000000080800000|100%| O|  |TAMS 0x0000000080800000, 0x0000000080700000| Untracked 
|   8|0x0000000080800000, 0x0000000080900000, 0x0000000080900000|100%| O|  |TAMS 0x0000000080900000, 0x0000000080800000| Untracked 
|   9|0x0000000080900000, 0x0000000080a00000, 0x0000000080a00000|100%| O|  |TAMS 0x0000000080a00000, 0x0000000080900000| Untracked 
|  10|0x0000000080a00000, 0x0000000080b00000, 0x0000000080b00000|100%| O|  |TAMS 0x0000000080b00000, 0x0000000080a00000| Untracked 
|  11|0x0000000080b00000, 0x0000000080c00000, 0x0000000080c00000|100%| O|  |TAMS 0x0000000080c00000, 0x0000000080b00000| Untracked 
|  12|0x0000000080c00000, 0x0000000080d00000, 0x0000000080d00000|100%| O|  |TAMS 0x0000000080d00000, 0x0000000080c00000| Untracked 
|  13|0x0000000080d00000, 0x0000000080e00000, 0x0000000080e00000|100%| O|  |TAMS 0x0000000080e00000, 0x0000000080d00000| Untracked 
|  14|0x0000000080e00000, 0x0000000080f00000, 0x0000000080f00000|100%| O|  |TAMS 0x0000000080f00000, 0x0000000080e00000| Untracked 
|  15|0x0000000080f00000, 0x0000000081000000, 0x0000000081000000|100%| O|  |TAMS 0x0000000081000000, 0x0000000080f00000| Untracked 
|  16|0x0000000081000000, 0x0000000081100000, 0x0000000081100000|100%| O|  |TAMS 0x0000000081100000, 0x0000000081000000| Untracked 
|  17|0x0000000081100000, 0x0000000081200000, 0x0000000081200000|100%| O|  |TAMS 0x0000000081200000, 0x0000000081100000| Untracked 
|  18|0x0000000081200000, 0x0000000081300000, 0x0000000081300000|100%| O|  |TAMS 0x0000000081300000, 0x0000000081200000| Untracked 
|  19|0x0000000081300000, 0x0000000081400000, 0x0000000081400000|100%| O|  |TAMS 0x0000000081400000, 0x0000000081300000| Untracked 
|  20|0x0000000081400000, 0x0000000081500000, 0x0000000081500000|100%| O|  |TAMS 0x0000000081500000, 0x0000000081400000| Untracked 
|  21|0x0000000081500000, 0x0000000081600000, 0x0000000081600000|100%| O|  |TAMS 0x0000000081600000, 0x0000000081500000| Untracked 
|  22|0x0000000081600000, 0x0000000081700000, 0x0000000081700000|100%| O|  |TAMS 0x0000000081700000, 0x0000000081600000| Untracked 
|  23|0x0000000081700000, 0x0000000081800000, 0x0000000081800000|100%| O|  |TAMS 0x0000000081800000, 0x0000000081700000| Untracked 
|  24|0x0000000081800000, 0x0000000081900000, 0x0000000081900000|100%| O|  |TAMS 0x0000000081900000, 0x0000000081800000| Untracked 
|  25|0x0000000081900000, 0x0000000081a00000, 0x0000000081a00000|100%| O|  |TAMS 0x0000000081a00000, 0x0000000081900000| Untracked 
|  26|0x0000000081a00000, 0x0000000081b00000, 0x0000000081b00000|100%| O|  |TAMS 0x0000000081b00000, 0x0000000081a00000| Untracked 
|  27|0x0000000081b00000, 0x0000000081c00000, 0x0000000081c00000|100%| O|  |TAMS 0x0000000081c00000, 0x0000000081b00000| Untracked 
|  28|0x0000000081c00000, 0x0000000081d00000, 0x0000000081d00000|100%| O|  |TAMS 0x0000000081d00000, 0x0000000081c00000| Untracked 
|  29|0x0000000081d00000, 0x0000000081e00000, 0x0000000081e00000|100%|HS|  |TAMS 0x0000000081e00000, 0x0000000081d00000| Complete 
|  30|0x0000000081e00000, 0x0000000081f00000, 0x0000000081f00000|100%|HS|  |TAMS 0x0000000081f00000, 0x0000000081e00000| Complete 
|  31|0x0000000081f00000, 0x0000000082000000, 0x0000000082000000|100%|HS|  |TAMS 0x0000000082000000, 0x0000000081f00000| Complete 
|  32|0x0000000082000000, 0x0000000082100000, 0x0000000082100000|100%|HS|  |TAMS 0x0000000082100000, 0x0000000082000000| Complete 
|  33|0x0000000082100000, 0x0000000082200000, 0x0000000082200000|100%|HC|  |TAMS 0x0000000082200000, 0x0000000082100000| Complete 
|  34|0x0000000082200000, 0x0000000082300000, 0x0000000082300000|100%|HC|  |TAMS 0x0000000082300000, 0x0000000082200000| Complete 
|  35|0x0000000082300000, 0x0000000082400000, 0x0000000082400000|100%|HC|  |TAMS 0x0000000082400000, 0x0000000082300000| Complete 
|  36|0x0000000082400000, 0x0000000082500000, 0x0000000082500000|100%| O|  |TAMS 0x0000000082500000, 0x0000000082400000| Untracked 
|  37|0x0000000082500000, 0x0000000082600000, 0x0000000082600000|100%|HS|  |TAMS 0x0000000082600000, 0x0000000082500000| Complete 
|  38|0x0000000082600000, 0x0000000082700000, 0x0000000082700000|100%|HC|  |TAMS 0x0000000082700000, 0x0000000082600000| Complete 
|  39|0x0000000082700000, 0x0000000082800000, 0x0000000082800000|100%| O|  |TAMS 0x0000000082800000, 0x0000000082700000| Untracked 
|  40|0x0000000082800000, 0x0000000082900000, 0x0000000082900000|100%| O|  |TAMS 0x0000000082900000, 0x0000000082800000| Untracked 
|  41|0x0000000082900000, 0x0000000082a00000, 0x0000000082a00000|100%| O|  |TAMS 0x0000000082900000, 0x0000000082900000| Untracked 
|  42|0x0000000082a00000, 0x0000000082a00000, 0x0000000082b00000|  0%| F|  |TAMS 0x0000000082a00000, 0x0000000082a00000| Untracked 
|  43|0x0000000082b00000, 0x0000000082c00000, 0x0000000082c00000|100%| O|  |TAMS 0x0000000082c00000, 0x0000000082b00000| Untracked 
|  44|0x0000000082c00000, 0x0000000082c00000, 0x0000000082d00000|  0%| F|  |TAMS 0x0000000082c00000, 0x0000000082c00000| Untracked 
|  45|0x0000000082d00000, 0x0000000082e00000, 0x0000000082e00000|100%| O|  |TAMS 0x0000000082e00000, 0x0000000082d00000| Untracked 
|  46|0x0000000082e00000, 0x0000000082f00000, 0x0000000082f00000|100%| O|  |TAMS 0x0000000082f00000, 0x0000000082e00000| Untracked 
|  47|0x0000000082f00000, 0x0000000083000000, 0x0000000083000000|100%| O|  |TAMS 0x0000000083000000, 0x0000000082f00000| Untracked 
|  48|0x0000000083000000, 0x0000000083100000, 0x0000000083100000|100%| O|  |TAMS 0x0000000083100000, 0x0000000083000000| Untracked 
|  49|0x0000000083100000, 0x0000000083200000, 0x0000000083200000|100%| O|  |TAMS 0x0000000083200000, 0x0000000083100000| Untracked 
|  50|0x0000000083200000, 0x0000000083300000, 0x0000000083300000|100%| O|  |TAMS 0x0000000083300000, 0x0000000083200000| Untracked 
|  51|0x0000000083300000, 0x0000000083400000, 0x0000000083400000|100%| O|  |TAMS 0x0000000083400000, 0x0000000083300000| Untracked 
|  52|0x0000000083400000, 0x0000000083500000, 0x0000000083500000|100%| O|  |TAMS 0x0000000083500000, 0x0000000083400000| Untracked 
|  53|0x0000000083500000, 0x0000000083500000, 0x0000000083600000|  0%| F|  |TAMS 0x0000000083500000, 0x0000000083500000| Untracked 
|  54|0x0000000083600000, 0x0000000083700000, 0x0000000083700000|100%| O|  |TAMS 0x0000000083700000, 0x0000000083600000| Untracked 
|  55|0x0000000083700000, 0x0000000083800000, 0x0000000083800000|100%| O|  |TAMS 0x0000000083800000, 0x0000000083700000| Untracked 
|  56|0x0000000083800000, 0x0000000083900000, 0x0000000083900000|100%| O|  |TAMS 0x0000000083900000, 0x0000000083800000| Untracked 
|  57|0x0000000083900000, 0x0000000083a00000, 0x0000000083a00000|100%| O|  |TAMS 0x0000000083a00000, 0x0000000083900000| Untracked 
|  58|0x0000000083a00000, 0x0000000083b00000, 0x0000000083b00000|100%| O|  |TAMS 0x0000000083b00000, 0x0000000083a00000| Untracked 
|  59|0x0000000083b00000, 0x0000000083c00000, 0x0000000083c00000|100%| O|  |TAMS 0x0000000083c00000, 0x0000000083b00000| Untracked 
|  60|0x0000000083c00000, 0x0000000083c00000, 0x0000000083d00000|  0%| F|  |TAMS 0x0000000083c00000, 0x0000000083c00000| Untracked 
|  61|0x0000000083d00000, 0x0000000083e00000, 0x0000000083e00000|100%| O|  |TAMS 0x0000000083e00000, 0x0000000083d00000| Untracked 
|  62|0x0000000083e00000, 0x0000000083f00000, 0x0000000083f00000|100%| O|  |TAMS 0x0000000083f00000, 0x0000000083e00000| Untracked 
|  63|0x0000000083f00000, 0x0000000083f00000, 0x0000000084000000|  0%| F|  |TAMS 0x0000000083f00000, 0x0000000083f00000| Untracked 
|  64|0x0000000084000000, 0x0000000084000000, 0x0000000084100000|  0%| F|  |TAMS 0x0000000084000000, 0x0000000084000000| Untracked 
|  65|0x0000000084100000, 0x0000000084200000, 0x0000000084200000|100%| O|  |TAMS 0x0000000084200000, 0x0000000084100000| Untracked 
|  66|0x0000000084200000, 0x0000000084300000, 0x0000000084300000|100%| O|  |TAMS 0x0000000084300000, 0x0000000084200000| Untracked 
|  67|0x0000000084300000, 0x0000000084400000, 0x0000000084400000|100%| O|  |TAMS 0x0000000084400000, 0x0000000084300000| Untracked 
|  68|0x0000000084400000, 0x0000000084500000, 0x0000000084500000|100%| O|  |TAMS 0x0000000084500000, 0x0000000084400000| Untracked 
|  69|0x0000000084500000, 0x0000000084600000, 0x0000000084600000|100%| O|  |TAMS 0x0000000084600000, 0x0000000084500000| Untracked 
|  70|0x0000000084600000, 0x0000000084700000, 0x0000000084700000|100%| O|  |TAMS 0x0000000084700000, 0x0000000084600000| Untracked 
|  71|0x0000000084700000, 0x0000000084800000, 0x0000000084800000|100%| O|  |TAMS 0x0000000084800000, 0x0000000084700000| Untracked 
|  72|0x0000000084800000, 0x0000000084800000, 0x0000000084900000|  0%| F|  |TAMS 0x0000000084800000, 0x0000000084800000| Untracked 
|  73|0x0000000084900000, 0x0000000084900000, 0x0000000084a00000|  0%| F|  |TAMS 0x0000000084900000, 0x0000000084900000| Untracked 
|  74|0x0000000084a00000, 0x0000000084b00000, 0x0000000084b00000|100%| O|  |TAMS 0x0000000084b00000, 0x0000000084a00000| Untracked 
|  75|0x0000000084b00000, 0x0000000084c00000, 0x0000000084c00000|100%| O|  |TAMS 0x0000000084c00000, 0x0000000084b00000| Untracked 
|  76|0x0000000084c00000, 0x0000000084d00000, 0x0000000084d00000|100%| O|  |TAMS 0x0000000084d00000, 0x0000000084c00000| Untracked 
|  77|0x0000000084d00000, 0x0000000084e00000, 0x0000000084e00000|100%| O|  |TAMS 0x0000000084e00000, 0x0000000084d00000| Untracked 
|  78|0x0000000084e00000, 0x0000000084f00000, 0x0000000084f00000|100%| O|  |TAMS 0x0000000084f00000, 0x0000000084e00000| Untracked 
|  79|0x0000000084f00000, 0x0000000085000000, 0x0000000085000000|100%| O|  |TAMS 0x0000000085000000, 0x0000000084f00000| Untracked 
|  80|0x0000000085000000, 0x0000000085100000, 0x0000000085100000|100%| O|  |TAMS 0x0000000085100000, 0x0000000085000000| Untracked 
|  81|0x0000000085100000, 0x0000000085200000, 0x0000000085200000|100%| O|  |TAMS 0x0000000085200000, 0x0000000085100000| Untracked 
|  82|0x0000000085200000, 0x0000000085300000, 0x0000000085300000|100%| O|  |TAMS 0x0000000085200000, 0x0000000085200000| Untracked 
|  83|0x0000000085300000, 0x0000000085400000, 0x0000000085400000|100%| O|  |TAMS 0x0000000085400000, 0x0000000085300000| Untracked 
|  84|0x0000000085400000, 0x0000000085500000, 0x0000000085500000|100%| O|  |TAMS 0x0000000085500000, 0x0000000085400000| Untracked 
|  85|0x0000000085500000, 0x0000000085600000, 0x0000000085600000|100%| O|  |TAMS 0x0000000085600000, 0x0000000085500000| Untracked 
|  86|0x0000000085600000, 0x0000000085700000, 0x0000000085700000|100%| O|  |TAMS 0x0000000085700000, 0x0000000085600000| Untracked 
|  87|0x0000000085700000, 0x0000000085800000, 0x0000000085800000|100%| O|  |TAMS 0x0000000085800000, 0x0000000085700000| Untracked 
|  88|0x0000000085800000, 0x0000000085900000, 0x0000000085900000|100%| O|  |TAMS 0x0000000085800000, 0x0000000085800000| Untracked 
|  89|0x0000000085900000, 0x0000000085a00000, 0x0000000085a00000|100%| O|  |TAMS 0x0000000085900000, 0x0000000085900000| Untracked 
|  90|0x0000000085a00000, 0x0000000085b00000, 0x0000000085b00000|100%| O|  |TAMS 0x0000000085b00000, 0x0000000085a00000| Untracked 
|  91|0x0000000085b00000, 0x0000000085c00000, 0x0000000085c00000|100%| O|  |TAMS 0x0000000085c00000, 0x0000000085b00000| Untracked 
|  92|0x0000000085c00000, 0x0000000085d00000, 0x0000000085d00000|100%| O|  |TAMS 0x0000000085d00000, 0x0000000085c00000| Untracked 
|  93|0x0000000085d00000, 0x0000000085e00000, 0x0000000085e00000|100%| O|  |TAMS 0x0000000085e00000, 0x0000000085d00000| Untracked 
|  94|0x0000000085e00000, 0x0000000085f00000, 0x0000000085f00000|100%| O|  |TAMS 0x0000000085f00000, 0x0000000085e00000| Untracked 
|  95|0x0000000085f00000, 0x0000000086000000, 0x0000000086000000|100%| O|  |TAMS 0x0000000086000000, 0x0000000085f00000| Untracked 
|  96|0x0000000086000000, 0x0000000086100000, 0x0000000086100000|100%| O|  |TAMS 0x0000000086100000, 0x0000000086000000| Untracked 
|  97|0x0000000086100000, 0x0000000086200000, 0x0000000086200000|100%| O|  |TAMS 0x0000000086164e00, 0x0000000086100000| Untracked 
|  98|0x0000000086200000, 0x0000000086300000, 0x0000000086300000|100%| O|  |TAMS 0x0000000086200000, 0x0000000086200000| Untracked 
|  99|0x0000000086300000, 0x0000000086400000, 0x0000000086400000|100%| O|  |TAMS 0x0000000086400000, 0x0000000086300000| Untracked 
| 100|0x0000000086400000, 0x0000000086500000, 0x0000000086500000|100%| O|  |TAMS 0x0000000086400000, 0x0000000086400000| Untracked 
| 101|0x0000000086500000, 0x0000000086600000, 0x0000000086600000|100%| O|  |TAMS 0x0000000086600000, 0x0000000086500000| Untracked 
| 102|0x0000000086600000, 0x0000000086700000, 0x0000000086700000|100%| O|  |TAMS 0x0000000086600000, 0x0000000086600000| Untracked 
| 103|0x0000000086700000, 0x0000000086800000, 0x0000000086800000|100%| O|  |TAMS 0x0000000086700000, 0x0000000086700000| Untracked 
| 104|0x0000000086800000, 0x0000000086900000, 0x0000000086900000|100%| O|  |TAMS 0x0000000086900000, 0x0000000086800000| Untracked 
| 105|0x0000000086900000, 0x0000000086a00000, 0x0000000086a00000|100%| O|  |TAMS 0x0000000086900000, 0x0000000086900000| Untracked 
| 106|0x0000000086a00000, 0x0000000086b00000, 0x0000000086b00000|100%| O|  |TAMS 0x0000000086a00000, 0x0000000086a00000| Untracked 
| 107|0x0000000086b00000, 0x0000000086bec600, 0x0000000086c00000| 92%| O|  |TAMS 0x0000000086b00000, 0x0000000086b00000| Untracked 
| 108|0x0000000086c00000, 0x0000000086d00000, 0x0000000086d00000|100%| O|  |TAMS 0x0000000086d00000, 0x0000000086c00000| Untracked 
| 109|0x0000000086d00000, 0x0000000086d00000, 0x0000000086e00000|  0%| F|  |TAMS 0x0000000086d00000, 0x0000000086d00000| Untracked 
| 110|0x0000000086e00000, 0x0000000086f00000, 0x0000000086f00000|100%| O|  |TAMS 0x0000000086f00000, 0x0000000086e00000| Untracked 
| 111|0x0000000086f00000, 0x0000000087000000, 0x0000000087000000|100%| O|  |TAMS 0x0000000087000000, 0x0000000086f00000| Untracked 
| 112|0x0000000087000000, 0x0000000087100000, 0x0000000087100000|100%| O|  |TAMS 0x0000000087100000, 0x0000000087000000| Untracked 
| 113|0x0000000087100000, 0x0000000087200000, 0x0000000087200000|100%| O|  |TAMS 0x0000000087200000, 0x0000000087100000| Untracked 
| 114|0x0000000087200000, 0x0000000087200000, 0x0000000087300000|  0%| F|  |TAMS 0x0000000087200000, 0x0000000087200000| Untracked 
| 115|0x0000000087300000, 0x0000000087300000, 0x0000000087400000|  0%| F|  |TAMS 0x0000000087300000, 0x0000000087300000| Untracked 
| 116|0x0000000087400000, 0x0000000087400000, 0x0000000087500000|  0%| F|  |TAMS 0x0000000087400000, 0x0000000087400000| Untracked 
| 117|0x0000000087500000, 0x0000000087600000, 0x0000000087600000|100%| O|  |TAMS 0x0000000087600000, 0x0000000087500000| Untracked 
| 118|0x0000000087600000, 0x0000000087700000, 0x0000000087700000|100%| O|  |TAMS 0x0000000087700000, 0x0000000087600000| Untracked 
| 119|0x0000000087700000, 0x0000000087700000, 0x0000000087800000|  0%| F|  |TAMS 0x0000000087700000, 0x0000000087700000| Untracked 
| 120|0x0000000087800000, 0x0000000087800000, 0x0000000087900000|  0%| F|  |TAMS 0x0000000087800000, 0x0000000087800000| Untracked 
| 121|0x0000000087900000, 0x0000000087900000, 0x0000000087a00000|  0%| F|  |TAMS 0x0000000087900000, 0x0000000087900000| Untracked 
| 122|0x0000000087a00000, 0x0000000087a00000, 0x0000000087b00000|  0%| F|  |TAMS 0x0000000087a00000, 0x0000000087a00000| Untracked 
| 123|0x0000000087b00000, 0x0000000087b00000, 0x0000000087c00000|  0%| F|  |TAMS 0x0000000087b00000, 0x0000000087b00000| Untracked 
| 124|0x0000000087c00000, 0x0000000087c00000, 0x0000000087d00000|  0%| F|  |TAMS 0x0000000087c00000, 0x0000000087c00000| Untracked 
| 125|0x0000000087d00000, 0x0000000087d00000, 0x0000000087e00000|  0%| F|  |TAMS 0x0000000087d00000, 0x0000000087d00000| Untracked 
| 126|0x0000000087e00000, 0x0000000087e00000, 0x0000000087f00000|  0%| F|  |TAMS 0x0000000087e00000, 0x0000000087e00000| Untracked 
| 127|0x0000000087f00000, 0x0000000087f00000, 0x0000000088000000|  0%| F|  |TAMS 0x0000000087f00000, 0x0000000087f00000| Untracked 
| 128|0x0000000088000000, 0x0000000088000000, 0x0000000088100000|  0%| F|  |TAMS 0x0000000088000000, 0x0000000088000000| Untracked 
| 129|0x0000000088100000, 0x0000000088100000, 0x0000000088200000|  0%| F|  |TAMS 0x0000000088100000, 0x0000000088100000| Untracked 
| 130|0x0000000088200000, 0x0000000088200000, 0x0000000088300000|  0%| F|  |TAMS 0x0000000088200000, 0x0000000088200000| Untracked 
| 131|0x0000000088300000, 0x0000000088300000, 0x0000000088400000|  0%| F|  |TAMS 0x0000000088300000, 0x0000000088300000| Untracked 
| 132|0x0000000088400000, 0x0000000088400000, 0x0000000088500000|  0%| F|  |TAMS 0x0000000088400000, 0x0000000088400000| Untracked 
| 133|0x0000000088500000, 0x0000000088500000, 0x0000000088600000|  0%| F|  |TAMS 0x0000000088500000, 0x0000000088500000| Untracked 
| 134|0x0000000088600000, 0x0000000088600000, 0x0000000088700000|  0%| F|  |TAMS 0x0000000088600000, 0x0000000088600000| Untracked 
| 135|0x0000000088700000, 0x0000000088700000, 0x0000000088800000|  0%| F|  |TAMS 0x0000000088700000, 0x0000000088700000| Untracked 
| 136|0x0000000088800000, 0x0000000088800000, 0x0000000088900000|  0%| F|  |TAMS 0x0000000088800000, 0x0000000088800000| Untracked 
| 137|0x0000000088900000, 0x0000000088900000, 0x0000000088a00000|  0%| F|  |TAMS 0x0000000088900000, 0x0000000088900000| Untracked 
| 138|0x0000000088a00000, 0x0000000088a00000, 0x0000000088b00000|  0%| F|  |TAMS 0x0000000088a00000, 0x0000000088a00000| Untracked 
| 139|0x0000000088b00000, 0x0000000088b00000, 0x0000000088c00000|  0%| F|  |TAMS 0x0000000088b00000, 0x0000000088b00000| Untracked 
| 140|0x0000000088c00000, 0x0000000088c00000, 0x0000000088d00000|  0%| F|  |TAMS 0x0000000088c00000, 0x0000000088c00000| Untracked 
| 141|0x0000000088d00000, 0x0000000088d00000, 0x0000000088e00000|  0%| F|  |TAMS 0x0000000088d00000, 0x0000000088d00000| Untracked 
| 142|0x0000000088e00000, 0x0000000088e00000, 0x0000000088f00000|  0%| F|  |TAMS 0x0000000088e00000, 0x0000000088e00000| Untracked 
| 143|0x0000000088f00000, 0x0000000088f00000, 0x0000000089000000|  0%| F|  |TAMS 0x0000000088f00000, 0x0000000088f00000| Untracked 
| 144|0x0000000089000000, 0x0000000089000000, 0x0000000089100000|  0%| F|  |TAMS 0x0000000089000000, 0x0000000089000000| Untracked 
| 145|0x0000000089100000, 0x0000000089100000, 0x0000000089200000|  0%| F|  |TAMS 0x0000000089100000, 0x0000000089100000| Untracked 
| 146|0x0000000089200000, 0x0000000089200000, 0x0000000089300000|  0%| F|  |TAMS 0x0000000089200000, 0x0000000089200000| Untracked 
| 147|0x0000000089300000, 0x0000000089300000, 0x0000000089400000|  0%| F|  |TAMS 0x0000000089300000, 0x0000000089300000| Untracked 
| 148|0x0000000089400000, 0x0000000089400000, 0x0000000089500000|  0%| F|  |TAMS 0x0000000089400000, 0x0000000089400000| Untracked 
| 149|0x0000000089500000, 0x0000000089500000, 0x0000000089600000|  0%| F|  |TAMS 0x0000000089500000, 0x0000000089500000| Untracked 
| 150|0x0000000089600000, 0x0000000089600000, 0x0000000089700000|  0%| F|  |TAMS 0x0000000089600000, 0x0000000089600000| Untracked 
| 151|0x0000000089700000, 0x0000000089700000, 0x0000000089800000|  0%| F|  |TAMS 0x0000000089700000, 0x0000000089700000| Untracked 
| 152|0x0000000089800000, 0x0000000089800000, 0x0000000089900000|  0%| F|  |TAMS 0x0000000089800000, 0x0000000089800000| Untracked 
| 153|0x0000000089900000, 0x0000000089900000, 0x0000000089a00000|  0%| F|  |TAMS 0x0000000089900000, 0x0000000089900000| Untracked 
| 154|0x0000000089a00000, 0x0000000089a00000, 0x0000000089b00000|  0%| F|  |TAMS 0x0000000089a00000, 0x0000000089a00000| Untracked 
| 155|0x0000000089b00000, 0x0000000089b00000, 0x0000000089c00000|  0%| F|  |TAMS 0x0000000089b00000, 0x0000000089b00000| Untracked 
| 156|0x0000000089c00000, 0x0000000089c00000, 0x0000000089d00000|  0%| F|  |TAMS 0x0000000089c00000, 0x0000000089c00000| Untracked 
| 157|0x0000000089d00000, 0x0000000089d00000, 0x0000000089e00000|  0%| F|  |TAMS 0x0000000089d00000, 0x0000000089d00000| Untracked 
| 158|0x0000000089e00000, 0x0000000089e00000, 0x0000000089f00000|  0%| F|  |TAMS 0x0000000089e00000, 0x0000000089e00000| Untracked 
| 159|0x0000000089f00000, 0x0000000089f00000, 0x000000008a000000|  0%| F|  |TAMS 0x0000000089f00000, 0x0000000089f00000| Untracked 
| 160|0x000000008a000000, 0x000000008a000000, 0x000000008a100000|  0%| F|  |TAMS 0x000000008a000000, 0x000000008a000000| Untracked 
| 161|0x000000008a100000, 0x000000008a100000, 0x000000008a200000|  0%| F|  |TAMS 0x000000008a100000, 0x000000008a100000| Untracked 
| 162|0x000000008a200000, 0x000000008a200000, 0x000000008a300000|  0%| F|  |TAMS 0x000000008a200000, 0x000000008a200000| Untracked 
| 163|0x000000008a300000, 0x000000008a3d7460, 0x000000008a400000| 84%| S|CS|TAMS 0x000000008a300000, 0x000000008a300000| Complete 
| 164|0x000000008a400000, 0x000000008a400000, 0x000000008a500000|  0%| F|  |TAMS 0x000000008a400000, 0x000000008a400000| Untracked 
| 165|0x000000008a500000, 0x000000008a53bc48, 0x000000008a600000| 23%| E|  |TAMS 0x000000008a500000, 0x000000008a500000| Complete 
| 166|0x000000008a600000, 0x000000008a700000, 0x000000008a700000|100%| E|CS|TAMS 0x000000008a600000, 0x000000008a600000| Complete 
| 167|0x000000008a700000, 0x000000008a800000, 0x000000008a800000|100%| E|CS|TAMS 0x000000008a700000, 0x000000008a700000| Complete 

Card table byte_map: [0x000001cdc38b0000,0x000001cdc3cb0000] _byte_map_base: 0x000001cdc34b0000

Marking Bits (Prev, Next): (CMBitMap*) 0x000001cdb06a2828, (CMBitMap*) 0x000001cdb06a2860
 Prev Bits: [0x000001cdc40b0000, 0x000001cdc60b0000)
 Next Bits: [0x000001cdc60b0000, 0x000001cdc80b0000)

Polling page: 0x000001cdae5b0000

Metaspace:

Usage:
  Non-class:    123.71 MB capacity,   120.73 MB ( 98%) used,     2.40 MB (  2%) free+waste,   595.75 KB ( <1%) overhead. 
      Class:     18.92 MB capacity,    17.12 MB ( 90%) used,     1.55 MB (  8%) free+waste,   263.69 KB (  1%) overhead. 
       Both:    142.63 MB capacity,   137.85 MB ( 97%) used,     3.94 MB (  3%) free+waste,   859.44 KB ( <1%) overhead. 

Virtual space:
  Non-class space:      126.00 MB reserved,     124.08 MB ( 98%) committed 
      Class space:        1.00 GB reserved,      19.00 MB (  2%) committed 
             Both:        1.12 GB reserved,     143.08 MB ( 12%) committed 

Chunk freelists:
   Non-Class:  316.00 KB
       Class:  14.00 KB
        Both:  330.00 KB

MaxMetaspaceSize: 17179869184.00 GB
CompressedClassSpaceSize: 1.00 GB
Initial GC threshold: 20.80 MB
Current GC threshold: 238.46 MB
CDS: off

CodeHeap 'non-profiled nmethods': size=120000Kb used=17059Kb max_used=17059Kb free=102940Kb
 bounds [0x000001cdbbc50000, 0x000001cdbcd00000, 0x000001cdc3180000]
CodeHeap 'profiled nmethods': size=120000Kb used=54945Kb max_used=55266Kb free=65054Kb
 bounds [0x000001cdb4720000, 0x000001cdb7d50000, 0x000001cdbbc50000]
CodeHeap 'non-nmethods': size=5760Kb used=2495Kb max_used=2541Kb free=3264Kb
 bounds [0x000001cdb4180000, 0x000001cdb4410000, 0x000001cdb4720000]
 total_blobs=26537 nmethods=25498 adapters=948
 compilation: enabled
              stopped_count=0, restarted_count=0
 full_count=0

Compilation events (20 events):
Event: 7773.898 Thread 0x000001cdcab0e800 29481       3       org.gradle.internal.execution.steps.SkipUpToDateStep::lambda$execute$1 (13 bytes)
Event: 7773.899 Thread 0x000001cdcab0e800 nmethod 29481 0x000001cdb53aeb90 code [0x000001cdb53aed60, 0x000001cdb53aef78]
Event: 7773.899 Thread 0x000001cdcab0e800 29480       3       org.gradle.internal.execution.steps.SkipUpToDateStep$$Lambda$931/0x0000000100b71440::apply (20 bytes)
Event: 7773.899 Thread 0x000001cdcab0e800 nmethod 29480 0x000001cdb5129910 code [0x000001cdb5129b00, 0x000001cdb5129e78]
Event: 7773.901 Thread 0x000001cdcab0e800 29482       3       org.gradle.internal.serialize.DefaultSerializerRegistry$HierarchySerializerMatcher::matches (6 bytes)
Event: 7773.901 Thread 0x000001cdcab0e800 nmethod 29482 0x000001cdb59a9910 code [0x000001cdb59a9ac0, 0x000001cdb59a9c08]
Event: 7773.905 Thread 0x000001cdcab0e800 29483       3       org.gradle.internal.logging.serializer.ProgressCompleteEventSerializer::write (10 bytes)
Event: 7773.905 Thread 0x000001cdcab0e800 nmethod 29483 0x000001cdb59a9410 code [0x000001cdb59a95e0, 0x000001cdb59a9808]
Event: 7773.932 Thread 0x000001cdcab0e800 29485       3       org.gradle.internal.snapshot.impl.FileValueSnapshot::hashCode (5 bytes)
Event: 7773.932 Thread 0x000001cdcab0e800 nmethod 29485 0x000001cdb59a8f10 code [0x000001cdb59a90e0, 0x000001cdb59a9308]
Event: 7773.934 Thread 0x000001cdcab0e800 29486       3       org.gradle.internal.snapshot.impl.IsolatedSet::isolate (60 bytes)
Event: 7773.936 Thread 0x000001cdcab0e800 nmethod 29486 0x000001cdb6488110 code [0x000001cdb64883c0, 0x000001cdb6489028]
Event: 7773.953 Thread 0x000001cdcab0e800 29488       1       org.gradle.api.internal.provider.ValueSupplier$Missing::getPathToOrigin (5 bytes)
Event: 7773.953 Thread 0x000001cdcab0e800 nmethod 29488 0x000001cdbccf8a10 code [0x000001cdbccf8bc0, 0x000001cdbccf8c78]
Event: 7774.001 Thread 0x000001cdcab0e800 29489       3       org.gradle.internal.resources.AbstractResourceLockRegistry::mayAttemptToChangeLocks (25 bytes)
Event: 7774.001 Thread 0x000001cdcab0e800 nmethod 29489 0x000001cdb59a8890 code [0x000001cdb59a8a60, 0x000001cdb59a8c68]
Event: 7774.060 Thread 0x000001cdcab0e800 29491       3       com.android.build.gradle.internal.tasks.DexMergingTask_Decorated::toString (33 bytes)
Event: 7774.061 Thread 0x000001cdcab0e800 nmethod 29491 0x000001cdb6454e10 code [0x000001cdb6455020, 0x000001cdb64555d8]
Event: 7774.061 Thread 0x000001cdcab0e800 29492       3       com.google.common.collect.RegularImmutableBiMap::<init> (32 bytes)
Event: 7774.062 Thread 0x000001cdcab0e800 nmethod 29492 0x000001cdb6454790 code [0x000001cdb6454960, 0x000001cdb6454cf8]

GC Heap History (20 events):
Event: 7729.668 GC heap before
{Heap before GC invocations=197 (full 0):
 garbage-first heap   total 172032K, used 113950K [0x0000000080000000, 0x0000000100000000)
  region size 1024K, 8 young (8192K), 3 survivors (3072K)
 Metaspace       used 132128K, capacity 136685K, committed 138064K, reserved 1169408K
  class space    used 16462K, capacity 18149K, committed 18432K, reserved 1048576K
}
Event: 7729.685 GC heap after
{Heap after GC invocations=198 (full 0):
 garbage-first heap   total 172032K, used 102462K [0x0000000080000000, 0x0000000100000000)
  region size 1024K, 1 young (1024K), 1 survivors (1024K)
 Metaspace       used 132128K, capacity 136685K, committed 138064K, reserved 1169408K
  class space    used 16462K, capacity 18149K, committed 18432K, reserved 1048576K
}
Event: 7730.175 GC heap before
{Heap before GC invocations=198 (full 0):
 garbage-first heap   total 172032K, used 131134K [0x0000000080000000, 0x0000000100000000)
  region size 1024K, 30 young (30720K), 1 survivors (1024K)
 Metaspace       used 132533K, capacity 137127K, committed 138576K, reserved 1169408K
  class space    used 16478K, capacity 18165K, committed 18432K, reserved 1048576K
}
Event: 7730.183 GC heap after
{Heap after GC invocations=199 (full 0):
 garbage-first heap   total 172032K, used 104155K [0x0000000080000000, 0x0000000100000000)
  region size 1024K, 3 young (3072K), 3 survivors (3072K)
 Metaspace       used 132533K, capacity 137127K, committed 138576K, reserved 1169408K
  class space    used 16478K, capacity 18165K, committed 18432K, reserved 1048576K
}
Event: 7752.523 GC heap before
{Heap before GC invocations=200 (full 0):
 garbage-first heap   total 172032K, used 132827K [0x0000000080000000, 0x0000000100000000)
  region size 1024K, 32 young (32768K), 3 survivors (3072K)
 Metaspace       used 133060K, capacity 137700K, committed 138832K, reserved 1169408K
  class space    used 16529K, capacity 18247K, committed 18432K, reserved 1048576K
}
Event: 7752.585 GC heap after
{Heap after GC invocations=201 (full 0):
 garbage-first heap   total 172032K, used 105603K [0x0000000080000000, 0x0000000100000000)
  region size 1024K, 2 young (2048K), 2 survivors (2048K)
 Metaspace       used 133060K, capacity 137700K, committed 138832K, reserved 1169408K
  class space    used 16529K, capacity 18247K, committed 18432K, reserved 1048576K
}
Event: 7753.179 GC heap before
{Heap before GC invocations=201 (full 0):
 garbage-first heap   total 172032K, used 111747K [0x0000000080000000, 0x0000000100000000)
  region size 1024K, 8 young (8192K), 2 survivors (2048K)
 Metaspace       used 133087K, capacity 137774K, committed 138832K, reserved 1169408K
  class space    used 16531K, capacity 18250K, committed 18432K, reserved 1048576K
}
Event: 7753.205 GC heap after
{Heap after GC invocations=202 (full 0):
 garbage-first heap   total 172032K, used 105797K [0x0000000080000000, 0x0000000100000000)
  region size 1024K, 1 young (1024K), 1 survivors (1024K)
 Metaspace       used 133087K, capacity 137774K, committed 138832K, reserved 1169408K
  class space    used 16531K, capacity 18250K, committed 18432K, reserved 1048576K
}
Event: 7755.243 GC heap before
{Heap before GC invocations=202 (full 0):
 garbage-first heap   total 172032K, used 131397K [0x0000000080000000, 0x0000000100000000)
  region size 1024K, 28 young (28672K), 1 survivors (1024K)
 Metaspace       used 138959K, capacity 143808K, committed 144720K, reserved 1175552K
  class space    used 17277K, capacity 19069K, committed 19200K, reserved 1048576K
}
Event: 7755.264 GC heap after
{Heap after GC invocations=203 (full 0):
 garbage-first heap   total 172032K, used 107094K [0x0000000080000000, 0x0000000100000000)
  region size 1024K, 3 young (3072K), 3 survivors (3072K)
 Metaspace       used 138959K, capacity 143808K, committed 144720K, reserved 1175552K
  class space    used 17277K, capacity 19069K, committed 19200K, reserved 1048576K
}
Event: 7758.081 GC heap before
{Heap before GC invocations=204 (full 0):
 garbage-first heap   total 172032K, used 137814K [0x0000000080000000, 0x0000000100000000)
  region size 1024K, 32 young (32768K), 3 survivors (3072K)
 Metaspace       used 140831K, capacity 145763K, committed 146384K, reserved 1177600K
  class space    used 17488K, capacity 19312K, committed 19328K, reserved 1048576K
}
Event: 7758.090 GC heap after
{Heap after GC invocations=205 (full 0):
 garbage-first heap   total 172032K, used 109805K [0x0000000080000000, 0x0000000100000000)
  region size 1024K, 2 young (2048K), 2 survivors (2048K)
 Metaspace       used 140831K, capacity 145763K, committed 146384K, reserved 1177600K
  class space    used 17488K, capacity 19312K, committed 19328K, reserved 1048576K
}
Event: 7758.496 GC heap before
{Heap before GC invocations=205 (full 0):
 garbage-first heap   total 172032K, used 115949K [0x0000000080000000, 0x0000000100000000)
  region size 1024K, 8 young (8192K), 2 survivors (2048K)
 Metaspace       used 141037K, capacity 145941K, committed 146512K, reserved 1177600K
  class space    used 17522K, capacity 19332K, committed 19456K, reserved 1048576K
}
Event: 7758.515 GC heap after
{Heap after GC invocations=206 (full 0):
 garbage-first heap   total 172032K, used 106369K [0x0000000080000000, 0x0000000100000000)
  region size 1024K, 1 young (1024K), 1 survivors (1024K)
 Metaspace       used 141037K, capacity 145941K, committed 146512K, reserved 1177600K
  class space    used 17522K, capacity 19332K, committed 19456K, reserved 1048576K
}
Event: 7772.470 GC heap before
{Heap before GC invocations=206 (full 0):
 garbage-first heap   total 172032K, used 137089K [0x0000000080000000, 0x0000000100000000)
  region size 1024K, 32 young (32768K), 1 survivors (1024K)
 Metaspace       used 141114K, capacity 146037K, committed 146512K, reserved 1177600K
  class space    used 17529K, capacity 19375K, committed 19456K, reserved 1048576K
}
Event: 7772.552 GC heap after
{Heap after GC invocations=207 (full 0):
 garbage-first heap   total 172032K, used 109654K [0x0000000080000000, 0x0000000100000000)
  region size 1024K, 4 young (4096K), 4 survivors (4096K)
 Metaspace       used 141114K, capacity 146037K, committed 146512K, reserved 1177600K
  class space    used 17529K, capacity 19375K, committed 19456K, reserved 1048576K
}
Event: 7773.969 GC heap before
{Heap before GC invocations=208 (full 0):
 garbage-first heap   total 172032K, used 139350K [0x0000000080000000, 0x0000000100000000)
  region size 1024K, 34 young (34816K), 4 survivors (4096K)
 Metaspace       used 141149K, capacity 146048K, committed 146512K, reserved 1177600K
  class space    used 17530K, capacity 19377K, committed 19456K, reserved 1048576K
}
Event: 7773.996 GC heap after
{Heap after GC invocations=209 (full 0):
 garbage-first heap   total 172032K, used 113435K [0x0000000080000000, 0x0000000100000000)
  region size 1024K, 4 young (4096K), 4 survivors (4096K)
 Metaspace       used 141149K, capacity 146048K, committed 146512K, reserved 1177600K
  class space    used 17530K, capacity 19377K, committed 19456K, reserved 1048576K
}
Event: 7774.010 GC heap before
{Heap before GC invocations=209 (full 0):
 garbage-first heap   total 172032K, used 116507K [0x0000000080000000, 0x0000000100000000)
  region size 1024K, 8 young (8192K), 4 survivors (4096K)
 Metaspace       used 141150K, capacity 146048K, committed 146512K, reserved 1177600K
  class space    used 17530K, capacity 19377K, committed 19456K, reserved 1048576K
}
Event: 7774.051 GC heap after
{Heap after GC invocations=210 (full 0):
 garbage-first heap   total 172032K, used 110350K [0x0000000080000000, 0x0000000100000000)
  region size 1024K, 1 young (1024K), 1 survivors (1024K)
 Metaspace       used 141150K, capacity 146048K, committed 146512K, reserved 1177600K
  class space    used 17530K, capacity 19377K, committed 19456K, reserved 1048576K
}

Deoptimization events (20 events):
Event: 7771.321 Thread 0x000001cdcc8a9800 DEOPT PACKING pc=0x000001cdb47f152b sp=0x0000005d541f8fc0
Event: 7771.322 Thread 0x000001cdcc8a9800 DEOPT UNPACKING pc=0x000001cdb41ca95e sp=0x0000005d541f8458 mode 0
Event: 7771.347 Thread 0x000001cdcc8a9800 DEOPT PACKING pc=0x000001cdb47f152b sp=0x0000005d541f8fc0
Event: 7771.347 Thread 0x000001cdcc8a9800 DEOPT UNPACKING pc=0x000001cdb41ca95e sp=0x0000005d541f8458 mode 0
Event: 7772.844 Thread 0x000001cdcc8a9800 DEOPT PACKING pc=0x000001cdb67a4e1f sp=0x0000005d541f9060
Event: 7772.844 Thread 0x000001cdcc8a9800 DEOPT UNPACKING pc=0x000001cdb41ca95e sp=0x0000005d541f84f8 mode 0
Event: 7772.943 Thread 0x000001cdcc8a9800 DEOPT PACKING pc=0x000001cdb6004313 sp=0x0000005d541f9a20
Event: 7772.943 Thread 0x000001cdcc8a9800 DEOPT UNPACKING pc=0x000001cdb41ca95e sp=0x0000005d541f8eb8 mode 0
Event: 7773.003 Thread 0x000001cdcc8a9800 DEOPT PACKING pc=0x000001cdb65a9cb0 sp=0x0000005d541f8e70
Event: 7773.003 Thread 0x000001cdcc8a9800 DEOPT UNPACKING pc=0x000001cdb41ca95e sp=0x0000005d541f8390 mode 0
Event: 7773.031 Thread 0x000001cdcc8a9800 DEOPT PACKING pc=0x000001cdb65a9cb0 sp=0x0000005d541f8e50
Event: 7773.032 Thread 0x000001cdcc8a9800 DEOPT UNPACKING pc=0x000001cdb41ca95e sp=0x0000005d541f8370 mode 0
Event: 7773.035 Thread 0x000001cdcc8a9800 DEOPT PACKING pc=0x000001cdb65a9cb0 sp=0x0000005d541f8db0
Event: 7773.035 Thread 0x000001cdcc8a9800 DEOPT UNPACKING pc=0x000001cdb41ca95e sp=0x0000005d541f82d0 mode 0
Event: 7773.704 Thread 0x000001cdcc113000 DEOPT PACKING pc=0x000001cdb695a7c4 sp=0x0000005d5b7fc460
Event: 7773.704 Thread 0x000001cdcc113000 DEOPT UNPACKING pc=0x000001cdb41ca95e sp=0x0000005d5b7fb9c8 mode 0
Event: 7773.891 Thread 0x000001cdcc113000 DEOPT PACKING pc=0x000001cdb508ec91 sp=0x0000005d5b7fcea0
Event: 7773.891 Thread 0x000001cdcc113000 DEOPT UNPACKING pc=0x000001cdb41ca95e sp=0x0000005d5b7fc3d8 mode 0
Event: 7774.062 Thread 0x000001cdcc11a800 DEOPT PACKING pc=0x000001cdb508ec91 sp=0x0000005d5b8fea30
Event: 7774.062 Thread 0x000001cdcc11a800 DEOPT UNPACKING pc=0x000001cdb41ca95e sp=0x0000005d5b8fdf68 mode 0

Classes redefined (0 events):
No events

Internal exceptions (20 events):
Event: 7758.594 Thread 0x000001cdcc8a5800 Exception <a 'java/lang/NoSuchMethodError'{0x000000008a6de258}: <clinit>> (0x000000008a6de258) thrown at [./src/hotspot/share/prims/jni.cpp, line 1366]
Event: 7758.597 Thread 0x000001cdcc8a5800 Exception <a 'java/lang/NoSuchMethodError'{0x000000008a6efeb0}: <clinit>> (0x000000008a6efeb0) thrown at [./src/hotspot/share/prims/jni.cpp, line 1366]
Event: 7758.597 Thread 0x000001cdcc8a5800 Exception <a 'java/lang/NoSuchMethodError'{0x000000008a6f1598}: <clinit>> (0x000000008a6f1598) thrown at [./src/hotspot/share/prims/jni.cpp, line 1366]
Event: 7758.601 Thread 0x000001cdcc8a5800 Exception <a 'java/lang/NoSuchMethodError'{0x000000008a507738}: <clinit>> (0x000000008a507738) thrown at [./src/hotspot/share/prims/jni.cpp, line 1366]
Event: 7758.602 Thread 0x000001cdcc8a5800 Exception <a 'java/lang/NoSuchMethodError'{0x000000008a514460}: <clinit>> (0x000000008a514460) thrown at [./src/hotspot/share/prims/jni.cpp, line 1366]
Event: 7772.183 Thread 0x000001cdcc8a9800 Exception <a 'sun/nio/fs/WindowsException'{0x0000000088d9e1f8}> (0x0000000088d9e1f8) thrown at [./src/hotspot/share/prims/jni.cpp, line 616]
Event: 7772.949 Thread 0x000001cdcc8a9800 Exception <a 'sun/nio/fs/WindowsException'{0x000000008a3088f8}> (0x000000008a3088f8) thrown at [./src/hotspot/share/prims/jni.cpp, line 616]
Event: 7773.025 Thread 0x000001cdcc8a9800 Exception <a 'sun/nio/fs/WindowsException'{0x000000008a3a3750}> (0x000000008a3a3750) thrown at [./src/hotspot/share/prims/jni.cpp, line 616]
Event: 7773.027 Thread 0x000001cdcc8a9800 Exception <a 'sun/nio/fs/WindowsException'{0x000000008a3a4ac8}> (0x000000008a3a4ac8) thrown at [./src/hotspot/share/prims/jni.cpp, line 616]
Event: 7773.027 Thread 0x000001cdcc8a9800 Exception <a 'sun/nio/fs/WindowsException'{0x000000008a3a5e90}> (0x000000008a3a5e90) thrown at [./src/hotspot/share/prims/jni.cpp, line 616]
Event: 7773.027 Thread 0x000001cdcc8a9800 Exception <a 'sun/nio/fs/WindowsException'{0x000000008a3a7258}> (0x000000008a3a7258) thrown at [./src/hotspot/share/prims/jni.cpp, line 616]
Event: 7773.928 Thread 0x000001cdcc113000 Exception <a 'sun/nio/fs/WindowsException'{0x0000000088b8c748}> (0x0000000088b8c748) thrown at [./src/hotspot/share/prims/jni.cpp, line 616]
Event: 7773.929 Thread 0x000001cdcc113000 Exception <a 'sun/nio/fs/WindowsException'{0x0000000088b8d8b8}> (0x0000000088b8d8b8) thrown at [./src/hotspot/share/prims/jni.cpp, line 616]
Event: 7773.929 Thread 0x000001cdcc113000 Exception <a 'sun/nio/fs/WindowsException'{0x0000000088b8dc58}> (0x0000000088b8dc58) thrown at [./src/hotspot/share/prims/jni.cpp, line 616]
Event: 7773.929 Thread 0x000001cdcc113000 Exception <a 'sun/nio/fs/WindowsException'{0x0000000088b8eb08}> (0x0000000088b8eb08) thrown at [./src/hotspot/share/prims/jni.cpp, line 616]
Event: 7773.929 Thread 0x000001cdcc113000 Exception <a 'sun/nio/fs/WindowsException'{0x0000000088b8ee60}> (0x0000000088b8ee60) thrown at [./src/hotspot/share/prims/jni.cpp, line 616]
Event: 7773.930 Thread 0x000001cdcc113000 Exception <a 'sun/nio/fs/WindowsException'{0x0000000088b8fd28}> (0x0000000088b8fd28) thrown at [./src/hotspot/share/prims/jni.cpp, line 616]
Event: 7773.930 Thread 0x000001cdcc113000 Exception <a 'sun/nio/fs/WindowsException'{0x0000000088b90020}> (0x0000000088b90020) thrown at [./src/hotspot/share/prims/jni.cpp, line 616]
Event: 7773.930 Thread 0x000001cdcc113000 Exception <a 'sun/nio/fs/WindowsException'{0x0000000088b91190}> (0x0000000088b91190) thrown at [./src/hotspot/share/prims/jni.cpp, line 616]
Event: 7773.930 Thread 0x000001cdcc113000 Exception <a 'sun/nio/fs/WindowsException'{0x0000000088b91498}> (0x0000000088b91498) thrown at [./src/hotspot/share/prims/jni.cpp, line 616]

Events (20 events):
Event: 7773.942 Executing VM operation: RevokeBias done
Event: 7773.942 Executing VM operation: RevokeBias
Event: 7773.943 Executing VM operation: RevokeBias done
Event: 7773.943 Executing VM operation: RevokeBias
Event: 7773.944 Executing VM operation: RevokeBias done
Event: 7773.944 Executing VM operation: RevokeBias
Event: 7773.944 Executing VM operation: RevokeBias done
Event: 7773.945 Executing VM operation: RevokeBias
Event: 7773.945 Executing VM operation: RevokeBias done
Event: 7773.945 Executing VM operation: RevokeBias
Event: 7773.946 Executing VM operation: RevokeBias done
Event: 7773.946 Executing VM operation: RevokeBias
Event: 7773.947 Executing VM operation: RevokeBias done
Event: 7773.956 Executing VM operation: RevokeBias
Event: 7773.956 Executing VM operation: RevokeBias done
Event: 7773.968 Executing VM operation: G1CollectForAllocation
Event: 7773.996 Executing VM operation: G1CollectForAllocation done
Event: 7774.002 Thread 0x000001cdcc510000 Thread added: 0x000001cdcc510000
Event: 7774.009 Executing VM operation: G1CollectForAllocation
Event: 7774.051 Executing VM operation: G1CollectForAllocation done


Dynamic libraries:
0x00007ff7ddc70000 - 0x00007ff7ddc7a000 	C:\Users\User\AppData\Local\JetBrains\Toolbox\apps\AndroidStudio\ch-0\213.7172.25.2113.9123335\jre\bin\java.exe
0x00007fff01100000 - 0x00007fff01309000 	C:\WINDOWS\SYSTEM32\ntdll.dll
0x00007ffeff120000 - 0x00007ffeff1de000 	C:\WINDOWS\System32\KERNEL32.DLL
0x00007ffefe920000 - 0x00007ffefec9b000 	C:\WINDOWS\System32\KERNELBASE.dll
0x00007ffefe690000 - 0x00007ffefe7a1000 	C:\WINDOWS\System32\ucrtbase.dll
0x00007ffef54a0000 - 0x00007ffef54b7000 	C:\Users\User\AppData\Local\JetBrains\Toolbox\apps\AndroidStudio\ch-0\213.7172.25.2113.9123335\jre\bin\VCRUNTIME140.dll
0x00007ffef0290000 - 0x00007ffef02a9000 	C:\Users\User\AppData\Local\JetBrains\Toolbox\apps\AndroidStudio\ch-0\213.7172.25.2113.9123335\jre\bin\jli.dll
0x00007ffeff540000 - 0x00007ffeff6ed000 	C:\WINDOWS\System32\USER32.dll
0x00007ffefef50000 - 0x00007ffefef76000 	C:\WINDOWS\System32\win32u.dll
0x00007ffeeee00000 - 0x00007ffeef0a5000 	C:\WINDOWS\WinSxS\amd64_microsoft.windows.common-controls_6595b64144ccf1df_6.0.22000.120_none_9d947278b86cc467\COMCTL32.dll
0x00007ffefef80000 - 0x00007ffefefa9000 	C:\WINDOWS\System32\GDI32.dll
0x00007ffefefb0000 - 0x00007ffeff053000 	C:\WINDOWS\System32\msvcrt.dll
0x00007ffefed10000 - 0x00007ffefee28000 	C:\WINDOWS\System32\gdi32full.dll
0x00007ffefee30000 - 0x00007ffefeecd000 	C:\WINDOWS\System32\msvcp_win.dll
0x00007fff002b0000 - 0x00007fff002e2000 	C:\WINDOWS\System32\IMM32.DLL
0x00007ffedd910000 - 0x00007ffedd9ad000 	C:\Users\User\AppData\Local\JetBrains\Toolbox\apps\AndroidStudio\ch-0\213.7172.25.2113.9123335\jre\bin\msvcp140.dll
0x00007ffecb040000 - 0x00007ffecbb42000 	C:\Users\User\AppData\Local\JetBrains\Toolbox\apps\AndroidStudio\ch-0\213.7172.25.2113.9123335\jre\bin\server\jvm.dll
0x00007fff00f50000 - 0x00007fff00ffe000 	C:\WINDOWS\System32\ADVAPI32.dll
0x00007ffeffe90000 - 0x00007ffefff2e000 	C:\WINDOWS\System32\sechost.dll
0x00007ffeffb60000 - 0x00007ffeffc80000 	C:\WINDOWS\System32\RPCRT4.dll
0x00007ffeffe80000 - 0x00007ffeffe88000 	C:\WINDOWS\System32\PSAPI.DLL
0x00007ffee7f60000 - 0x00007ffee7f69000 	C:\WINDOWS\SYSTEM32\WSOCK32.dll
0x00007ffef5080000 - 0x00007ffef508a000 	C:\WINDOWS\SYSTEM32\VERSION.dll
0x00007fff00ee0000 - 0x00007fff00f4f000 	C:\WINDOWS\System32\WS2_32.dll
0x00007ffef6ea0000 - 0x00007ffef6ed3000 	C:\WINDOWS\SYSTEM32\WINMM.dll
0x00007ffefd650000 - 0x00007ffefd668000 	C:\WINDOWS\SYSTEM32\kernel.appcore.dll
0x00007ffefa190000 - 0x00007ffefa1a1000 	C:\Users\User\AppData\Local\JetBrains\Toolbox\apps\AndroidStudio\ch-0\213.7172.25.2113.9123335\jre\bin\verify.dll
0x00007ffeee310000 - 0x00007ffeee531000 	C:\WINDOWS\SYSTEM32\DBGHELP.DLL
0x00007ffef0100000 - 0x00007ffef0131000 	C:\WINDOWS\SYSTEM32\dbgcore.DLL
0x00007ffefeed0000 - 0x00007ffefef4f000 	C:\WINDOWS\System32\bcryptPrimitives.dll
0x00007ffeeec60000 - 0x00007ffeeec89000 	C:\Users\User\AppData\Local\JetBrains\Toolbox\apps\AndroidStudio\ch-0\213.7172.25.2113.9123335\jre\bin\java.dll
0x00007ffef5580000 - 0x00007ffef558b000 	C:\Users\User\AppData\Local\JetBrains\Toolbox\apps\AndroidStudio\ch-0\213.7172.25.2113.9123335\jre\bin\jimage.dll
0x00007ffef01c0000 - 0x00007ffef01d8000 	C:\Users\User\AppData\Local\JetBrains\Toolbox\apps\AndroidStudio\ch-0\213.7172.25.2113.9123335\jre\bin\zip.dll
0x00007fff00720000 - 0x00007fff00ed8000 	C:\WINDOWS\System32\SHELL32.dll
0x00007ffefc6c0000 - 0x00007ffefcf25000 	C:\WINDOWS\SYSTEM32\windows.storage.dll
0x00007ffefff30000 - 0x00007fff002a8000 	C:\WINDOWS\System32\combase.dll
0x00007ffefc550000 - 0x00007ffefc6b6000 	C:\WINDOWS\SYSTEM32\wintypes.dll
0x00007fff00630000 - 0x00007fff0071a000 	C:\WINDOWS\System32\SHCORE.dll
0x00007fff01000000 - 0x00007fff0105d000 	C:\WINDOWS\System32\shlwapi.dll
0x00007ffefe500000 - 0x00007ffefe521000 	C:\WINDOWS\SYSTEM32\profapi.dll
0x00007ffeef6a0000 - 0x00007ffeef6ba000 	C:\Users\User\AppData\Local\JetBrains\Toolbox\apps\AndroidStudio\ch-0\213.7172.25.2113.9123335\jre\bin\net.dll
0x00007ffef7c20000 - 0x00007ffef7d34000 	C:\WINDOWS\SYSTEM32\WINHTTP.dll
0x00007ffefdaf0000 - 0x00007ffefdb57000 	C:\WINDOWS\system32\mswsock.dll
0x00007ffeef640000 - 0x00007ffeef654000 	C:\Users\User\AppData\Local\JetBrains\Toolbox\apps\AndroidStudio\ch-0\213.7172.25.2113.9123335\jre\bin\nio.dll
0x00007ffeebed0000 - 0x00007ffeebef7000 	C:\Users\User\.gradle\native\e1d6ef7f7dcc3fd88c89a11ec53ec762bb8ba0a96d01ffa2cd45eb1d1d8dd5c5\windows-amd64\native-platform.dll
0x00007ffecdf40000 - 0x00007ffece084000 	C:\Users\User\.gradle\native\0d407fdbe67a94daf76414ababcb853783967236a71b16ec16e742cd7a986fd3\windows-amd64\native-platform-file-events.dll
0x00007ffef3630000 - 0x00007ffef363a000 	C:\Users\User\AppData\Local\JetBrains\Toolbox\apps\AndroidStudio\ch-0\213.7172.25.2113.9123335\jre\bin\management.dll
0x00007ffef14b0000 - 0x00007ffef14bd000 	C:\Users\User\AppData\Local\JetBrains\Toolbox\apps\AndroidStudio\ch-0\213.7172.25.2113.9123335\jre\bin\management_ext.dll
0x00007ffefdd30000 - 0x00007ffefdd48000 	C:\WINDOWS\SYSTEM32\CRYPTSP.dll
0x00007ffefd5b0000 - 0x00007ffefd5e5000 	C:\WINDOWS\system32\rsaenh.dll
0x00007ffefdbe0000 - 0x00007ffefdc09000 	C:\WINDOWS\SYSTEM32\USERENV.dll
0x00007ffefdf20000 - 0x00007ffefdf47000 	C:\WINDOWS\SYSTEM32\bcrypt.dll
0x00007ffefe040000 - 0x00007ffefe04c000 	C:\WINDOWS\SYSTEM32\CRYPTBASE.dll
0x00007ffefd180000 - 0x00007ffefd1ad000 	C:\WINDOWS\SYSTEM32\IPHLPAPI.DLL
0x00007ffeffce0000 - 0x00007ffeffce9000 	C:\WINDOWS\System32\NSI.dll
0x00007ffef7950000 - 0x00007ffef7969000 	C:\WINDOWS\SYSTEM32\dhcpcsvc6.DLL
0x00007ffef8240000 - 0x00007ffef825e000 	C:\WINDOWS\SYSTEM32\dhcpcsvc.DLL
0x00007ffefd1b0000 - 0x00007ffefd298000 	C:\WINDOWS\SYSTEM32\DNSAPI.dll
0x00007ffeeed00000 - 0x00007ffeeed1e000 	C:\Users\User\AppData\Local\Temp\native-platform10089998741170010982dir\native-platform.dll
0x00007ffeeed50000 - 0x00007ffeeed58000 	C:\Users\User\AppData\Local\JetBrains\Toolbox\apps\AndroidStudio\ch-0\213.7172.25.2113.9123335\jre\bin\rmi.dll
0x00007ffeeebe0000 - 0x00007ffeeec07000 	C:\Users\User\AppData\Local\JetBrains\Toolbox\apps\AndroidStudio\ch-0\213.7172.25.2113.9123335\jre\bin\sunec.dll
0x00007ffefd670000 - 0x00007ffefd6a4000 	C:\WINDOWS\SYSTEM32\ntmarta.dll

dbghelp: loaded successfully - version: 4.0.5 - missing functions: none
symbol engine: initialized successfully - sym options: 0x614 - pdb path: .;C:\Users\User\AppData\Local\JetBrains\Toolbox\apps\AndroidStudio\ch-0\213.7172.25.2113.9123335\jre\bin;C:\WINDOWS\SYSTEM32;C:\WINDOWS\WinSxS\amd64_microsoft.windows.common-controls_6595b64144ccf1df_6.0.22000.120_none_9d947278b86cc467;C:\Users\User\AppData\Local\JetBrains\Toolbox\apps\AndroidStudio\ch-0\213.7172.25.2113.9123335\jre\bin\server;C:\Users\User\.gradle\native\e1d6ef7f7dcc3fd88c89a11ec53ec762bb8ba0a96d01ffa2cd45eb1d1d8dd5c5\windows-amd64;C:\Users\User\.gradle\native\0d407fdbe67a94daf76414ababcb853783967236a71b16ec16e742cd7a986fd3\windows-amd64;C:\Users\User\AppData\Local\Temp\native-platform10089998741170010982dir

VM Arguments:
jvm_args: --add-opens=java.base/java.util=ALL-UNNAMED --add-opens=java.base/java.lang=ALL-UNNAMED --add-opens=java.base/java.lang.invoke=ALL-UNNAMED --add-opens=java.base/java.util=ALL-UNNAMED --add-opens=java.prefs/java.util.prefs=ALL-UNNAMED --add-opens=java.prefs/java.util.prefs=ALL-UNNAMED --add-opens=java.base/java.nio.charset=ALL-UNNAMED --add-opens=java.base/java.net=ALL-UNNAMED --add-opens=java.base/java.util.concurrent.atomic=ALL-UNNAMED -Xmx2048m -Dfile.encoding=UTF-8 -Duser.country=RU -Duser.language=ru -Duser.variant 
java_command: org.gradle.launcher.daemon.bootstrap.GradleDaemon 7.4
java_class_path (initial): C:\Users\User\.gradle\wrapper\dists\gradle-7.4-bin\c0gwcg53nkjbqw7r0h0umtfvt\gradle-7.4\lib\gradle-launcher-7.4.jar
Launcher Type: SUN_STANDARD

[Global flags]
     intx CICompilerCount                          = 4                                         {product} {ergonomic}
     uint ConcGCThreads                            = 2                                         {product} {ergonomic}
     uint G1ConcRefinementThreads                  = 8                                         {product} {ergonomic}
   size_t G1HeapRegionSize                         = 1048576                                   {product} {ergonomic}
    uintx GCDrainStackTargetSize                   = 64                                        {product} {ergonomic}
   size_t InitialHeapSize                          = 100663296                                 {product} {ergonomic}
   size_t MarkStackSize                            = 4194304                                   {product} {ergonomic}
   size_t MaxHeapSize                              = 2147483648                                {product} {command line}
   size_t MaxNewSize                               = 1287651328                                {product} {ergonomic}
   size_t MinHeapDeltaBytes                        = 1048576                                   {product} {ergonomic}
    uintx NonNMethodCodeHeapSize                   = 5836300                                {pd product} {ergonomic}
    uintx NonProfiledCodeHeapSize                  = 122910970                              {pd product} {ergonomic}
    uintx ProfiledCodeHeapSize                     = 122910970                              {pd product} {ergonomic}
    uintx ReservedCodeCacheSize                    = 251658240                              {pd product} {ergonomic}
     bool SegmentedCodeCache                       = true                                      {product} {ergonomic}
     bool UseCompressedClassPointers               = true                                 {lp64_product} {ergonomic}
     bool UseCompressedOops                        = true                                 {lp64_product} {ergonomic}
     bool UseG1GC                                  = true                                      {product} {ergonomic}
     bool UseLargePagesIndividualAllocation        = false                                  {pd product} {ergonomic}

Logging:
Log output configuration:
 #0: stdout all=warning uptime,level,tags
 #1: stderr all=off uptime,level,tags

Environment Variables:
PATH=C:\Python35\Lib\site-packages\PyQt5;C:\WINDOWS\system32;C:\WINDOWS;C:\WINDOWS\System32\Wbem;C:\WINDOWS\System32\WindowsPowerShell\v1.0\;C:\WINDOWS\System32\OpenSSH\;C:\Program Files\7-Zip;C:\Program Files\dotnet\;C:\Program Files (x86)\Microsoft SQL Server\Client SDK\ODBC\130\Tools\Binn\;C:\Program Files (x86)\Microsoft SQL Server\140\Tools\Binn\;C:\Program Files (x86)\Microsoft SQL Server\140\DTS\Binn\;C:\Program Files (x86)\Microsoft SQL Server\140\Tools\Binn\ManagementStudio\;C:\Program Files\Microsoft SQL Server\130\Tools\Binn\;C:\Program Files\Git\cmd;C:\Program Files (x86)\php8;C:\composer;C:\Users\User\AppData\Local\Programs\Python\Python310\Scripts\;C:\Users\User\AppData\Local\Programs\Python\Python310\;C:\Users\User\AppData\Local\Microsoft\WindowsApps;C:\Users\User\AppData\Local\atom\bin;C:\Program Files\heroku\bin;C:\Users\User\AppData\Local\Microsoft\WindowsApps;C:\Users\User\AppData\Local\Programs\Python\Python310;C:\Users\User\AppData\Local\Programs\Microsoft VS Code\bin;C:\Users\User\AppData\Roaming\Composer\vendor\bin;C:\Users\User\AppData\Local\JetBrains\Toolbox\scripts;C:\Program Files\PostgreSQL\14\bin;
USERNAME=User
OS=Windows_NT
PROCESSOR_IDENTIFIER=AMD64 Family 23 Model 24 Stepping 1, AuthenticAMD



---------------  S Y S T E M  ---------------

OS: Windows 11 , 64 bit Build 22000 (10.0.22000.1219)
OS uptime: 18 days 18:41 hours

CPU:total 8 (initial active 8) (8 cores per cpu, 2 threads per core) family 23 model 24 stepping 1 microcode 0x0, cmov, cx8, fxsr, mmx, sse, sse2, sse3, ssse3, sse4.1, sse4.2, popcnt, avx, avx2, aes, clmul, mmxext, 3dnowpref, lzcnt, sse4a, ht, tsc, tscinvbit, tscinv, bmi1, bmi2, adx, sha, fma

Memory: 4k page, system-wide physical 6091M (71M free)
TotalPageFile size 24523M (AvailPageFile size 6M)
current process WorkingSet (physical memory assigned to process): 384M, peak: 454M
current process commit charge ("private bytes"): 580M, peak: 586M

vm_info: OpenJDK 64-Bit Server VM (11.0.13+0-b1751.21-8125866) for windows-amd64 JRE (11.0.13+0-b1751.21-8125866), built on Feb  2 2022 03:00:22 by "builder" with MS VC++ 14.0 (VS2015)

END.
