#
# There is insufficient memory for the Java Runtime Environment to continue.
# Native memory allocation (malloc) failed to allocate 1473776 bytes for Chunk::new
# Possible reasons:
#   The system is out of physical RAM or swap space
#   The process is running with CompressedOops enabled, and the Java Heap may be blocking the growth of the native heap
# Possible solutions:
#   Reduce memory load on the system
#   Increase physical memory or swap space
#   Check if swap backing store is full
#   Decrease Java heap size (-Xmx/-Xms)
#   Decrease number of Java threads
#   Decrease Java thread stack sizes (-Xss)
#   Set larger code cache with -XX:ReservedCodeCacheSize=
#   JVM is running with Unscaled Compressed Oops mode in which the Java heap is
#     placed in the first 4GB address space. The Java Heap base address is the
#     maximum limit for the native heap growth. Please use -XX:HeapBaseMinAddress
#     to set the Java Heap base and to place the Java Heap above 4GB virtual address.
# This output file may be truncated or incomplete.
#
#  Out of Memory Error (./src/hotspot/share/memory/arena.cpp:197), pid=100356, tid=101192
#
# JRE version: OpenJDK Runtime Environment (11.0.13) (build 11.0.13+0-b1751.21-8125866)
# Java VM: OpenJDK 64-Bit Server VM (11.0.13+0-b1751.21-8125866, mixed mode, tiered, compressed oops, g1 gc, windows-amd64)
# No core dump will be written. Minidumps are not enabled by default on client versions of Windows
#

---------------  S U M M A R Y ------------

Command Line: --add-opens=java.base/java.util=ALL-UNNAMED --add-opens=java.base/java.lang=ALL-UNNAMED --add-opens=java.base/java.lang.invoke=ALL-UNNAMED --add-opens=java.base/java.util=ALL-UNNAMED --add-opens=java.prefs/java.util.prefs=ALL-UNNAMED --add-opens=java.prefs/java.util.prefs=ALL-UNNAMED --add-opens=java.base/java.nio.charset=ALL-UNNAMED --add-opens=java.base/java.net=ALL-UNNAMED --add-opens=java.base/java.util.concurrent.atomic=ALL-UNNAMED -Xmx2048m -Dfile.encoding=UTF-8 -Duser.country=RU -Duser.language=ru -Duser.variant org.gradle.launcher.daemon.bootstrap.GradleDaemon 7.4

Host: AMD Ryzen 5 3500U with Radeon Vega Mobile Gfx  , 8 cores, 5G,  Windows 11 , 64 bit Build 22000 (10.0.22000.1219)
Time: Sat Apr 29 17:41:47 2023 RTZ 2 (зима) elapsed time: 45.211425 seconds (0d 0h 0m 45s)

---------------  T H R E A D  ---------------

Current thread (0x000001ce7c664800):  JavaThread "C2 CompilerThread0" daemon [_thread_in_native, id=101192, stack(0x0000003e09000000,0x0000003e09100000)]


Current CompileTask:
C2:  45211 15567   !   4       java.net.URL::<init> (543 bytes)

Stack: [0x0000003e09000000,0x0000003e09100000]
Native frames: (J=compiled Java code, j=interpreted, Vv=VM code, C=native code)
V  [jvm.dll+0x6100fa]
V  [jvm.dll+0x747090]
V  [jvm.dll+0x7486ad]
V  [jvm.dll+0x748d83]
V  [jvm.dll+0x24ab48]
V  [jvm.dll+0xc04dc]
V  [jvm.dll+0xc0a0c]
V  [jvm.dll+0x35eb5b]
V  [jvm.dll+0x32b833]
V  [jvm.dll+0x32ad2a]
V  [jvm.dll+0x2032b2]
V  [jvm.dll+0x202437]
V  [jvm.dll+0x188e01]
V  [jvm.dll+0x21106b]
V  [jvm.dll+0x20f8c1]
V  [jvm.dll+0x70de0f]
V  [jvm.dll+0x706a75]
V  [jvm.dll+0x60ed66]
C  [ucrtbase.dll+0x26c0c]
C  [KERNEL32.DLL+0x15550]
C  [ntdll.dll+0x485b]


---------------  P R O C E S S  ---------------

Threads class SMR info:
_java_thread_list=0x000001ce16cf6900, length=160, elements={
0x000001ce6f214800, 0x000001ce7c63b000, 0x000001ce7c63e000, 0x000001ce7c65c800,
0x000001ce7c65f800, 0x000001ce7c660000, 0x000001ce7c664800, 0x000001ce7c666800,
0x000001ce7c668000, 0x000001ce7d135800, 0x000001ce7ddad000, 0x000001ce7ea7a000,
0x000001ce7eadb800, 0x000001ce7e6ff000, 0x000001ce7eaf9800, 0x000001ce7e964800,
0x000001ce7e334800, 0x000001ce7e868800, 0x000001ce7e6b0800, 0x000001ce7e6eb800,
0x000001ce7e81e800, 0x000001ce7e820000, 0x000001ce7e820800, 0x000001ce7e821800,
0x000001ce7e822800, 0x000001ce7e823000, 0x000001ce7e81d800, 0x000001ce7e824000,
0x000001ce7e81f000, 0x000001ce10168000, 0x000001ce10165000, 0x000001ce10163800,
0x000001ce1016a800, 0x000001ce10169000, 0x000001ce1016a000, 0x000001ce1016b800,
0x000001ce10165800, 0x000001ce1016c800, 0x000001ce10166800, 0x000001ce1016d000,
0x000001ce10167800, 0x000001ce10171000, 0x000001ce1016e000, 0x000001ce10172000,
0x000001ce1016e800, 0x000001ce1016f800, 0x000001ce10170800, 0x000001ce11e60000,
0x000001ce11e61000, 0x000001ce11e5e000, 0x000001ce11e62000, 0x000001ce11e62800,
0x000001ce11e5d000, 0x000001ce11e63800, 0x000001ce11e5e800, 0x000001ce11e5f800,
0x000001ce1206c800, 0x000001ce12072800, 0x000001ce12073000, 0x000001ce12071800,
0x000001ce12070000, 0x000001ce1206d800, 0x000001ce1206f000, 0x000001ce12070800,
0x000001ce1206e000, 0x000001ce12074000, 0x000001ce12076800, 0x000001ce12079000,
0x000001ce12077000, 0x000001ce12075800, 0x000001ce12079800, 0x000001ce1207a800,
0x000001ce12078000, 0x000001ce12074800, 0x000001ce1207b800, 0x000001ce12082800,
0x000001ce1207f000, 0x000001ce1207e000, 0x000001ce1207d800, 0x000001ce12080000,
0x000001ce12080800, 0x000001ce12081800, 0x000001ce1207c800, 0x000001ce12083000,
0x000001ce12086800, 0x000001ce12084000, 0x000001ce12087000, 0x000001ce12088000,
0x000001ce12089000, 0x000001ce12089800, 0x000001ce12085800, 0x000001ce12084800,
0x000001ce1208a800, 0x000001ce1208b800, 0x000001ce10e6d000, 0x000001ce10e6b800,
0x000001ce10e69000, 0x000001ce10e6e000, 0x000001ce10e6e800, 0x000001ce10e6f800,
0x000001ce10e69800, 0x000001ce10e70000, 0x000001ce10e6c000, 0x000001ce10e6a800,
0x000001ce10e71000, 0x000001ce10e72000, 0x000001ce10e72800, 0x000001ce10e76000,
0x000001ce10e77000, 0x000001ce10e77800, 0x000001ce10e73800, 0x000001ce10e74800,
0x000001ce10e75000, 0x000001ce10eab000, 0x000001ce10eac000, 0x000001ce10ea7800,
0x000001ce10eac800, 0x000001ce10ea7000, 0x000001ce10ead800, 0x000001ce10ea9800,
0x000001ce10ea8800, 0x000001ce10eae800, 0x000001ce10eb0000, 0x000001ce10eaf000,
0x000001ce10eaa000, 0x000001ce10eb5800, 0x000001ce10eb0800, 0x000001ce10eb1800,
0x000001ce10eb5000, 0x000001ce10eb3000, 0x000001ce10eb2800, 0x000001ce10eb4000,
0x000001ce1456e800, 0x000001ce14571000, 0x000001ce14572000, 0x000001ce1456d000,
0x000001ce14573000, 0x000001ce1456f800, 0x000001ce14573800, 0x000001ce1456e000,
0x000001ce14574800, 0x000001ce14575000, 0x000001ce14576000, 0x000001ce14570800,
0x000001ce14577000, 0x000001ce14579800, 0x000001ce1457b800, 0x000001ce1457b000,
0x000001ce14577800, 0x000001ce1457a000, 0x000001ce14578800, 0x000001ce10e04800,
0x000001ce10e04000, 0x000001ce10e06800, 0x000001ce10e05800, 0x000001ce10e03000,
0x000001ce10e07000, 0x000001ce10e01800, 0x000001ce10e0d800, 0x000001ce10e0c000
}

Java Threads: ( => current thread )
  0x000001ce6f214800 JavaThread "main" [_thread_blocked, id=104592, stack(0x0000003e08400000,0x0000003e08500000)]
  0x000001ce7c63b000 JavaThread "Reference Handler" daemon [_thread_blocked, id=104012, stack(0x0000003e08b00000,0x0000003e08c00000)]
  0x000001ce7c63e000 JavaThread "Finalizer" daemon [_thread_blocked, id=106404, stack(0x0000003e08c00000,0x0000003e08d00000)]
  0x000001ce7c65c800 JavaThread "Signal Dispatcher" daemon [_thread_blocked, id=88256, stack(0x0000003e08d00000,0x0000003e08e00000)]
  0x000001ce7c65f800 JavaThread "Attach Listener" daemon [_thread_blocked, id=105188, stack(0x0000003e08e00000,0x0000003e08f00000)]
  0x000001ce7c660000 JavaThread "Service Thread" daemon [_thread_blocked, id=98948, stack(0x0000003e08f00000,0x0000003e09000000)]
=>0x000001ce7c664800 JavaThread "C2 CompilerThread0" daemon [_thread_in_native, id=101192, stack(0x0000003e09000000,0x0000003e09100000)]
  0x000001ce7c666800 JavaThread "C1 CompilerThread0" daemon [_thread_blocked, id=106080, stack(0x0000003e09100000,0x0000003e09200000)]
  0x000001ce7c668000 JavaThread "Sweeper thread" daemon [_thread_blocked, id=96812, stack(0x0000003e09200000,0x0000003e09300000)]
  0x000001ce7d135800 JavaThread "Common-Cleaner" daemon [_thread_blocked, id=105884, stack(0x0000003e09300000,0x0000003e09400000)]
  0x000001ce7ddad000 JavaThread "Daemon health stats" [_thread_blocked, id=108240, stack(0x0000003e09600000,0x0000003e09700000)]
  0x000001ce7ea7a000 JavaThread "Incoming local TCP Connector on port 56915" [_thread_in_native, id=108108, stack(0x0000003e09900000,0x0000003e09a00000)]
  0x000001ce7eadb800 JavaThread "Daemon periodic checks" [_thread_blocked, id=107160, stack(0x0000003e09a00000,0x0000003e09b00000)]
  0x000001ce7e6ff000 JavaThread "Daemon" [_thread_blocked, id=107256, stack(0x0000003e09b00000,0x0000003e09c00000)]
  0x000001ce7eaf9800 JavaThread "Handler for socket connection from /127.0.0.1:56915 to /127.0.0.1:56916" [_thread_in_native, id=107260, stack(0x0000003e09c00000,0x0000003e09d00000)]
  0x000001ce7e964800 JavaThread "Cancel handler" [_thread_blocked, id=107388, stack(0x0000003e09d00000,0x0000003e09e00000)]
  0x000001ce7e334800 JavaThread "Daemon worker" [_thread_blocked, id=97996, stack(0x0000003e09e00000,0x0000003e09f00000)]
  0x000001ce7e868800 JavaThread "Asynchronous log dispatcher for DefaultDaemonConnection: socket connection from /127.0.0.1:56915 to /127.0.0.1:56916" [_thread_blocked, id=107860, stack(0x0000003e09f00000,0x0000003e0a000000)]
  0x000001ce7e6b0800 JavaThread "Stdin handler" [_thread_blocked, id=107864, stack(0x0000003e0a000000,0x0000003e0a100000)]
  0x000001ce7e6eb800 JavaThread "Daemon client event forwarder" [_thread_blocked, id=107472, stack(0x0000003e0a100000,0x0000003e0a200000)]
  0x000001ce7e81e800 JavaThread "Cache worker for journal cache (C:\Users\User\.gradle\caches\journal-1)" [_thread_blocked, id=107980, stack(0x0000003e0a200000,0x0000003e0a300000)]
  0x000001ce7e820000 JavaThread "File lock request listener" [_thread_in_native, id=107984, stack(0x0000003e0a300000,0x0000003e0a400000)]
  0x000001ce7e820800 JavaThread "Cache worker for file hash cache (C:\Users\User\.gradle\caches\7.4\fileHashes)" [_thread_blocked, id=108016, stack(0x0000003e0a400000,0x0000003e0a500000)]
  0x000001ce7e821800 JavaThread "File watcher server" daemon [_thread_in_native, id=107956, stack(0x0000003e0aa00000,0x0000003e0ab00000)]
  0x000001ce7e822800 JavaThread "File watcher consumer" daemon [_thread_blocked, id=107988, stack(0x0000003e0ab00000,0x0000003e0ac00000)]
  0x000001ce7e823000 JavaThread "Cache worker for checksums cache (C:\Users\User\AndroidStudioProjects\HistoryVN_project\.gradle\7.4\checksums)" [_thread_blocked, id=108024, stack(0x0000003e0ac00000,0x0000003e0ad00000)]
  0x000001ce7e81d800 JavaThread "Cache worker for cache directory md-rule (C:\Users\User\.gradle\caches\7.4\md-rule)" [_thread_blocked, id=108004, stack(0x0000003e0ad00000,0x0000003e0ae00000)]
  0x000001ce7e824000 JavaThread "Cache worker for file hash cache (C:\Users\User\AndroidStudioProjects\HistoryVN_project\.gradle\7.4\fileHashes)" [_thread_blocked, id=107976, stack(0x0000003e0ae00000,0x0000003e0af00000)]
  0x000001ce7e81f000 JavaThread "Cache worker for cache directory md-supplier (C:\Users\User\.gradle\caches\7.4\md-supplier)" [_thread_blocked, id=107964, stack(0x0000003e0af00000,0x0000003e0b000000)]
  0x000001ce10168000 JavaThread "Cache worker for execution history cache (C:\Users\User\.gradle\caches\7.4\executionHistory)" [_thread_blocked, id=108028, stack(0x0000003e0b000000,0x0000003e0b100000)]
  0x000001ce10165000 JavaThread "jar transforms" [_thread_blocked, id=108012, stack(0x0000003e0b100000,0x0000003e0b200000)]
  0x000001ce10163800 JavaThread "Cache worker for file content cache (C:\Users\User\.gradle\caches\7.4\fileContent)" [_thread_blocked, id=108036, stack(0x0000003e0b200000,0x0000003e0b300000)]
  0x000001ce1016a800 JavaThread "jar transforms Thread 2" [_thread_blocked, id=104776, stack(0x0000003e0b300000,0x0000003e0b400000)]
  0x000001ce10169000 JavaThread "Cache worker for dependencies-accessors (C:\Users\User\AndroidStudioProjects\HistoryVN_project\.gradle\7.4\dependencies-accessors)" [_thread_blocked, id=107960, stack(0x0000003e0b400000,0x0000003e0b500000)]
  0x000001ce1016a000 JavaThread "jar transforms Thread 3" [_thread_blocked, id=108360, stack(0x0000003e0b500000,0x0000003e0b600000)]
  0x000001ce1016b800 JavaThread "Cache worker for Build Output Cleanup Cache (C:\Users\User\AndroidStudioProjects\HistoryVN_project\.gradle\buildOutputCleanup)" [_thread_blocked, id=107096, stack(0x0000003e0b600000,0x0000003e0b700000)]
  0x000001ce10165800 JavaThread "Unconstrained build operations" [_thread_blocked, id=82412, stack(0x0000003e0b700000,0x0000003e0b800000)]
  0x000001ce1016c800 JavaThread "Unconstrained build operations Thread 2" [_thread_blocked, id=106752, stack(0x0000003e0b800000,0x0000003e0b900000)]
  0x000001ce10166800 JavaThread "Unconstrained build operations Thread 3" [_thread_blocked, id=107208, stack(0x0000003e0b900000,0x0000003e0ba00000)]
  0x000001ce1016d000 JavaThread "Unconstrained build operations Thread 4" [_thread_blocked, id=104320, stack(0x0000003e0ba00000,0x0000003e0bb00000)]
  0x000001ce10167800 JavaThread "Unconstrained build operations Thread 5" [_thread_blocked, id=108356, stack(0x0000003e0bb00000,0x0000003e0bc00000)]
  0x000001ce10171000 JavaThread "Unconstrained build operations Thread 6" [_thread_blocked, id=106772, stack(0x0000003e0bc00000,0x0000003e0bd00000)]
  0x000001ce1016e000 JavaThread "Unconstrained build operations Thread 7" [_thread_blocked, id=108472, stack(0x0000003e0bd00000,0x0000003e0be00000)]
  0x000001ce10172000 JavaThread "Unconstrained build operations Thread 8" [_thread_blocked, id=105844, stack(0x0000003e0be00000,0x0000003e0bf00000)]
  0x000001ce1016e800 JavaThread "Unconstrained build operations Thread 9" [_thread_blocked, id=95108, stack(0x0000003e0bf00000,0x0000003e0c000000)]
  0x000001ce1016f800 JavaThread "Unconstrained build operations Thread 10" [_thread_blocked, id=106328, stack(0x0000003e0c000000,0x0000003e0c100000)]
  0x000001ce10170800 JavaThread "Unconstrained build operations Thread 11" [_thread_blocked, id=107636, stack(0x0000003e0c100000,0x0000003e0c200000)]
  0x000001ce11e60000 JavaThread "Unconstrained build operations Thread 12" [_thread_blocked, id=107368, stack(0x0000003e0c200000,0x0000003e0c300000)]
  0x000001ce11e61000 JavaThread "Unconstrained build operations Thread 13" [_thread_blocked, id=108100, stack(0x0000003e0c300000,0x0000003e0c400000)]
  0x000001ce11e5e000 JavaThread "Unconstrained build operations Thread 14" [_thread_blocked, id=84672, stack(0x0000003e0c400000,0x0000003e0c500000)]
  0x000001ce11e62000 JavaThread "Unconstrained build operations Thread 15" [_thread_blocked, id=91460, stack(0x0000003e0c500000,0x0000003e0c600000)]
  0x000001ce11e62800 JavaThread "Unconstrained build operations Thread 16" [_thread_blocked, id=95772, stack(0x0000003e0c600000,0x0000003e0c700000)]
  0x000001ce11e5d000 JavaThread "Unconstrained build operations Thread 17" [_thread_blocked, id=104192, stack(0x0000003e0c700000,0x0000003e0c800000)]
  0x000001ce11e63800 JavaThread "Unconstrained build operations Thread 18" [_thread_blocked, id=16432, stack(0x0000003e0c800000,0x0000003e0c900000)]
  0x000001ce11e5e800 JavaThread "Unconstrained build operations Thread 19" [_thread_blocked, id=83468, stack(0x0000003e0c900000,0x0000003e0ca00000)]
  0x000001ce11e5f800 JavaThread "Unconstrained build operations Thread 20" [_thread_blocked, id=89512, stack(0x0000003e0ca00000,0x0000003e0cb00000)]
  0x000001ce1206c800 JavaThread "Unconstrained build operations Thread 21" [_thread_blocked, id=91448, stack(0x0000003e0cb00000,0x0000003e0cc00000)]
  0x000001ce12072800 JavaThread "Unconstrained build operations Thread 22" [_thread_blocked, id=88764, stack(0x0000003e0cc00000,0x0000003e0cd00000)]
  0x000001ce12073000 JavaThread "Unconstrained build operations Thread 23" [_thread_blocked, id=88768, stack(0x0000003e0cd00000,0x0000003e0ce00000)]
  0x000001ce12071800 JavaThread "Unconstrained build operations Thread 24" [_thread_blocked, id=91828, stack(0x0000003e0ce00000,0x0000003e0cf00000)]
  0x000001ce12070000 JavaThread "Unconstrained build operations Thread 25" [_thread_blocked, id=54092, stack(0x0000003e0cf00000,0x0000003e0d000000)]
  0x000001ce1206d800 JavaThread "Unconstrained build operations Thread 26" [_thread_blocked, id=88472, stack(0x0000003e0d000000,0x0000003e0d100000)]
  0x000001ce1206f000 JavaThread "Unconstrained build operations Thread 27" [_thread_blocked, id=88480, stack(0x0000003e0d100000,0x0000003e0d200000)]
  0x000001ce12070800 JavaThread "Unconstrained build operations Thread 28" [_thread_blocked, id=88476, stack(0x0000003e0d200000,0x0000003e0d300000)]
  0x000001ce1206e000 JavaThread "Unconstrained build operations Thread 29" [_thread_blocked, id=91704, stack(0x0000003e0d300000,0x0000003e0d400000)]
  0x000001ce12074000 JavaThread "Unconstrained build operations Thread 30" [_thread_blocked, id=87560, stack(0x0000003e0d400000,0x0000003e0d500000)]
  0x000001ce12076800 JavaThread "Unconstrained build operations Thread 31" [_thread_blocked, id=80704, stack(0x0000003e0d500000,0x0000003e0d600000)]
  0x000001ce12079000 JavaThread "Unconstrained build operations Thread 32" [_thread_blocked, id=83208, stack(0x0000003e0d600000,0x0000003e0d700000)]
  0x000001ce12077000 JavaThread "Unconstrained build operations Thread 33" [_thread_blocked, id=74524, stack(0x0000003e0d700000,0x0000003e0d800000)]
  0x000001ce12075800 JavaThread "Unconstrained build operations Thread 34" [_thread_blocked, id=81560, stack(0x0000003e0d800000,0x0000003e0d900000)]
  0x000001ce12079800 JavaThread "Unconstrained build operations Thread 35" [_thread_blocked, id=101368, stack(0x0000003e0d900000,0x0000003e0da00000)]
  0x000001ce1207a800 JavaThread "Unconstrained build operations Thread 36" [_thread_blocked, id=105800, stack(0x0000003e0da00000,0x0000003e0db00000)]
  0x000001ce12078000 JavaThread "Unconstrained build operations Thread 37" [_thread_blocked, id=104908, stack(0x0000003e0db00000,0x0000003e0dc00000)]
  0x000001ce12074800 JavaThread "Unconstrained build operations Thread 38" [_thread_blocked, id=107632, stack(0x0000003e0dc00000,0x0000003e0dd00000)]
  0x000001ce1207b800 JavaThread "Unconstrained build operations Thread 39" [_thread_blocked, id=85108, stack(0x0000003e0dd00000,0x0000003e0de00000)]
  0x000001ce12082800 JavaThread "Unconstrained build operations Thread 40" [_thread_blocked, id=2420, stack(0x0000003e0de00000,0x0000003e0df00000)]
  0x000001ce1207f000 JavaThread "Unconstrained build operations Thread 41" [_thread_blocked, id=82316, stack(0x0000003e0df00000,0x0000003e0e000000)]
  0x000001ce1207e000 JavaThread "Unconstrained build operations Thread 42" [_thread_blocked, id=75276, stack(0x0000003e0e000000,0x0000003e0e100000)]
  0x000001ce1207d800 JavaThread "Unconstrained build operations Thread 43" [_thread_blocked, id=83552, stack(0x0000003e0e100000,0x0000003e0e200000)]
  0x000001ce12080000 JavaThread "Unconstrained build operations Thread 44" [_thread_blocked, id=108440, stack(0x0000003e0e200000,0x0000003e0e300000)]
  0x000001ce12080800 JavaThread "Unconstrained build operations Thread 45" [_thread_blocked, id=88820, stack(0x0000003e0e300000,0x0000003e0e400000)]
  0x000001ce12081800 JavaThread "Unconstrained build operations Thread 46" [_thread_blocked, id=105160, stack(0x0000003e0e400000,0x0000003e0e500000)]
  0x000001ce1207c800 JavaThread "Unconstrained build operations Thread 47" [_thread_blocked, id=107712, stack(0x0000003e0e500000,0x0000003e0e600000)]
  0x000001ce12083000 JavaThread "Unconstrained build operations Thread 48" [_thread_blocked, id=106528, stack(0x0000003e0e600000,0x0000003e0e700000)]
  0x000001ce12086800 JavaThread "Unconstrained build operations Thread 49" [_thread_blocked, id=107848, stack(0x0000003e0e700000,0x0000003e0e800000)]
  0x000001ce12084000 JavaThread "Unconstrained build operations Thread 50" [_thread_blocked, id=107828, stack(0x0000003e0e800000,0x0000003e0e900000)]
  0x000001ce12087000 JavaThread "Unconstrained build operations Thread 51" [_thread_blocked, id=100364, stack(0x0000003e0e900000,0x0000003e0ea00000)]
  0x000001ce12088000 JavaThread "Unconstrained build operations Thread 52" [_thread_blocked, id=89000, stack(0x0000003e0ea00000,0x0000003e0eb00000)]
  0x000001ce12089000 JavaThread "Unconstrained build operations Thread 53" [_thread_blocked, id=88996, stack(0x0000003e0eb00000,0x0000003e0ec00000)]
  0x000001ce12089800 JavaThread "Unconstrained build operations Thread 54" [_thread_blocked, id=69356, stack(0x0000003e0ec00000,0x0000003e0ed00000)]
  0x000001ce12085800 JavaThread "Unconstrained build operations Thread 55" [_thread_blocked, id=89532, stack(0x0000003e0ed00000,0x0000003e0ee00000)]
  0x000001ce12084800 JavaThread "Unconstrained build operations Thread 56" [_thread_blocked, id=87164, stack(0x0000003e0ee00000,0x0000003e0ef00000)]
  0x000001ce1208a800 JavaThread "Unconstrained build operations Thread 57" [_thread_blocked, id=78108, stack(0x0000003e0ef00000,0x0000003e0f000000)]
  0x000001ce1208b800 JavaThread "Unconstrained build operations Thread 58" [_thread_blocked, id=86172, stack(0x0000003e0f000000,0x0000003e0f100000)]
  0x000001ce10e6d000 JavaThread "Unconstrained build operations Thread 59" [_thread_blocked, id=86084, stack(0x0000003e0f100000,0x0000003e0f200000)]
  0x000001ce10e6b800 JavaThread "Unconstrained build operations Thread 60" [_thread_blocked, id=1880, stack(0x0000003e0f200000,0x0000003e0f300000)]
  0x000001ce10e69000 JavaThread "Unconstrained build operations Thread 61" [_thread_blocked, id=91676, stack(0x0000003e0f300000,0x0000003e0f400000)]
  0x000001ce10e6e000 JavaThread "Unconstrained build operations Thread 62" [_thread_blocked, id=81204, stack(0x0000003e0f400000,0x0000003e0f500000)]
  0x000001ce10e6e800 JavaThread "Unconstrained build operations Thread 63" [_thread_blocked, id=87312, stack(0x0000003e0f500000,0x0000003e0f600000)]
  0x000001ce10e6f800 JavaThread "Unconstrained build operations Thread 64" [_thread_blocked, id=88236, stack(0x0000003e0f600000,0x0000003e0f700000)]
  0x000001ce10e69800 JavaThread "Unconstrained build operations Thread 65" [_thread_blocked, id=87672, stack(0x0000003e0f700000,0x0000003e0f800000)]
  0x000001ce10e70000 JavaThread "Unconstrained build operations Thread 66" [_thread_blocked, id=90064, stack(0x0000003e0f800000,0x0000003e0f900000)]
  0x000001ce10e6c000 JavaThread "Unconstrained build operations Thread 67" [_thread_blocked, id=106812, stack(0x0000003e0f900000,0x0000003e0fa00000)]
  0x000001ce10e6a800 JavaThread "Unconstrained build operations Thread 68" [_thread_blocked, id=108484, stack(0x0000003e0fa00000,0x0000003e0fb00000)]
  0x000001ce10e71000 JavaThread "Unconstrained build operations Thread 69" [_thread_blocked, id=107816, stack(0x0000003e0fb00000,0x0000003e0fc00000)]
  0x000001ce10e72000 JavaThread "Unconstrained build operations Thread 70" [_thread_blocked, id=107652, stack(0x0000003e0fc00000,0x0000003e0fd00000)]
  0x000001ce10e72800 JavaThread "Unconstrained build operations Thread 71" [_thread_blocked, id=108432, stack(0x0000003e0fd00000,0x0000003e0fe00000)]
  0x000001ce10e76000 JavaThread "Unconstrained build operations Thread 72" [_thread_blocked, id=100664, stack(0x0000003e0fe00000,0x0000003e0ff00000)]
  0x000001ce10e77000 JavaThread "Unconstrained build operations Thread 73" [_thread_blocked, id=108444, stack(0x0000003e0ff00000,0x0000003e10000000)]
  0x000001ce10e77800 JavaThread "Unconstrained build operations Thread 74" [_thread_blocked, id=108436, stack(0x0000003e10000000,0x0000003e10100000)]
  0x000001ce10e73800 JavaThread "Unconstrained build operations Thread 75" [_thread_blocked, id=108408, stack(0x0000003e10100000,0x0000003e10200000)]
  0x000001ce10e74800 JavaThread "Unconstrained build operations Thread 76" [_thread_blocked, id=105340, stack(0x0000003e10200000,0x0000003e10300000)]
  0x000001ce10e75000 JavaThread "Unconstrained build operations Thread 77" [_thread_blocked, id=106664, stack(0x0000003e10300000,0x0000003e10400000)]
  0x000001ce10eab000 JavaThread "Unconstrained build operations Thread 78" [_thread_blocked, id=106548, stack(0x0000003e10400000,0x0000003e10500000)]
  0x000001ce10eac000 JavaThread "Unconstrained build operations Thread 79" [_thread_blocked, id=105860, stack(0x0000003e10500000,0x0000003e10600000)]
  0x000001ce10ea7800 JavaThread "Unconstrained build operations Thread 80" [_thread_blocked, id=108500, stack(0x0000003e10600000,0x0000003e10700000)]
  0x000001ce10eac800 JavaThread "jar transforms Thread 4" [_thread_blocked, id=107932, stack(0x0000003e10700000,0x0000003e10800000)]
  0x000001ce10ea7000 JavaThread "jar transforms Thread 5" [_thread_blocked, id=107836, stack(0x0000003e10800000,0x0000003e10900000)]
  0x000001ce10ead800 JavaThread "jar transforms Thread 6" [_thread_blocked, id=108492, stack(0x0000003e10900000,0x0000003e10a00000)]
  0x000001ce10ea9800 JavaThread "jar transforms Thread 7" [_thread_blocked, id=108516, stack(0x0000003e10a00000,0x0000003e10b00000)]
  0x000001ce10ea8800 JavaThread "jar transforms Thread 8" [_thread_blocked, id=6540, stack(0x0000003e10b00000,0x0000003e10c00000)]
  0x000001ce10eae800 JavaThread "Memory manager" [_thread_blocked, id=107720, stack(0x0000003e10c00000,0x0000003e10d00000)]
  0x000001ce10eb0000 JavaThread "build event listener" [_thread_blocked, id=106540, stack(0x0000003e10d00000,0x0000003e10e00000)]
  0x000001ce10eaf000 JavaThread "included builds" [_thread_blocked, id=107824, stack(0x0000003e10e00000,0x0000003e10f00000)]
  0x000001ce10eaa000 JavaThread "Execution worker for ':'" [_thread_in_Java, id=107728, stack(0x0000003e10f00000,0x0000003e11000000)]
  0x000001ce10eb5800 JavaThread "Execution worker for ':' Thread 2" [_thread_blocked, id=106544, stack(0x0000003e11000000,0x0000003e11100000)]
  0x000001ce10eb0800 JavaThread "Execution worker for ':' Thread 3" [_thread_blocked, id=87668, stack(0x0000003e11100000,0x0000003e11200000)]
  0x000001ce10eb1800 JavaThread "Execution worker for ':' Thread 4" [_thread_blocked, id=91452, stack(0x0000003e11200000,0x0000003e11300000)]
  0x000001ce10eb5000 JavaThread "Execution worker for ':' Thread 5" [_thread_blocked, id=88936, stack(0x0000003e11300000,0x0000003e11400000)]
  0x000001ce10eb3000 JavaThread "Execution worker for ':' Thread 6" [_thread_blocked, id=101748, stack(0x0000003e11400000,0x0000003e11500000)]
  0x000001ce10eb2800 JavaThread "Execution worker for ':' Thread 7" [_thread_blocked, id=107528, stack(0x0000003e11500000,0x0000003e11600000)]
  0x000001ce10eb4000 JavaThread "Cache worker for execution history cache (C:\Users\User\AndroidStudioProjects\HistoryVN_project\.gradle\7.4\executionHistory)" [_thread_blocked, id=106672, stack(0x0000003e11600000,0x0000003e11700000)]
  0x000001ce1456e800 JavaThread "WorkerExecutor Queue" [_thread_blocked, id=108520, stack(0x0000003e11700000,0x0000003e11800000)]
  0x000001ce14571000 JavaThread "pool-3-thread-1" [_thread_blocked, id=107648, stack(0x0000003e11800000,0x0000003e11900000)]
  0x000001ce14572000 JavaThread "stderr" [_thread_in_native, id=107808, stack(0x0000003e11900000,0x0000003e11a00000)]
  0x000001ce1456d000 JavaThread "stdout" [_thread_in_native, id=101868, stack(0x0000003e11a00000,0x0000003e11b00000)]
  0x000001ce14573000 JavaThread "Cache worker for Java compile cache (C:\Users\User\.gradle\caches\7.4\javaCompile)" [_thread_blocked, id=106524, stack(0x0000003e11b00000,0x0000003e11c00000)]
  0x000001ce1456f800 JavaThread "Build operations" [_thread_blocked, id=107780, stack(0x0000003e11c00000,0x0000003e11d00000)]
  0x000001ce14573800 JavaThread "Build operations Thread 2" [_thread_blocked, id=105292, stack(0x0000003e11d00000,0x0000003e11e00000)]
  0x000001ce1456e000 JavaThread "Build operations Thread 3" [_thread_blocked, id=108052, stack(0x0000003e11e00000,0x0000003e11f00000)]
  0x000001ce14574800 JavaThread "Build operations Thread 4" [_thread_blocked, id=103560, stack(0x0000003e11f00000,0x0000003e12000000)]
  0x000001ce14575000 JavaThread "Build operations Thread 5" [_thread_blocked, id=108508, stack(0x0000003e12000000,0x0000003e12100000)]
  0x000001ce14576000 JavaThread "Build operations Thread 6" [_thread_blocked, id=107840, stack(0x0000003e12100000,0x0000003e12200000)]
  0x000001ce14570800 JavaThread "Build operations Thread 7" [_thread_blocked, id=106820, stack(0x0000003e12200000,0x0000003e12300000)]
  0x000001ce14577000 JavaThread "Build operations Thread 8" [_thread_blocked, id=91988, stack(0x0000003e12300000,0x0000003e12400000)]
  0x000001ce14579800 JavaThread "WorkerExecutor Queue Thread 2" [_thread_blocked, id=105508, stack(0x0000003e12400000,0x0000003e12500000)]
  0x000001ce1457b800 JavaThread "WorkerExecutor Queue Thread 3" [_thread_blocked, id=107492, stack(0x0000003e12500000,0x0000003e12600000)]
  0x000001ce1457b000 JavaThread "WorkerExecutor Queue Thread 4" [_thread_blocked, id=105412, stack(0x0000003e12600000,0x0000003e12700000)]
  0x000001ce14577800 JavaThread "WorkerExecutor Queue Thread 5" [_thread_blocked, id=107000, stack(0x0000003e12700000,0x0000003e12800000)]
  0x000001ce1457a000 JavaThread "WorkerExecutor Queue Thread 6" [_thread_blocked, id=108420, stack(0x0000003e12800000,0x0000003e12900000)]
  0x000001ce14578800 JavaThread "WorkerExecutor Queue Thread 7" [_thread_blocked, id=106520, stack(0x0000003e12900000,0x0000003e12a00000)]
  0x000001ce10e04800 JavaThread "WorkerExecutor Queue Thread 8" [_thread_blocked, id=107812, stack(0x0000003e12a00000,0x0000003e12b00000)]
  0x000001ce10e04000 JavaThread "WorkerExecutor Queue Thread 10" [_thread_blocked, id=108528, stack(0x0000003e12d00000,0x0000003e12e00000)]
  0x000001ce10e06800 JavaThread "ForkJoinPool.commonPool-worker-3" daemon [_thread_blocked, id=107716, stack(0x0000003e12e00000,0x0000003e12f00000)]
  0x000001ce10e05800 JavaThread "ForkJoinPool.commonPool-worker-5" daemon [_thread_blocked, id=106532, stack(0x0000003e12f00000,0x0000003e13000000)]
  0x000001ce10e03000 JavaThread "ForkJoinPool.commonPool-worker-7" daemon [_thread_blocked, id=98080, stack(0x0000003e13000000,0x0000003e13100000)]
  0x000001ce10e07000 JavaThread "ForkJoinPool.commonPool-worker-9" daemon [_thread_blocked, id=107724, stack(0x0000003e13100000,0x0000003e13200000)]
  0x000001ce10e01800 JavaThread "ForkJoinPool.commonPool-worker-11" daemon [_thread_blocked, id=106984, stack(0x0000003e13200000,0x0000003e13300000)]
  0x000001ce10e0d800 JavaThread "ForkJoinPool.commonPool-worker-13" daemon [_thread_blocked, id=106552, stack(0x0000003e13300000,0x0000003e13400000)]
  0x000001ce10e0c000 JavaThread "ForkJoinPool.commonPool-worker-15" daemon [_thread_blocked, id=107748, stack(0x0000003e13400000,0x0000003e13500000)]

Other Threads:
  0x000001ce7c637800 VMThread "VM Thread" [stack: 0x0000003e08a00000,0x0000003e08b00000] [id=104008]
  0x000001ce7d144800 WatcherThread [stack: 0x0000003e09400000,0x0000003e09500000] [id=95788]
  0x000001ce6f22b000 GCTaskThread "GC Thread#0" [stack: 0x0000003e08500000,0x0000003e08600000] [id=105384]
  0x000001ce7dbd0800 GCTaskThread "GC Thread#1" [stack: 0x0000003e09500000,0x0000003e09600000] [id=108148]
  0x000001ce7e349800 GCTaskThread "GC Thread#2" [stack: 0x0000003e09700000,0x0000003e09800000] [id=108252]
  0x000001ce7dd3d800 GCTaskThread "GC Thread#3" [stack: 0x0000003e09800000,0x0000003e09900000] [id=108248]
  0x000001ce7e83a800 GCTaskThread "GC Thread#4" [stack: 0x0000003e0a500000,0x0000003e0a600000] [id=108000]
  0x000001ce7e8ed800 GCTaskThread "GC Thread#5" [stack: 0x0000003e0a600000,0x0000003e0a700000] [id=108020]
  0x000001ce7e70e800 GCTaskThread "GC Thread#6" [stack: 0x0000003e0a700000,0x0000003e0a800000] [id=108008]
  0x000001ce7d816000 GCTaskThread "GC Thread#7" [stack: 0x0000003e0a800000,0x0000003e0a900000] [id=107996]
  0x000001ce6f25b800 ConcurrentGCThread "G1 Main Marker" [stack: 0x0000003e08600000,0x0000003e08700000] [id=105696]
  0x000001ce6f25d800 ConcurrentGCThread "G1 Conc#0" [stack: 0x0000003e08700000,0x0000003e08800000] [id=82416]
  0x000001ce7d4bc800 ConcurrentGCThread "G1 Conc#1" [stack: 0x0000003e0a900000,0x0000003e0aa00000] [id=107968]
  0x000001ce6f2e3800 ConcurrentGCThread "G1 Refine#0" [stack: 0x0000003e08800000,0x0000003e08900000] [id=105552]
  0x000001ce6f2e7000 ConcurrentGCThread "G1 Young RemSet Sampling" [stack: 0x0000003e08900000,0x0000003e08a00000] [id=105516]

Threads with active compile tasks:
C2 CompilerThread0  45252 15567   !   4       java.net.URL::<init> (543 bytes)

VM state:not at safepoint (normal execution)

VM Mutex/Monitor currently owned by a thread: None

Heap address: 0x0000000080000000, size: 2048 MB, Compressed Oops mode: 32-bit
Narrow klass base: 0x0000000000000000, Narrow klass shift: 3
Compressed class space size: 1073741824 Address: 0x0000000100000000

Heap:
 garbage-first heap   total 218112K, used 124287K [0x0000000080000000, 0x0000000100000000)
  region size 1024K, 4 young (4096K), 2 survivors (2048K)
 Metaspace       used 122005K, capacity 125940K, committed 127484K, reserved 1159168K
  class space    used 16011K, capacity 17586K, committed 18252K, reserved 1048576K
Heap Regions: E=young(eden), S=young(survivor), O=old, HS=humongous(starts), HC=humongous(continues), CS=collection set, F=free, A=archive, TAMS=top-at-mark-start (previous, next)
|   0|0x0000000080000000, 0x0000000080100000, 0x0000000080100000|100%| O|  |TAMS 0x0000000080100000, 0x0000000080100000| Untracked 
|   1|0x0000000080100000, 0x0000000080200000, 0x0000000080200000|100%| O|  |TAMS 0x0000000080200000, 0x0000000080200000| Untracked 
|   2|0x0000000080200000, 0x0000000080300000, 0x0000000080300000|100%| O|  |TAMS 0x0000000080300000, 0x0000000080300000| Untracked 
|   3|0x0000000080300000, 0x0000000080400000, 0x0000000080400000|100%|HS|  |TAMS 0x0000000080400000, 0x0000000080400000| Complete 
|   4|0x0000000080400000, 0x0000000080500000, 0x0000000080500000|100%|HC|  |TAMS 0x0000000080500000, 0x0000000080500000| Complete 
|   5|0x0000000080500000, 0x0000000080600000, 0x0000000080600000|100%|HC|  |TAMS 0x0000000080600000, 0x0000000080600000| Complete 
|   6|0x0000000080600000, 0x0000000080700000, 0x0000000080700000|100%| O|  |TAMS 0x0000000080700000, 0x0000000080700000| Untracked 
|   7|0x0000000080700000, 0x0000000080800000, 0x0000000080800000|100%| O|  |TAMS 0x0000000080800000, 0x0000000080800000| Untracked 
|   8|0x0000000080800000, 0x0000000080900000, 0x0000000080900000|100%| O|  |TAMS 0x0000000080900000, 0x0000000080900000| Untracked 
|   9|0x0000000080900000, 0x0000000080a00000, 0x0000000080a00000|100%| O|  |TAMS 0x0000000080a00000, 0x0000000080a00000| Untracked 
|  10|0x0000000080a00000, 0x0000000080b00000, 0x0000000080b00000|100%| O|  |TAMS 0x0000000080b00000, 0x0000000080b00000| Untracked 
|  11|0x0000000080b00000, 0x0000000080c00000, 0x0000000080c00000|100%| O|  |TAMS 0x0000000080c00000, 0x0000000080c00000| Untracked 
|  12|0x0000000080c00000, 0x0000000080d00000, 0x0000000080d00000|100%| O|  |TAMS 0x0000000080d00000, 0x0000000080d00000| Untracked 
|  13|0x0000000080d00000, 0x0000000080e00000, 0x0000000080e00000|100%| O|  |TAMS 0x0000000080e00000, 0x0000000080e00000| Untracked 
|  14|0x0000000080e00000, 0x0000000080f00000, 0x0000000080f00000|100%| O|  |TAMS 0x0000000080f00000, 0x0000000080f00000| Untracked 
|  15|0x0000000080f00000, 0x0000000081000000, 0x0000000081000000|100%| O|  |TAMS 0x0000000081000000, 0x0000000081000000| Untracked 
|  16|0x0000000081000000, 0x0000000081100000, 0x0000000081100000|100%| O|  |TAMS 0x0000000081100000, 0x0000000081100000| Untracked 
|  17|0x0000000081100000, 0x0000000081200000, 0x0000000081200000|100%| O|  |TAMS 0x0000000081200000, 0x0000000081200000| Untracked 
|  18|0x0000000081200000, 0x0000000081300000, 0x0000000081300000|100%| O|  |TAMS 0x0000000081300000, 0x0000000081300000| Untracked 
|  19|0x0000000081300000, 0x0000000081400000, 0x0000000081400000|100%| O|  |TAMS 0x0000000081400000, 0x0000000081400000| Untracked 
|  20|0x0000000081400000, 0x0000000081500000, 0x0000000081500000|100%| O|  |TAMS 0x0000000081500000, 0x0000000081500000| Untracked 
|  21|0x0000000081500000, 0x0000000081600000, 0x0000000081600000|100%| O|  |TAMS 0x0000000081600000, 0x0000000081600000| Untracked 
|  22|0x0000000081600000, 0x0000000081700000, 0x0000000081700000|100%| O|  |TAMS 0x0000000081700000, 0x0000000081700000| Untracked 
|  23|0x0000000081700000, 0x0000000081800000, 0x0000000081800000|100%| O|  |TAMS 0x0000000081800000, 0x0000000081800000| Untracked 
|  24|0x0000000081800000, 0x0000000081900000, 0x0000000081900000|100%| O|  |TAMS 0x0000000081900000, 0x0000000081900000| Untracked 
|  25|0x0000000081900000, 0x0000000081a00000, 0x0000000081a00000|100%| O|  |TAMS 0x0000000081a00000, 0x0000000081a00000| Untracked 
|  26|0x0000000081a00000, 0x0000000081b00000, 0x0000000081b00000|100%|HS|  |TAMS 0x0000000081b00000, 0x0000000081b00000| Complete 
|  27|0x0000000081b00000, 0x0000000081c00000, 0x0000000081c00000|100%|HS|  |TAMS 0x0000000081c00000, 0x0000000081c00000| Complete 
|  28|0x0000000081c00000, 0x0000000081d00000, 0x0000000081d00000|100%|HS|  |TAMS 0x0000000081d00000, 0x0000000081d00000| Complete 
|  29|0x0000000081d00000, 0x0000000081e00000, 0x0000000081e00000|100%|HS|  |TAMS 0x0000000081e00000, 0x0000000081e00000| Complete 
|  30|0x0000000081e00000, 0x0000000081f00000, 0x0000000081f00000|100%|HC|  |TAMS 0x0000000081f00000, 0x0000000081f00000| Complete 
|  31|0x0000000081f00000, 0x0000000082000000, 0x0000000082000000|100%|HC|  |TAMS 0x0000000082000000, 0x0000000082000000| Complete 
|  32|0x0000000082000000, 0x0000000082100000, 0x0000000082100000|100%|HC|  |TAMS 0x0000000082100000, 0x0000000082100000| Complete 
|  33|0x0000000082100000, 0x0000000082200000, 0x0000000082200000|100%| O|  |TAMS 0x0000000082200000, 0x0000000082200000| Untracked 
|  34|0x0000000082200000, 0x0000000082300000, 0x0000000082300000|100%|HS|  |TAMS 0x0000000082300000, 0x0000000082300000| Complete 
|  35|0x0000000082300000, 0x0000000082400000, 0x0000000082400000|100%|HC|  |TAMS 0x0000000082400000, 0x0000000082400000| Complete 
|  36|0x0000000082400000, 0x0000000082500000, 0x0000000082500000|100%| O|  |TAMS 0x0000000082500000, 0x0000000082500000| Untracked 
|  37|0x0000000082500000, 0x0000000082600000, 0x0000000082600000|100%| O|  |TAMS 0x0000000082600000, 0x0000000082600000| Untracked 
|  38|0x0000000082600000, 0x0000000082700000, 0x0000000082700000|100%| O|  |TAMS 0x0000000082700000, 0x0000000082700000| Untracked 
|  39|0x0000000082700000, 0x0000000082800000, 0x0000000082800000|100%| O|  |TAMS 0x0000000082800000, 0x0000000082800000| Untracked 
|  40|0x0000000082800000, 0x0000000082900000, 0x0000000082900000|100%| O|  |TAMS 0x0000000082900000, 0x0000000082900000| Untracked 
|  41|0x0000000082900000, 0x0000000082a00000, 0x0000000082a00000|100%| O|  |TAMS 0x0000000082a00000, 0x0000000082a00000| Untracked 
|  42|0x0000000082a00000, 0x0000000082b00000, 0x0000000082b00000|100%| O|  |TAMS 0x0000000082b00000, 0x0000000082b00000| Untracked 
|  43|0x0000000082b00000, 0x0000000082c00000, 0x0000000082c00000|100%| O|  |TAMS 0x0000000082c00000, 0x0000000082c00000| Untracked 
|  44|0x0000000082c00000, 0x0000000082d00000, 0x0000000082d00000|100%| O|  |TAMS 0x0000000082d00000, 0x0000000082d00000| Untracked 
|  45|0x0000000082d00000, 0x0000000082e00000, 0x0000000082e00000|100%| O|  |TAMS 0x0000000082e00000, 0x0000000082e00000| Untracked 
|  46|0x0000000082e00000, 0x0000000082f00000, 0x0000000082f00000|100%| O|  |TAMS 0x0000000082f00000, 0x0000000082f00000| Untracked 
|  47|0x0000000082f00000, 0x0000000083000000, 0x0000000083000000|100%| O|  |TAMS 0x0000000083000000, 0x0000000083000000| Untracked 
|  48|0x0000000083000000, 0x0000000083100000, 0x0000000083100000|100%| O|  |TAMS 0x0000000083100000, 0x0000000083100000| Untracked 
|  49|0x0000000083100000, 0x0000000083200000, 0x0000000083200000|100%| O|  |TAMS 0x0000000083200000, 0x0000000083200000| Untracked 
|  50|0x0000000083200000, 0x0000000083300000, 0x0000000083300000|100%| O|  |TAMS 0x0000000083300000, 0x0000000083300000| Untracked 
|  51|0x0000000083300000, 0x0000000083400000, 0x0000000083400000|100%| O|  |TAMS 0x0000000083400000, 0x0000000083400000| Untracked 
|  52|0x0000000083400000, 0x0000000083500000, 0x0000000083500000|100%| O|  |TAMS 0x0000000083500000, 0x0000000083500000| Untracked 
|  53|0x0000000083500000, 0x0000000083600000, 0x0000000083600000|100%| O|  |TAMS 0x0000000083600000, 0x0000000083600000| Untracked 
|  54|0x0000000083600000, 0x0000000083700000, 0x0000000083700000|100%| O|  |TAMS 0x0000000083700000, 0x0000000083700000| Untracked 
|  55|0x0000000083700000, 0x0000000083800000, 0x0000000083800000|100%| O|  |TAMS 0x0000000083800000, 0x0000000083800000| Untracked 
|  56|0x0000000083800000, 0x0000000083900000, 0x0000000083900000|100%| O|  |TAMS 0x0000000083900000, 0x0000000083900000| Untracked 
|  57|0x0000000083900000, 0x0000000083a00000, 0x0000000083a00000|100%| O|  |TAMS 0x0000000083a00000, 0x0000000083a00000| Untracked 
|  58|0x0000000083a00000, 0x0000000083b00000, 0x0000000083b00000|100%| O|  |TAMS 0x0000000083b00000, 0x0000000083b00000| Untracked 
|  59|0x0000000083b00000, 0x0000000083c00000, 0x0000000083c00000|100%| O|  |TAMS 0x0000000083c00000, 0x0000000083c00000| Untracked 
|  60|0x0000000083c00000, 0x0000000083d00000, 0x0000000083d00000|100%| O|  |TAMS 0x0000000083d00000, 0x0000000083d00000| Untracked 
|  61|0x0000000083d00000, 0x0000000083e00000, 0x0000000083e00000|100%| O|  |TAMS 0x0000000083e00000, 0x0000000083e00000| Untracked 
|  62|0x0000000083e00000, 0x0000000083f00000, 0x0000000083f00000|100%| O|  |TAMS 0x0000000083f00000, 0x0000000083f00000| Untracked 
|  63|0x0000000083f00000, 0x0000000084000000, 0x0000000084000000|100%| O|  |TAMS 0x0000000084000000, 0x0000000084000000| Untracked 
|  64|0x0000000084000000, 0x0000000084100000, 0x0000000084100000|100%| O|  |TAMS 0x0000000084100000, 0x0000000084100000| Untracked 
|  65|0x0000000084100000, 0x0000000084200000, 0x0000000084200000|100%| O|  |TAMS 0x0000000084200000, 0x0000000084200000| Untracked 
|  66|0x0000000084200000, 0x0000000084300000, 0x0000000084300000|100%| O|  |TAMS 0x0000000084300000, 0x0000000084300000| Untracked 
|  67|0x0000000084300000, 0x0000000084400000, 0x0000000084400000|100%| O|  |TAMS 0x0000000084400000, 0x0000000084400000| Untracked 
|  68|0x0000000084400000, 0x0000000084500000, 0x0000000084500000|100%| O|  |TAMS 0x0000000084500000, 0x0000000084500000| Untracked 
|  69|0x0000000084500000, 0x0000000084600000, 0x0000000084600000|100%| O|  |TAMS 0x0000000084600000, 0x0000000084600000| Untracked 
|  70|0x0000000084600000, 0x0000000084700000, 0x0000000084700000|100%| O|  |TAMS 0x0000000084700000, 0x0000000084700000| Untracked 
|  71|0x0000000084700000, 0x0000000084800000, 0x0000000084800000|100%| O|  |TAMS 0x0000000084800000, 0x0000000084800000| Untracked 
|  72|0x0000000084800000, 0x0000000084900000, 0x0000000084900000|100%| O|  |TAMS 0x0000000084900000, 0x0000000084900000| Untracked 
|  73|0x0000000084900000, 0x0000000084a00000, 0x0000000084a00000|100%| O|  |TAMS 0x0000000084a00000, 0x0000000084a00000| Untracked 
|  74|0x0000000084a00000, 0x0000000084b00000, 0x0000000084b00000|100%| O|  |TAMS 0x0000000084b00000, 0x0000000084b00000| Untracked 
|  75|0x0000000084b00000, 0x0000000084c00000, 0x0000000084c00000|100%| O|  |TAMS 0x0000000084c00000, 0x0000000084c00000| Untracked 
|  76|0x0000000084c00000, 0x0000000084d00000, 0x0000000084d00000|100%| O|  |TAMS 0x0000000084d00000, 0x0000000084d00000| Untracked 
|  77|0x0000000084d00000, 0x0000000084e00000, 0x0000000084e00000|100%| O|  |TAMS 0x0000000084e00000, 0x0000000084e00000| Untracked 
|  78|0x0000000084e00000, 0x0000000084f00000, 0x0000000084f00000|100%| O|  |TAMS 0x0000000084f00000, 0x0000000084f00000| Untracked 
|  79|0x0000000084f00000, 0x0000000085000000, 0x0000000085000000|100%| O|  |TAMS 0x0000000085000000, 0x0000000085000000| Untracked 
|  80|0x0000000085000000, 0x0000000085100000, 0x0000000085100000|100%| O|  |TAMS 0x0000000085100000, 0x0000000085100000| Untracked 
|  81|0x0000000085100000, 0x0000000085200000, 0x0000000085200000|100%| O|  |TAMS 0x0000000085200000, 0x0000000085200000| Untracked 
|  82|0x0000000085200000, 0x0000000085300000, 0x0000000085300000|100%| O|  |TAMS 0x0000000085300000, 0x0000000085300000| Untracked 
|  83|0x0000000085300000, 0x0000000085400000, 0x0000000085400000|100%| O|  |TAMS 0x0000000085400000, 0x0000000085400000| Untracked 
|  84|0x0000000085400000, 0x0000000085500000, 0x0000000085500000|100%| O|  |TAMS 0x0000000085500000, 0x0000000085500000| Untracked 
|  85|0x0000000085500000, 0x0000000085600000, 0x0000000085600000|100%| O|  |TAMS 0x0000000085600000, 0x0000000085600000| Untracked 
|  86|0x0000000085600000, 0x0000000085700000, 0x0000000085700000|100%| O|  |TAMS 0x0000000085700000, 0x0000000085700000| Untracked 
|  87|0x0000000085700000, 0x0000000085800000, 0x0000000085800000|100%| O|  |TAMS 0x0000000085800000, 0x0000000085800000| Untracked 
|  88|0x0000000085800000, 0x0000000085900000, 0x0000000085900000|100%| O|  |TAMS 0x0000000085900000, 0x0000000085900000| Untracked 
|  89|0x0000000085900000, 0x0000000085a00000, 0x0000000085a00000|100%| O|  |TAMS 0x0000000085a00000, 0x0000000085a00000| Untracked 
|  90|0x0000000085a00000, 0x0000000085b00000, 0x0000000085b00000|100%| O|  |TAMS 0x0000000085b00000, 0x0000000085b00000| Untracked 
|  91|0x0000000085b00000, 0x0000000085c00000, 0x0000000085c00000|100%| O|  |TAMS 0x0000000085c00000, 0x0000000085c00000| Untracked 
|  92|0x0000000085c00000, 0x0000000085d00000, 0x0000000085d00000|100%| O|  |TAMS 0x0000000085d00000, 0x0000000085d00000| Untracked 
|  93|0x0000000085d00000, 0x0000000085e00000, 0x0000000085e00000|100%| O|  |TAMS 0x0000000085e00000, 0x0000000085e00000| Untracked 
|  94|0x0000000085e00000, 0x0000000085f00000, 0x0000000085f00000|100%| O|  |TAMS 0x0000000085f00000, 0x0000000085f00000| Untracked 
|  95|0x0000000085f00000, 0x0000000086000000, 0x0000000086000000|100%| O|  |TAMS 0x0000000086000000, 0x0000000086000000| Untracked 
|  96|0x0000000086000000, 0x0000000086100000, 0x0000000086100000|100%| O|  |TAMS 0x0000000086100000, 0x0000000086100000| Untracked 
|  97|0x0000000086100000, 0x0000000086200000, 0x0000000086200000|100%| O|  |TAMS 0x0000000086200000, 0x0000000086200000| Untracked 
|  98|0x0000000086200000, 0x0000000086300000, 0x0000000086300000|100%| O|  |TAMS 0x0000000086300000, 0x0000000086300000| Untracked 
|  99|0x0000000086300000, 0x0000000086400000, 0x0000000086400000|100%| O|  |TAMS 0x0000000086400000, 0x0000000086400000| Untracked 
| 100|0x0000000086400000, 0x0000000086500000, 0x0000000086500000|100%| O|  |TAMS 0x0000000086500000, 0x0000000086500000| Untracked 
| 101|0x0000000086500000, 0x0000000086600000, 0x0000000086600000|100%| O|  |TAMS 0x0000000086600000, 0x0000000086600000| Untracked 
| 102|0x0000000086600000, 0x0000000086700000, 0x0000000086700000|100%| O|  |TAMS 0x0000000086700000, 0x0000000086700000| Untracked 
| 103|0x0000000086700000, 0x0000000086800000, 0x0000000086800000|100%| O|  |TAMS 0x0000000086800000, 0x0000000086800000| Untracked 
| 104|0x0000000086800000, 0x0000000086900000, 0x0000000086900000|100%| O|  |TAMS 0x0000000086900000, 0x0000000086900000| Untracked 
| 105|0x0000000086900000, 0x0000000086a00000, 0x0000000086a00000|100%| O|  |TAMS 0x00000000869dee00, 0x0000000086a00000| Untracked 
| 106|0x0000000086a00000, 0x0000000086a00000, 0x0000000086b00000|  0%| F|  |TAMS 0x0000000086a00000, 0x0000000086a00000| Untracked 
| 107|0x0000000086b00000, 0x0000000086c00000, 0x0000000086c00000|100%| O|  |TAMS 0x0000000086b00000, 0x0000000086c00000| Untracked 
| 108|0x0000000086c00000, 0x0000000086c7fe00, 0x0000000086d00000| 49%| O|  |TAMS 0x0000000086c00000, 0x0000000086c7fe00| Untracked 
| 109|0x0000000086d00000, 0x0000000086e00000, 0x0000000086e00000|100%|HS|  |TAMS 0x0000000086d00000, 0x0000000086d00000| Complete 
| 110|0x0000000086e00000, 0x0000000086f00000, 0x0000000086f00000|100%|HC|  |TAMS 0x0000000086e00000, 0x0000000086e00000| Complete 
| 111|0x0000000086f00000, 0x0000000087000000, 0x0000000087000000|100%|HS|  |TAMS 0x0000000086f00000, 0x0000000086f00000| Complete 
| 112|0x0000000087000000, 0x0000000087100000, 0x0000000087100000|100%|HC|  |TAMS 0x0000000087000000, 0x0000000087000000| Complete 
| 113|0x0000000087100000, 0x0000000087200000, 0x0000000087200000|100%|HS|  |TAMS 0x0000000087100000, 0x0000000087100000| Complete 
| 114|0x0000000087200000, 0x0000000087300000, 0x0000000087300000|100%|HC|  |TAMS 0x0000000087200000, 0x0000000087200000| Complete 
| 115|0x0000000087300000, 0x0000000087400000, 0x0000000087400000|100%|HS|  |TAMS 0x0000000087300000, 0x0000000087300000| Complete 
| 116|0x0000000087400000, 0x0000000087500000, 0x0000000087500000|100%|HC|  |TAMS 0x0000000087400000, 0x0000000087400000| Complete 
| 117|0x0000000087500000, 0x0000000087600000, 0x0000000087600000|100%|HS|  |TAMS 0x0000000087500000, 0x0000000087500000| Complete 
| 118|0x0000000087600000, 0x0000000087700000, 0x0000000087700000|100%|HC|  |TAMS 0x0000000087600000, 0x0000000087600000| Complete 
| 119|0x0000000087700000, 0x0000000087800000, 0x0000000087800000|100%|HS|  |TAMS 0x0000000087700000, 0x0000000087700000| Complete 
| 120|0x0000000087800000, 0x0000000087900000, 0x0000000087900000|100%|HC|  |TAMS 0x0000000087800000, 0x0000000087800000| Complete 
| 121|0x0000000087900000, 0x0000000087900000, 0x0000000087a00000|  0%| F|  |TAMS 0x0000000087900000, 0x0000000087900000| Untracked 
| 122|0x0000000087a00000, 0x0000000087a00000, 0x0000000087b00000|  0%| F|  |TAMS 0x0000000087a00000, 0x0000000087a00000| Untracked 
| 123|0x0000000087b00000, 0x0000000087b00000, 0x0000000087c00000|  0%| F|  |TAMS 0x0000000087b00000, 0x0000000087b00000| Untracked 
| 124|0x0000000087c00000, 0x0000000087c00000, 0x0000000087d00000|  0%| F|  |TAMS 0x0000000087c00000, 0x0000000087c00000| Untracked 
| 125|0x0000000087d00000, 0x0000000087d00000, 0x0000000087e00000|  0%| F|  |TAMS 0x0000000087d00000, 0x0000000087d00000| Untracked 
| 126|0x0000000087e00000, 0x0000000087e00000, 0x0000000087f00000|  0%| F|  |TAMS 0x0000000087e00000, 0x0000000087e00000| Untracked 
| 127|0x0000000087f00000, 0x0000000087f00000, 0x0000000088000000|  0%| F|  |TAMS 0x0000000087f00000, 0x0000000087f00000| Untracked 
| 128|0x0000000088000000, 0x0000000088000000, 0x0000000088100000|  0%| F|  |TAMS 0x0000000088000000, 0x0000000088000000| Untracked 
| 129|0x0000000088100000, 0x0000000088100000, 0x0000000088200000|  0%| F|  |TAMS 0x0000000088100000, 0x0000000088100000| Untracked 
| 130|0x0000000088200000, 0x0000000088200000, 0x0000000088300000|  0%| F|  |TAMS 0x0000000088200000, 0x0000000088200000| Untracked 
| 131|0x0000000088300000, 0x0000000088300000, 0x0000000088400000|  0%| F|  |TAMS 0x0000000088300000, 0x0000000088300000| Untracked 
| 132|0x0000000088400000, 0x0000000088400000, 0x0000000088500000|  0%| F|  |TAMS 0x0000000088400000, 0x0000000088400000| Untracked 
| 133|0x0000000088500000, 0x0000000088500000, 0x0000000088600000|  0%| F|  |TAMS 0x0000000088500000, 0x0000000088500000| Untracked 
| 134|0x0000000088600000, 0x0000000088600000, 0x0000000088700000|  0%| F|  |TAMS 0x0000000088600000, 0x0000000088600000| Untracked 
| 135|0x0000000088700000, 0x0000000088700000, 0x0000000088800000|  0%| F|  |TAMS 0x0000000088700000, 0x0000000088700000| Untracked 
| 136|0x0000000088800000, 0x0000000088800000, 0x0000000088900000|  0%| F|  |TAMS 0x0000000088800000, 0x0000000088800000| Untracked 
| 137|0x0000000088900000, 0x0000000088900000, 0x0000000088a00000|  0%| F|  |TAMS 0x0000000088900000, 0x0000000088900000| Untracked 
| 138|0x0000000088a00000, 0x0000000088a00000, 0x0000000088b00000|  0%| F|  |TAMS 0x0000000088a00000, 0x0000000088a00000| Untracked 
| 139|0x0000000088b00000, 0x0000000088b00000, 0x0000000088c00000|  0%| F|  |TAMS 0x0000000088b00000, 0x0000000088b00000| Untracked 
| 140|0x0000000088c00000, 0x0000000088c00000, 0x0000000088d00000|  0%| F|  |TAMS 0x0000000088c00000, 0x0000000088c00000| Untracked 
| 141|0x0000000088d00000, 0x0000000088d00000, 0x0000000088e00000|  0%| F|  |TAMS 0x0000000088d00000, 0x0000000088d00000| Untracked 
| 142|0x0000000088e00000, 0x0000000088e00000, 0x0000000088f00000|  0%| F|  |TAMS 0x0000000088e00000, 0x0000000088e00000| Untracked 
| 143|0x0000000088f00000, 0x0000000088f00000, 0x0000000089000000|  0%| F|  |TAMS 0x0000000088f00000, 0x0000000088f00000| Untracked 
| 144|0x0000000089000000, 0x0000000089000000, 0x0000000089100000|  0%| F|  |TAMS 0x0000000089000000, 0x0000000089000000| Untracked 
| 145|0x0000000089100000, 0x0000000089100000, 0x0000000089200000|  0%| F|  |TAMS 0x0000000089100000, 0x0000000089100000| Untracked 
| 146|0x0000000089200000, 0x0000000089200000, 0x0000000089300000|  0%| F|  |TAMS 0x0000000089200000, 0x0000000089200000| Untracked 
| 147|0x0000000089300000, 0x0000000089300000, 0x0000000089400000|  0%| F|  |TAMS 0x0000000089300000, 0x0000000089300000| Untracked 
| 148|0x0000000089400000, 0x0000000089400000, 0x0000000089500000|  0%| F|  |TAMS 0x0000000089400000, 0x0000000089400000| Untracked 
| 149|0x0000000089500000, 0x0000000089500000, 0x0000000089600000|  0%| F|  |TAMS 0x0000000089500000, 0x0000000089500000| Untracked 
| 150|0x0000000089600000, 0x0000000089600000, 0x0000000089700000|  0%| F|  |TAMS 0x0000000089600000, 0x0000000089600000| Untracked 
| 151|0x0000000089700000, 0x0000000089700000, 0x0000000089800000|  0%| F|  |TAMS 0x0000000089700000, 0x0000000089700000| Untracked 
| 152|0x0000000089800000, 0x0000000089800000, 0x0000000089900000|  0%| F|  |TAMS 0x0000000089800000, 0x0000000089800000| Untracked 
| 153|0x0000000089900000, 0x0000000089900000, 0x0000000089a00000|  0%| F|  |TAMS 0x0000000089900000, 0x0000000089900000| Untracked 
| 154|0x0000000089a00000, 0x0000000089a00000, 0x0000000089b00000|  0%| F|  |TAMS 0x0000000089a00000, 0x0000000089a00000| Untracked 
| 155|0x0000000089b00000, 0x0000000089b00000, 0x0000000089c00000|  0%| F|  |TAMS 0x0000000089b00000, 0x0000000089b00000| Untracked 
| 156|0x0000000089c00000, 0x0000000089c00000, 0x0000000089d00000|  0%| F|  |TAMS 0x0000000089c00000, 0x0000000089c00000| Untracked 
| 157|0x0000000089d00000, 0x0000000089d00000, 0x0000000089e00000|  0%| F|  |TAMS 0x0000000089d00000, 0x0000000089d00000| Untracked 
| 158|0x0000000089e00000, 0x0000000089e00000, 0x0000000089f00000|  0%| F|  |TAMS 0x0000000089e00000, 0x0000000089e00000| Untracked 
| 159|0x0000000089f00000, 0x0000000089f00000, 0x000000008a000000|  0%| F|  |TAMS 0x0000000089f00000, 0x0000000089f00000| Untracked 
| 160|0x000000008a000000, 0x000000008a000000, 0x000000008a100000|  0%| F|  |TAMS 0x000000008a000000, 0x000000008a000000| Untracked 
| 161|0x000000008a100000, 0x000000008a100000, 0x000000008a200000|  0%| F|  |TAMS 0x000000008a100000, 0x000000008a100000| Untracked 
| 162|0x000000008a200000, 0x000000008a200000, 0x000000008a300000|  0%| F|  |TAMS 0x000000008a200000, 0x000000008a200000| Untracked 
| 163|0x000000008a300000, 0x000000008a300000, 0x000000008a400000|  0%| F|  |TAMS 0x000000008a300000, 0x000000008a300000| Untracked 
| 164|0x000000008a400000, 0x000000008a400000, 0x000000008a500000|  0%| F|  |TAMS 0x000000008a400000, 0x000000008a400000| Untracked 
| 165|0x000000008a500000, 0x000000008a500000, 0x000000008a600000|  0%| F|  |TAMS 0x000000008a500000, 0x000000008a500000| Untracked 
| 166|0x000000008a600000, 0x000000008a600000, 0x000000008a700000|  0%| F|  |TAMS 0x000000008a600000, 0x000000008a600000| Untracked 
| 167|0x000000008a700000, 0x000000008a700000, 0x000000008a800000|  0%| F|  |TAMS 0x000000008a700000, 0x000000008a700000| Untracked 
| 168|0x000000008a800000, 0x000000008a800000, 0x000000008a900000|  0%| F|  |TAMS 0x000000008a800000, 0x000000008a800000| Untracked 
| 169|0x000000008a900000, 0x000000008a900000, 0x000000008aa00000|  0%| F|  |TAMS 0x000000008a900000, 0x000000008a900000| Untracked 
| 170|0x000000008aa00000, 0x000000008aa00000, 0x000000008ab00000|  0%| F|  |TAMS 0x000000008aa00000, 0x000000008aa00000| Untracked 
| 171|0x000000008ab00000, 0x000000008ab00000, 0x000000008ac00000|  0%| F|  |TAMS 0x000000008ab00000, 0x000000008ab00000| Untracked 
| 172|0x000000008ac00000, 0x000000008ac00000, 0x000000008ad00000|  0%| F|  |TAMS 0x000000008ac00000, 0x000000008ac00000| Untracked 
| 173|0x000000008ad00000, 0x000000008ad00000, 0x000000008ae00000|  0%| F|  |TAMS 0x000000008ad00000, 0x000000008ad00000| Untracked 
| 174|0x000000008ae00000, 0x000000008ae00000, 0x000000008af00000|  0%| F|  |TAMS 0x000000008ae00000, 0x000000008ae00000| Untracked 
| 175|0x000000008af00000, 0x000000008af00000, 0x000000008b000000|  0%| F|  |TAMS 0x000000008af00000, 0x000000008af00000| Untracked 
| 176|0x000000008b000000, 0x000000008b000000, 0x000000008b100000|  0%| F|  |TAMS 0x000000008b000000, 0x000000008b000000| Untracked 
| 177|0x000000008b100000, 0x000000008b100000, 0x000000008b200000|  0%| F|  |TAMS 0x000000008b100000, 0x000000008b100000| Untracked 
| 178|0x000000008b200000, 0x000000008b200000, 0x000000008b300000|  0%| F|  |TAMS 0x000000008b200000, 0x000000008b200000| Untracked 
| 179|0x000000008b300000, 0x000000008b300000, 0x000000008b400000|  0%| F|  |TAMS 0x000000008b300000, 0x000000008b300000| Untracked 
| 180|0x000000008b400000, 0x000000008b400000, 0x000000008b500000|  0%| F|  |TAMS 0x000000008b400000, 0x000000008b400000| Untracked 
| 181|0x000000008b500000, 0x000000008b500000, 0x000000008b600000|  0%| F|  |TAMS 0x000000008b500000, 0x000000008b500000| Untracked 
| 182|0x000000008b600000, 0x000000008b6e01c8, 0x000000008b700000| 87%| S|CS|TAMS 0x000000008b600000, 0x000000008b600000| Complete 
| 183|0x000000008b700000, 0x000000008b800000, 0x000000008b800000|100%| S|CS|TAMS 0x000000008b700000, 0x000000008b700000| Complete 
| 184|0x000000008b800000, 0x000000008b800000, 0x000000008b900000|  0%| F|  |TAMS 0x000000008b800000, 0x000000008b800000| Untracked 
| 185|0x000000008b900000, 0x000000008b900000, 0x000000008ba00000|  0%| F|  |TAMS 0x000000008b900000, 0x000000008b900000| Untracked 
| 186|0x000000008ba00000, 0x000000008ba00000, 0x000000008bb00000|  0%| F|  |TAMS 0x000000008ba00000, 0x000000008ba00000| Untracked 
| 187|0x000000008bb00000, 0x000000008bb00000, 0x000000008bc00000|  0%| F|  |TAMS 0x000000008bb00000, 0x000000008bb00000| Untracked 
| 188|0x000000008bc00000, 0x000000008bc00000, 0x000000008bd00000|  0%| F|  |TAMS 0x000000008bc00000, 0x000000008bc00000| Untracked 
| 189|0x000000008bd00000, 0x000000008bd00000, 0x000000008be00000|  0%| F|  |TAMS 0x000000008bd00000, 0x000000008bd00000| Untracked 
| 190|0x000000008be00000, 0x000000008be00000, 0x000000008bf00000|  0%| F|  |TAMS 0x000000008be00000, 0x000000008be00000| Untracked 
| 191|0x000000008bf00000, 0x000000008bf00000, 0x000000008c000000|  0%| F|  |TAMS 0x000000008bf00000, 0x000000008bf00000| Untracked 
| 192|0x000000008c000000, 0x000000008c000000, 0x000000008c100000|  0%| F|  |TAMS 0x000000008c000000, 0x000000008c000000| Untracked 
| 193|0x000000008c100000, 0x000000008c100000, 0x000000008c200000|  0%| F|  |TAMS 0x000000008c100000, 0x000000008c100000| Untracked 
| 194|0x000000008c200000, 0x000000008c200000, 0x000000008c300000|  0%| F|  |TAMS 0x000000008c200000, 0x000000008c200000| Untracked 
| 195|0x000000008c300000, 0x000000008c300000, 0x000000008c400000|  0%| F|  |TAMS 0x000000008c300000, 0x000000008c300000| Untracked 
| 196|0x000000008c400000, 0x000000008c400000, 0x000000008c500000|  0%| F|  |TAMS 0x000000008c400000, 0x000000008c400000| Untracked 
| 197|0x000000008c500000, 0x000000008c500000, 0x000000008c600000|  0%| F|  |TAMS 0x000000008c500000, 0x000000008c500000| Untracked 
| 198|0x000000008c600000, 0x000000008c600000, 0x000000008c700000|  0%| F|  |TAMS 0x000000008c600000, 0x000000008c600000| Untracked 
| 199|0x000000008c700000, 0x000000008c700000, 0x000000008c800000|  0%| F|  |TAMS 0x000000008c700000, 0x000000008c700000| Untracked 
| 200|0x000000008c800000, 0x000000008c800000, 0x000000008c900000|  0%| F|  |TAMS 0x000000008c800000, 0x000000008c800000| Untracked 
| 201|0x000000008c900000, 0x000000008c900000, 0x000000008ca00000|  0%| F|  |TAMS 0x000000008c900000, 0x000000008c900000| Untracked 
| 202|0x000000008ca00000, 0x000000008ca00000, 0x000000008cb00000|  0%| F|  |TAMS 0x000000008ca00000, 0x000000008ca00000| Untracked 
| 203|0x000000008cb00000, 0x000000008cb00000, 0x000000008cc00000|  0%| F|  |TAMS 0x000000008cb00000, 0x000000008cb00000| Untracked 
| 204|0x000000008cc00000, 0x000000008cc00000, 0x000000008cd00000|  0%| F|  |TAMS 0x000000008cc00000, 0x000000008cc00000| Untracked 
| 205|0x000000008cd00000, 0x000000008cd00000, 0x000000008ce00000|  0%| F|  |TAMS 0x000000008cd00000, 0x000000008cd00000| Untracked 
| 206|0x000000008ce00000, 0x000000008ce00000, 0x000000008cf00000|  0%| F|  |TAMS 0x000000008ce00000, 0x000000008ce00000| Untracked 
| 207|0x000000008cf00000, 0x000000008cf00000, 0x000000008d000000|  0%| F|  |TAMS 0x000000008cf00000, 0x000000008cf00000| Untracked 
| 208|0x000000008d000000, 0x000000008d000000, 0x000000008d100000|  0%| F|  |TAMS 0x000000008d000000, 0x000000008d000000| Untracked 
| 209|0x000000008d100000, 0x000000008d100000, 0x000000008d200000|  0%| F|  |TAMS 0x000000008d100000, 0x000000008d100000| Untracked 
| 210|0x000000008d200000, 0x000000008d200000, 0x000000008d300000|  0%| F|  |TAMS 0x000000008d200000, 0x000000008d200000| Untracked 
| 211|0x000000008d300000, 0x000000008d37af08, 0x000000008d400000| 48%| E|  |TAMS 0x000000008d300000, 0x000000008d300000| Complete 
| 212|0x000000008d400000, 0x000000008d4fd0b8, 0x000000008d500000| 98%| E|  |TAMS 0x000000008d400000, 0x000000008d400000| Complete 

Card table byte_map: [0x000001ce75380000,0x000001ce75780000] _byte_map_base: 0x000001ce74f80000

Marking Bits (Prev, Next): (CMBitMap*) 0x000001ce6f251758, (CMBitMap*) 0x000001ce6f251790
 Prev Bits: [0x000001ce75b80000, 0x000001ce77b80000)
 Next Bits: [0x000001ce77b80000, 0x000001ce79b80000)

Polling page: 0x000001ce6f2f0000

Metaspace:

Usage:
  Non-class:    105.81 MB capacity,   103.51 MB ( 98%) used,     1.84 MB (  2%) free+waste,   473.44 KB ( <1%) overhead. 
      Class:     17.17 MB capacity,    15.64 MB ( 91%) used,     1.32 MB (  8%) free+waste,   227.25 KB (  1%) overhead. 
       Both:    122.99 MB capacity,   119.15 MB ( 97%) used,     3.16 MB (  3%) free+waste,   700.69 KB ( <1%) overhead. 

Virtual space:
  Non-class space:      108.00 MB reserved,     106.67 MB ( 99%) committed 
      Class space:        1.00 GB reserved,      17.82 MB (  2%) committed 
             Both:        1.11 GB reserved,     124.50 MB ( 11%) committed 

Chunk freelists:
   Non-Class:  878.00 KB
       Class:  558.00 KB
        Both:  1.40 MB

MaxMetaspaceSize: 17179869184.00 GB
CompressedClassSpaceSize: 1.00 GB
Initial GC threshold: 20.80 MB
Current GC threshold: 205.00 MB
CDS: off

CodeHeap 'non-profiled nmethods': size=120000Kb used=6418Kb max_used=6418Kb free=113581Kb
 bounds [0x000001ce07ad0000, 0x000001ce08120000, 0x000001ce0f000000]
CodeHeap 'profiled nmethods': size=120000Kb used=29574Kb max_used=29574Kb free=90425Kb
 bounds [0x000001ce005a0000, 0x000001ce02290000, 0x000001ce07ad0000]
CodeHeap 'non-nmethods': size=5760Kb used=2447Kb max_used=2461Kb free=3312Kb
 bounds [0x000001ce00000000, 0x000001ce00270000, 0x000001ce005a0000]
 total_blobs=16075 nmethods=15090 adapters=897
 compilation: enabled
              stopped_count=0, restarted_count=0
 full_count=0

Compilation events (20 events):
Event: 45.097 Thread 0x000001ce7c666800 15621       3       com.android.builder.internal.packaging.IncrementalPackager::lambda$addFiles$14 (16 bytes)
Event: 45.098 Thread 0x000001ce7c666800 nmethod 15621 0x000001ce02279310 code [0x000001ce022794c0, 0x000001ce022796c8]
Event: 45.099 Thread 0x000001ce7c666800 15622       3       com.android.zipflinger.ZipWriter::position (12 bytes)
Event: 45.099 Thread 0x000001ce7c666800 nmethod 15622 0x000001ce02279790 code [0x000001ce02279960, 0x000001ce02279b58]
Event: 45.099 Thread 0x000001ce7c666800 15623       3       com.android.zipflinger.ZipWriter::position (14 bytes)
Event: 45.099 Thread 0x000001ce7c666800 nmethod 15623 0x000001ce02279c90 code [0x000001ce02279e60, 0x000001ce0227a058]
Event: 45.099 Thread 0x000001ce7c666800 15624       3       com.android.zipflinger.ZipArchive::writeSource (205 bytes)
Event: 45.102 Thread 0x000001ce7c666800 nmethod 15624 0x000001ce0227a190 code [0x000001ce0227a540, 0x000001ce0227bee8]
Event: 45.102 Thread 0x000001ce7c666800 15625       3       com.android.zipflinger.ZipWriter::write (13 bytes)
Event: 45.102 Thread 0x000001ce7c666800 nmethod 15625 0x000001ce0227c990 code [0x000001ce0227cb60, 0x000001ce0227cd58]
Event: 45.102 Thread 0x000001ce7c666800 15626       3       jdk.internal.reflect.Label::<init> (16 bytes)
Event: 45.103 Thread 0x000001ce7c666800 nmethod 15626 0x000001ce0227ce90 code [0x000001ce0227d080, 0x000001ce0227d478]
Event: 45.120 Thread 0x000001ce7c666800 15627       3       com.android.zipflinger.CentralDirectoryRecord::getSize (27 bytes)
Event: 45.121 Thread 0x000001ce7c666800 nmethod 15627 0x000001ce0227d610 code [0x000001ce0227d7c0, 0x000001ce0227d938]
Event: 45.121 Thread 0x000001ce7c666800 15628       3       com.android.zipflinger.CentralDirectoryRecord::write (234 bytes)
Event: 45.123 Thread 0x000001ce7c666800 nmethod 15628 0x000001ce0227da10 code [0x000001ce0227dde0, 0x000001ce0227f748]
Event: 45.123 Thread 0x000001ce7c666800 15629       3       com.android.zipflinger.CentralDirectoryRecord::buildExtraField (77 bytes)
Event: 45.124 Thread 0x000001ce7c666800 nmethod 15629 0x000001ce0227fe90 code [0x000001ce02280100, 0x000001ce02280c48]
Event: 45.183 Thread 0x000001ce7c666800 15630       3       java.lang.Thread::setContextClassLoader (27 bytes)
Event: 45.184 Thread 0x000001ce7c666800 nmethod 15630 0x000001ce02280f90 code [0x000001ce022811a0, 0x000001ce02281778]

GC Heap History (20 events):
Event: 34.291 GC heap before
{Heap before GC invocations=47 (full 0):
 garbage-first heap   total 150528K, used 119883K [0x0000000080000000, 0x0000000100000000)
  region size 1024K, 43 young (44032K), 6 survivors (6144K)
 Metaspace       used 88818K, capacity 91120K, committed 91388K, reserved 1128448K
  class space    used 11472K, capacity 12338K, committed 12364K, reserved 1048576K
}
Event: 34.302 GC heap after
{Heap after GC invocations=48 (full 0):
 garbage-first heap   total 181248K, used 84800K [0x0000000080000000, 0x0000000100000000)
  region size 1024K, 5 young (5120K), 5 survivors (5120K)
 Metaspace       used 88818K, capacity 91120K, committed 91388K, reserved 1128448K
  class space    used 11472K, capacity 12338K, committed 12364K, reserved 1048576K
}
Event: 34.840 GC heap before
{Heap before GC invocations=48 (full 0):
 garbage-first heap   total 181248K, used 133952K [0x0000000080000000, 0x0000000100000000)
  region size 1024K, 54 young (55296K), 5 survivors (5120K)
 Metaspace       used 90407K, capacity 92671K, committed 92924K, reserved 1130496K
  class space    used 11678K, capacity 12532K, committed 12620K, reserved 1048576K
}
Event: 34.849 GC heap after
{Heap after GC invocations=49 (full 0):
 garbage-first heap   total 181248K, used 86817K [0x0000000080000000, 0x0000000100000000)
  region size 1024K, 4 young (4096K), 4 survivors (4096K)
 Metaspace       used 90407K, capacity 92671K, committed 92924K, reserved 1130496K
  class space    used 11678K, capacity 12532K, committed 12620K, reserved 1048576K
}
Event: 37.954 GC heap before
{Heap before GC invocations=49 (full 0):
 garbage-first heap   total 181248K, used 138017K [0x0000000080000000, 0x0000000100000000)
  region size 1024K, 54 young (55296K), 4 survivors (4096K)
 Metaspace       used 93176K, capacity 95422K, committed 95484K, reserved 1132544K
  class space    used 11991K, capacity 12857K, committed 12876K, reserved 1048576K
}
Event: 37.972 GC heap after
{Heap after GC invocations=50 (full 0):
 garbage-first heap   total 181248K, used 92572K [0x0000000080000000, 0x0000000100000000)
  region size 1024K, 7 young (7168K), 7 survivors (7168K)
 Metaspace       used 93176K, capacity 95422K, committed 95484K, reserved 1132544K
  class space    used 11991K, capacity 12857K, committed 12876K, reserved 1048576K
}
Event: 38.720 GC heap before
{Heap before GC invocations=51 (full 0):
 garbage-first heap   total 181248K, used 140700K [0x0000000080000000, 0x0000000100000000)
  region size 1024K, 55 young (56320K), 7 survivors (7168K)
 Metaspace       used 94670K, capacity 96760K, committed 97276K, reserved 1134592K
  class space    used 12132K, capacity 12976K, committed 13132K, reserved 1048576K
}
Event: 38.737 GC heap after
{Heap after GC invocations=52 (full 0):
 garbage-first heap   total 181248K, used 93563K [0x0000000080000000, 0x0000000100000000)
  region size 1024K, 5 young (5120K), 5 survivors (5120K)
 Metaspace       used 94670K, capacity 96760K, committed 97276K, reserved 1134592K
  class space    used 12132K, capacity 12976K, committed 13132K, reserved 1048576K
}
Event: 39.805 GC heap before
{Heap before GC invocations=52 (full 0):
 garbage-first heap   total 181248K, used 141691K [0x0000000080000000, 0x0000000100000000)
  region size 1024K, 53 young (54272K), 5 survivors (5120K)
 Metaspace       used 100505K, capacity 102730K, committed 103164K, reserved 1138688K
  class space    used 12867K, capacity 13724K, committed 13900K, reserved 1048576K
}
Event: 39.819 GC heap after
{Heap after GC invocations=53 (full 0):
 garbage-first heap   total 218112K, used 97165K [0x0000000080000000, 0x0000000100000000)
  region size 1024K, 6 young (6144K), 6 survivors (6144K)
 Metaspace       used 100505K, capacity 102730K, committed 103164K, reserved 1138688K
  class space    used 12867K, capacity 13724K, committed 13900K, reserved 1048576K
}
Event: 41.350 GC heap before
{Heap before GC invocations=54 (full 0):
 garbage-first heap   total 218112K, used 160653K [0x0000000080000000, 0x0000000100000000)
  region size 1024K, 67 young (68608K), 6 survivors (6144K)
 Metaspace       used 104684K, capacity 107092K, committed 107132K, reserved 1142784K
  class space    used 13343K, capacity 14264K, committed 14284K, reserved 1048576K
}
Event: 41.365 GC heap after
{Heap after GC invocations=55 (full 0):
 garbage-first heap   total 218112K, used 103379K [0x0000000080000000, 0x0000000100000000)
  region size 1024K, 8 young (8192K), 8 survivors (8192K)
 Metaspace       used 104684K, capacity 107092K, committed 107132K, reserved 1142784K
  class space    used 13343K, capacity 14264K, committed 14284K, reserved 1048576K
}
Event: 42.572 GC heap before
{Heap before GC invocations=55 (full 0):
 garbage-first heap   total 218112K, used 167891K [0x0000000080000000, 0x0000000100000000)
  region size 1024K, 70 young (71680K), 8 survivors (8192K)
 Metaspace       used 111917K, capacity 115048K, committed 115324K, reserved 1148928K
  class space    used 14479K, capacity 15710K, committed 15820K, reserved 1048576K
}
Event: 42.591 GC heap after
{Heap after GC invocations=56 (full 0):
 garbage-first heap   total 218112K, used 109530K [0x0000000080000000, 0x0000000100000000)
  region size 1024K, 9 young (9216K), 9 survivors (9216K)
 Metaspace       used 111917K, capacity 115048K, committed 115324K, reserved 1148928K
  class space    used 14479K, capacity 15710K, committed 15820K, reserved 1048576K
}
Event: 43.409 GC heap before
{Heap before GC invocations=56 (full 0):
 garbage-first heap   total 218112K, used 169946K [0x0000000080000000, 0x0000000100000000)
  region size 1024K, 69 young (70656K), 9 survivors (9216K)
 Metaspace       used 119049K, capacity 123211K, committed 123388K, reserved 1155072K
  class space    used 15772K, capacity 17464K, committed 17484K, reserved 1048576K
}
Event: 43.430 GC heap after
{Heap after GC invocations=57 (full 0):
 garbage-first heap   total 218112K, used 110796K [0x0000000080000000, 0x0000000100000000)
  region size 1024K, 3 young (3072K), 3 survivors (3072K)
 Metaspace       used 119049K, capacity 123211K, committed 123388K, reserved 1155072K
  class space    used 15772K, capacity 17464K, committed 17484K, reserved 1048576K
}
Event: 44.354 GC heap before
{Heap before GC invocations=58 (full 0):
 garbage-first heap   total 218112K, used 163020K [0x0000000080000000, 0x0000000100000000)
  region size 1024K, 55 young (56320K), 3 survivors (3072K)
 Metaspace       used 121127K, capacity 125547K, committed 125692K, reserved 1157120K
  class space    used 16122K, capacity 17942K, committed 17996K, reserved 1048576K
}
Event: 44.384 GC heap after
{Heap after GC invocations=59 (full 0):
 garbage-first heap   total 218112K, used 116603K [0x0000000080000000, 0x0000000100000000)
  region size 1024K, 8 young (8192K), 8 survivors (8192K)
 Metaspace       used 121127K, capacity 125547K, committed 125692K, reserved 1157120K
  class space    used 16122K, capacity 17942K, committed 17996K, reserved 1048576K
}
Event: 45.173 GC heap before
{Heap before GC invocations=60 (full 0):
 garbage-first heap   total 218112K, used 145275K [0x0000000080000000, 0x0000000100000000)
  region size 1024K, 37 young (37888K), 8 survivors (8192K)
 Metaspace       used 121974K, capacity 125940K, committed 127484K, reserved 1159168K
  class space    used 16008K, capacity 17586K, committed 18252K, reserved 1048576K
}
Event: 45.181 GC heap after
{Heap after GC invocations=61 (full 0):
 garbage-first heap   total 218112K, used 111999K [0x0000000080000000, 0x0000000100000000)
  region size 1024K, 2 young (2048K), 2 survivors (2048K)
 Metaspace       used 121974K, capacity 125940K, committed 127484K, reserved 1159168K
  class space    used 16008K, capacity 17586K, committed 18252K, reserved 1048576K
}

Deoptimization events (20 events):
Event: 45.191 Thread 0x000001ce10e06800 Uncommon trap: trap_request=0xffffffc6 fr.pc=0x000001ce08107c64 relative=0x00000000000005c4
Event: 45.192 Thread 0x000001ce10e06800 Uncommon trap: reason=bimorphic_or_optimized_type_check action=maybe_recompile pc=0x000001ce08107c64 method=sun.security.provider.DigestBase.engineDigest([BII)I @ 97 c2
Event: 45.192 Thread 0x000001ce10e06800 DEOPT PACKING pc=0x000001ce08107c64 sp=0x0000003e12efeb10
Event: 45.192 Thread 0x000001ce10e06800 DEOPT UNPACKING pc=0x000001ce0004a1af sp=0x0000003e12efeae0 mode 2
Event: 45.193 Thread 0x000001ce10e05800 Uncommon trap: trap_request=0xffffffc6 fr.pc=0x000001ce08107c64 relative=0x00000000000005c4
Event: 45.193 Thread 0x000001ce10e05800 Uncommon trap: reason=bimorphic_or_optimized_type_check action=maybe_recompile pc=0x000001ce08107c64 method=sun.security.provider.DigestBase.engineDigest([BII)I @ 97 c2
Event: 45.193 Thread 0x000001ce10e05800 DEOPT PACKING pc=0x000001ce08107c64 sp=0x0000003e12ffeca0
Event: 45.193 Thread 0x000001ce10e05800 DEOPT UNPACKING pc=0x000001ce0004a1af sp=0x0000003e12ffec70 mode 2
Event: 45.194 Thread 0x000001ce10e05800 Uncommon trap: trap_request=0xffffffc6 fr.pc=0x000001ce08107c64 relative=0x00000000000005c4
Event: 45.194 Thread 0x000001ce10e05800 Uncommon trap: reason=bimorphic_or_optimized_type_check action=maybe_recompile pc=0x000001ce08107c64 method=sun.security.provider.DigestBase.engineDigest([BII)I @ 97 c2
Event: 45.194 Thread 0x000001ce10e05800 DEOPT PACKING pc=0x000001ce08107c64 sp=0x0000003e12ffeca0
Event: 45.194 Thread 0x000001ce10e05800 DEOPT UNPACKING pc=0x000001ce0004a1af sp=0x0000003e12ffec70 mode 2
Event: 45.195 Thread 0x000001ce10e0c000 Uncommon trap: trap_request=0xffffffc6 fr.pc=0x000001ce08107c64 relative=0x00000000000005c4
Event: 45.195 Thread 0x000001ce10e0c000 Uncommon trap: reason=bimorphic_or_optimized_type_check action=maybe_recompile pc=0x000001ce08107c64 method=sun.security.provider.DigestBase.engineDigest([BII)I @ 97 c2
Event: 45.195 Thread 0x000001ce10e0c000 DEOPT PACKING pc=0x000001ce08107c64 sp=0x0000003e134ff160
Event: 45.195 Thread 0x000001ce10e0c000 DEOPT UNPACKING pc=0x000001ce0004a1af sp=0x0000003e134ff130 mode 2
Event: 45.199 Thread 0x000001ce10eaa000 Uncommon trap: trap_request=0xffffffc6 fr.pc=0x000001ce07d610d0 relative=0x00000000000008f0
Event: 45.199 Thread 0x000001ce10eaa000 Uncommon trap: reason=bimorphic_or_optimized_type_check action=maybe_recompile pc=0x000001ce07d610d0 method=java.lang.Throwable.<init>(Ljava/lang/String;Ljava/lang/Throwable;)V @ 24 c2
Event: 45.199 Thread 0x000001ce10eaa000 DEOPT PACKING pc=0x000001ce07d610d0 sp=0x0000003e10ffb160
Event: 45.199 Thread 0x000001ce10eaa000 DEOPT UNPACKING pc=0x000001ce0004a1af sp=0x0000003e10ffb128 mode 2

Classes redefined (0 events):
No events

Internal exceptions (20 events):
Event: 43.746 Thread 0x000001ce14579800 Exception <a 'sun/nio/fs/WindowsException'{0x000000008c2c96d0}> (0x000000008c2c96d0) thrown at [./src/hotspot/share/prims/jni.cpp, line 616]
Event: 43.753 Thread 0x000001ce14579800 Exception <a 'sun/nio/fs/WindowsException'{0x000000008c2dc498}> (0x000000008c2dc498) thrown at [./src/hotspot/share/prims/jni.cpp, line 616]
Event: 43.759 Thread 0x000001ce14579800 Exception <a 'sun/nio/fs/WindowsException'{0x000000008c2f1308}> (0x000000008c2f1308) thrown at [./src/hotspot/share/prims/jni.cpp, line 616]
Event: 43.763 Thread 0x000001ce14579800 Exception <a 'sun/nio/fs/WindowsException'{0x000000008c2fd2b8}> (0x000000008c2fd2b8) thrown at [./src/hotspot/share/prims/jni.cpp, line 616]
Event: 44.018 Thread 0x000001ce10eb5800 Exception <a 'java/lang/NoSuchMethodError'{0x000000008bd3ad38}: <clinit>> (0x000000008bd3ad38) thrown at [./src/hotspot/share/prims/jni.cpp, line 1366]
Event: 44.085 Thread 0x000001ce1457a000 Exception <a 'sun/nio/fs/WindowsException'{0x000000008baeff38}> (0x000000008baeff38) thrown at [./src/hotspot/share/prims/jni.cpp, line 616]
Event: 44.085 Thread 0x000001ce1457b000 Exception <a 'sun/nio/fs/WindowsException'{0x000000008b961430}> (0x000000008b961430) thrown at [./src/hotspot/share/prims/jni.cpp, line 616]
Event: 44.085 Thread 0x000001ce14578800 Exception <a 'sun/nio/fs/WindowsException'{0x000000008b972c38}> (0x000000008b972c38) thrown at [./src/hotspot/share/prims/jni.cpp, line 616]
Event: 44.101 Thread 0x000001ce1457b800 Exception <a 'sun/nio/fs/WindowsException'{0x000000008b870a70}> (0x000000008b870a70) thrown at [./src/hotspot/share/prims/jni.cpp, line 616]
Event: 44.200 Thread 0x000001ce1457b000 Exception <a 'sun/nio/fs/WindowsException'{0x000000008adde8e8}> (0x000000008adde8e8) thrown at [./src/hotspot/share/prims/jni.cpp, line 616]
Event: 44.206 Thread 0x000001ce14578800 Exception <a 'sun/nio/fs/WindowsException'{0x000000008acff868}> (0x000000008acff868) thrown at [./src/hotspot/share/prims/jni.cpp, line 616]
Event: 44.221 Thread 0x000001ce1457b800 Exception <a 'sun/nio/fs/WindowsException'{0x000000008a950e18}> (0x000000008a950e18) thrown at [./src/hotspot/share/prims/jni.cpp, line 616]
Event: 44.411 Thread 0x000001ce1457a000 Exception <a 'sun/nio/fs/WindowsException'{0x000000008d4a1e48}> (0x000000008d4a1e48) thrown at [./src/hotspot/share/prims/jni.cpp, line 616]
Event: 44.791 Thread 0x000001ce14579800 Exception <a 'sun/nio/fs/WindowsException'{0x000000008cd1f5e0}> (0x000000008cd1f5e0) thrown at [./src/hotspot/share/prims/jni.cpp, line 616]
Event: 44.834 Thread 0x000001ce14579800 Implicit null exception at 0x000001ce07fc268f to 0x000001ce07fc5464
Event: 44.895 Thread 0x000001ce14579800 Exception <a 'java/lang/NoSuchMethodError'{0x000000008c929438}: 'java.lang.Object java.lang.invoke.DirectMethodHandle$Holder.invokeStatic(java.lang.Object, java.lang.Object, java.lang.Object, java.lang.Object, java.lang.Object, int, java.lang.Object)'> (0x000000008c929438) thrown at [./src/hotspot/share/interpreter/linkResolver.cpp, line 773]
Event: 44.919 Thread 0x000001ce14579800 Exception <a 'java/lang/NoSuchMethodError'{0x000000008c517f00}: 'java.lang.Object java.lang.invoke.DirectMethodHandle$Holder.invokeStatic(java.lang.Object, java.lang.Object, java.lang.Object, java.lang.Object, java.lang.Object, java.lang.Object, java.lang.Object, int)'> (0x000000008c517f00) thrown at [./src/hotspot/share/interpreter/linkResolver.cpp, line 773]
Event: 44.920 Thread 0x000001ce14579800 Exception <a 'java/lang/NoSuchMethodError'{0x000000008c51c5e0}: 'java.lang.Object java.lang.invoke.DirectMethodHandle$Holder.invokeSpecial(java.lang.Object, java.lang.Object, java.lang.Object, java.lang.Object, java.lang.Object, java.lang.Object, java.lang.Object, java.lang.Object, int)'> (0x000000008c51c5e0) thrown at [./src/hotspot/share/interpreter/linkResolver.cpp, line 773]
Event: 44.920 Thread 0x000001ce14579800 Exception <a 'java/lang/NoSuchMethodError'{0x000000008c520888}: 'java.lang.Object java.lang.invoke.Invokers$Holder.linkToTargetMethod(java.lang.Object, java.lang.Object, java.lang.Object, java.lang.Object, java.lang.Object, java.lang.Object, int, java.lang.Object)'> (0x000000008c520888) thrown at [./src/hotspot/share/interpreter/linkResolver.cpp, line 773]
Event: 45.198 Thread 0x000001ce14579800 Exception <a 'java/lang/ClassNotFoundException'{0x000000008d40ee28}: sun/misc/SharedSecrets> (0x000000008d40ee28) thrown at [./src/hotspot/share/classfile/systemDictionary.cpp, line 231]

Events (20 events):
Event: 45.182 Executing VM operation: RevokeBias
Event: 45.182 Executing VM operation: RevokeBias done
Event: 45.183 Thread 0x000001ce10e0d800 Thread added: 0x000001ce10e0d800
Event: 45.183 loading class java/util/concurrent/CountedCompleter
Event: 45.183 loading class java/util/concurrent/CountedCompleter done
Event: 45.184 Thread 0x000001ce10e0c000 Thread added: 0x000001ce10e0c000
Event: 45.184 Executing VM operation: RevokeBias
Event: 45.185 Executing VM operation: RevokeBias done
Event: 45.185 Executing VM operation: RevokeBias
Event: 45.185 Executing VM operation: RevokeBias done
Event: 45.185 Executing VM operation: RevokeBias
Event: 45.186 Executing VM operation: RevokeBias done
Event: 45.188 loading class com/android/apksig/internal/apk/ApkSigningBlockUtils$ChunkSupplier$Chunk
Event: 45.188 loading class com/android/apksig/internal/apk/ApkSigningBlockUtils$ChunkSupplier$Chunk done
Event: 45.196 loading class com/google/common/base/Throwables
Event: 45.196 loading class com/google/common/base/Throwables done
Event: 45.198 loading class sun/misc/SharedSecrets
Event: 45.198 loading class sun/misc/SharedSecrets done
Event: 45.199 loading class org/gradle/internal/exceptions/DefaultMultiCauseException$1
Event: 45.199 loading class org/gradle/internal/exceptions/DefaultMultiCauseException$1 done


Dynamic libraries:
0x00007ff7ddc70000 - 0x00007ff7ddc7a000 	C:\Users\User\AppData\Local\JetBrains\Toolbox\apps\AndroidStudio\ch-0\213.7172.25.2113.9123335\jre\bin\java.exe
0x00007fff01100000 - 0x00007fff01309000 	C:\WINDOWS\SYSTEM32\ntdll.dll
0x00007ffeff120000 - 0x00007ffeff1de000 	C:\WINDOWS\System32\KERNEL32.DLL
0x00007ffefe920000 - 0x00007ffefec9b000 	C:\WINDOWS\System32\KERNELBASE.dll
0x00007ffefe690000 - 0x00007ffefe7a1000 	C:\WINDOWS\System32\ucrtbase.dll
0x00007ffef0290000 - 0x00007ffef02a9000 	C:\Users\User\AppData\Local\JetBrains\Toolbox\apps\AndroidStudio\ch-0\213.7172.25.2113.9123335\jre\bin\jli.dll
0x00007ffef54a0000 - 0x00007ffef54b7000 	C:\Users\User\AppData\Local\JetBrains\Toolbox\apps\AndroidStudio\ch-0\213.7172.25.2113.9123335\jre\bin\VCRUNTIME140.dll
0x00007ffeff540000 - 0x00007ffeff6ed000 	C:\WINDOWS\System32\USER32.dll
0x00007ffefef50000 - 0x00007ffefef76000 	C:\WINDOWS\System32\win32u.dll
0x00007ffefef80000 - 0x00007ffefefa9000 	C:\WINDOWS\System32\GDI32.dll
0x00007ffefed10000 - 0x00007ffefee28000 	C:\WINDOWS\System32\gdi32full.dll
0x00007ffefee30000 - 0x00007ffefeecd000 	C:\WINDOWS\System32\msvcp_win.dll
0x00007ffeeee00000 - 0x00007ffeef0a5000 	C:\WINDOWS\WinSxS\amd64_microsoft.windows.common-controls_6595b64144ccf1df_6.0.22000.120_none_9d947278b86cc467\COMCTL32.dll
0x00007ffefefb0000 - 0x00007ffeff053000 	C:\WINDOWS\System32\msvcrt.dll
0x00007fff002b0000 - 0x00007fff002e2000 	C:\WINDOWS\System32\IMM32.DLL
0x00007ffedd910000 - 0x00007ffedd9ad000 	C:\Users\User\AppData\Local\JetBrains\Toolbox\apps\AndroidStudio\ch-0\213.7172.25.2113.9123335\jre\bin\msvcp140.dll
0x00007ffecb040000 - 0x00007ffecbb42000 	C:\Users\User\AppData\Local\JetBrains\Toolbox\apps\AndroidStudio\ch-0\213.7172.25.2113.9123335\jre\bin\server\jvm.dll
0x00007fff00f50000 - 0x00007fff00ffe000 	C:\WINDOWS\System32\ADVAPI32.dll
0x00007ffeffe90000 - 0x00007ffefff2e000 	C:\WINDOWS\System32\sechost.dll
0x00007ffeffb60000 - 0x00007ffeffc80000 	C:\WINDOWS\System32\RPCRT4.dll
0x00007ffeffe80000 - 0x00007ffeffe88000 	C:\WINDOWS\System32\PSAPI.DLL
0x00007ffee7f60000 - 0x00007ffee7f69000 	C:\WINDOWS\SYSTEM32\WSOCK32.dll
0x00007fff00ee0000 - 0x00007fff00f4f000 	C:\WINDOWS\System32\WS2_32.dll
0x00007ffef6ea0000 - 0x00007ffef6ed3000 	C:\WINDOWS\SYSTEM32\WINMM.dll
0x00007ffef5080000 - 0x00007ffef508a000 	C:\WINDOWS\SYSTEM32\VERSION.dll
0x00007ffefd650000 - 0x00007ffefd668000 	C:\WINDOWS\SYSTEM32\kernel.appcore.dll
0x00007ffefa190000 - 0x00007ffefa1a1000 	C:\Users\User\AppData\Local\JetBrains\Toolbox\apps\AndroidStudio\ch-0\213.7172.25.2113.9123335\jre\bin\verify.dll
0x00007ffeee310000 - 0x00007ffeee531000 	C:\WINDOWS\SYSTEM32\DBGHELP.DLL
0x00007ffef0100000 - 0x00007ffef0131000 	C:\WINDOWS\SYSTEM32\dbgcore.DLL
0x00007ffefeed0000 - 0x00007ffefef4f000 	C:\WINDOWS\System32\bcryptPrimitives.dll
0x00007ffeeec60000 - 0x00007ffeeec89000 	C:\Users\User\AppData\Local\JetBrains\Toolbox\apps\AndroidStudio\ch-0\213.7172.25.2113.9123335\jre\bin\java.dll
0x00007ffef5580000 - 0x00007ffef558b000 	C:\Users\User\AppData\Local\JetBrains\Toolbox\apps\AndroidStudio\ch-0\213.7172.25.2113.9123335\jre\bin\jimage.dll
0x00007ffef01c0000 - 0x00007ffef01d8000 	C:\Users\User\AppData\Local\JetBrains\Toolbox\apps\AndroidStudio\ch-0\213.7172.25.2113.9123335\jre\bin\zip.dll
0x00007fff00720000 - 0x00007fff00ed8000 	C:\WINDOWS\System32\SHELL32.dll
0x00007ffefc6c0000 - 0x00007ffefcf25000 	C:\WINDOWS\SYSTEM32\windows.storage.dll
0x00007ffefff30000 - 0x00007fff002a8000 	C:\WINDOWS\System32\combase.dll
0x00007ffefc550000 - 0x00007ffefc6b6000 	C:\WINDOWS\SYSTEM32\wintypes.dll
0x00007fff00630000 - 0x00007fff0071a000 	C:\WINDOWS\System32\SHCORE.dll
0x00007fff01000000 - 0x00007fff0105d000 	C:\WINDOWS\System32\shlwapi.dll
0x00007ffefe500000 - 0x00007ffefe521000 	C:\WINDOWS\SYSTEM32\profapi.dll
0x00007ffeef6a0000 - 0x00007ffeef6ba000 	C:\Users\User\AppData\Local\JetBrains\Toolbox\apps\AndroidStudio\ch-0\213.7172.25.2113.9123335\jre\bin\net.dll
0x00007ffef7c20000 - 0x00007ffef7d34000 	C:\WINDOWS\SYSTEM32\WINHTTP.dll
0x00007ffefdaf0000 - 0x00007ffefdb57000 	C:\WINDOWS\system32\mswsock.dll
0x00007ffeef640000 - 0x00007ffeef654000 	C:\Users\User\AppData\Local\JetBrains\Toolbox\apps\AndroidStudio\ch-0\213.7172.25.2113.9123335\jre\bin\nio.dll
0x00007ffeebed0000 - 0x00007ffeebef7000 	C:\Users\User\.gradle\native\e1d6ef7f7dcc3fd88c89a11ec53ec762bb8ba0a96d01ffa2cd45eb1d1d8dd5c5\windows-amd64\native-platform.dll
0x00007ffecdf40000 - 0x00007ffece084000 	C:\Users\User\.gradle\native\0d407fdbe67a94daf76414ababcb853783967236a71b16ec16e742cd7a986fd3\windows-amd64\native-platform-file-events.dll
0x00007ffef3630000 - 0x00007ffef363a000 	C:\Users\User\AppData\Local\JetBrains\Toolbox\apps\AndroidStudio\ch-0\213.7172.25.2113.9123335\jre\bin\management.dll
0x00007ffef14b0000 - 0x00007ffef14bd000 	C:\Users\User\AppData\Local\JetBrains\Toolbox\apps\AndroidStudio\ch-0\213.7172.25.2113.9123335\jre\bin\management_ext.dll
0x00007ffefdd30000 - 0x00007ffefdd48000 	C:\WINDOWS\SYSTEM32\CRYPTSP.dll
0x00007ffefd5b0000 - 0x00007ffefd5e5000 	C:\WINDOWS\system32\rsaenh.dll
0x00007ffefdbe0000 - 0x00007ffefdc09000 	C:\WINDOWS\SYSTEM32\USERENV.dll
0x00007ffefdf20000 - 0x00007ffefdf47000 	C:\WINDOWS\SYSTEM32\bcrypt.dll
0x00007ffefe040000 - 0x00007ffefe04c000 	C:\WINDOWS\SYSTEM32\CRYPTBASE.dll
0x00007ffefd180000 - 0x00007ffefd1ad000 	C:\WINDOWS\SYSTEM32\IPHLPAPI.DLL
0x00007ffeffce0000 - 0x00007ffeffce9000 	C:\WINDOWS\System32\NSI.dll
0x00007ffef7950000 - 0x00007ffef7969000 	C:\WINDOWS\SYSTEM32\dhcpcsvc6.DLL
0x00007ffef8240000 - 0x00007ffef825e000 	C:\WINDOWS\SYSTEM32\dhcpcsvc.DLL
0x00007ffefd1b0000 - 0x00007ffefd298000 	C:\WINDOWS\SYSTEM32\DNSAPI.dll
0x00007ffeeebe0000 - 0x00007ffeeec07000 	C:\Users\User\AppData\Local\JetBrains\Toolbox\apps\AndroidStudio\ch-0\213.7172.25.2113.9123335\jre\bin\sunec.dll

dbghelp: loaded successfully - version: 4.0.5 - missing functions: none
symbol engine: initialized successfully - sym options: 0x614 - pdb path: .;C:\Users\User\AppData\Local\JetBrains\Toolbox\apps\AndroidStudio\ch-0\213.7172.25.2113.9123335\jre\bin;C:\WINDOWS\SYSTEM32;C:\WINDOWS\WinSxS\amd64_microsoft.windows.common-controls_6595b64144ccf1df_6.0.22000.120_none_9d947278b86cc467;C:\Users\User\AppData\Local\JetBrains\Toolbox\apps\AndroidStudio\ch-0\213.7172.25.2113.9123335\jre\bin\server;C:\Users\User\.gradle\native\e1d6ef7f7dcc3fd88c89a11ec53ec762bb8ba0a96d01ffa2cd45eb1d1d8dd5c5\windows-amd64;C:\Users\User\.gradle\native\0d407fdbe67a94daf76414ababcb853783967236a71b16ec16e742cd7a986fd3\windows-amd64

VM Arguments:
jvm_args: --add-opens=java.base/java.util=ALL-UNNAMED --add-opens=java.base/java.lang=ALL-UNNAMED --add-opens=java.base/java.lang.invoke=ALL-UNNAMED --add-opens=java.base/java.util=ALL-UNNAMED --add-opens=java.prefs/java.util.prefs=ALL-UNNAMED --add-opens=java.prefs/java.util.prefs=ALL-UNNAMED --add-opens=java.base/java.nio.charset=ALL-UNNAMED --add-opens=java.base/java.net=ALL-UNNAMED --add-opens=java.base/java.util.concurrent.atomic=ALL-UNNAMED -Xmx2048m -Dfile.encoding=UTF-8 -Duser.country=RU -Duser.language=ru -Duser.variant 
java_command: org.gradle.launcher.daemon.bootstrap.GradleDaemon 7.4
java_class_path (initial): C:\Users\User\.gradle\wrapper\dists\gradle-7.4-bin\c0gwcg53nkjbqw7r0h0umtfvt\gradle-7.4\lib\gradle-launcher-7.4.jar
Launcher Type: SUN_STANDARD

[Global flags]
     intx CICompilerCount                          = 4                                         {product} {ergonomic}
     uint ConcGCThreads                            = 2                                         {product} {ergonomic}
     uint G1ConcRefinementThreads                  = 8                                         {product} {ergonomic}
   size_t G1HeapRegionSize                         = 1048576                                   {product} {ergonomic}
    uintx GCDrainStackTargetSize                   = 64                                        {product} {ergonomic}
   size_t InitialHeapSize                          = 100663296                                 {product} {ergonomic}
   size_t MarkStackSize                            = 4194304                                   {product} {ergonomic}
   size_t MaxHeapSize                              = 2147483648                                {product} {command line}
   size_t MaxNewSize                               = 1287651328                                {product} {ergonomic}
   size_t MinHeapDeltaBytes                        = 1048576                                   {product} {ergonomic}
    uintx NonNMethodCodeHeapSize                   = 5836300                                {pd product} {ergonomic}
    uintx NonProfiledCodeHeapSize                  = 122910970                              {pd product} {ergonomic}
    uintx ProfiledCodeHeapSize                     = 122910970                              {pd product} {ergonomic}
    uintx ReservedCodeCacheSize                    = 251658240                              {pd product} {ergonomic}
     bool SegmentedCodeCache                       = true                                      {product} {ergonomic}
     bool UseCompressedClassPointers               = true                                 {lp64_product} {ergonomic}
     bool UseCompressedOops                        = true                                 {lp64_product} {ergonomic}
     bool UseG1GC                                  = true                                      {product} {ergonomic}
     bool UseLargePagesIndividualAllocation        = false                                  {pd product} {ergonomic}

Logging:
Log output configuration:
 #0: stdout all=warning uptime,level,tags
 #1: stderr all=off uptime,level,tags

Environment Variables:
PATH=C:\Python35\Lib\site-packages\PyQt5;C:\WINDOWS\system32;C:\WINDOWS;C:\WINDOWS\System32\Wbem;C:\WINDOWS\System32\WindowsPowerShell\v1.0\;C:\WINDOWS\System32\OpenSSH\;C:\Program Files\7-Zip;C:\Program Files\dotnet\;C:\Program Files (x86)\Microsoft SQL Server\Client SDK\ODBC\130\Tools\Binn\;C:\Program Files (x86)\Microsoft SQL Server\140\Tools\Binn\;C:\Program Files (x86)\Microsoft SQL Server\140\DTS\Binn\;C:\Program Files (x86)\Microsoft SQL Server\140\Tools\Binn\ManagementStudio\;C:\Program Files\Microsoft SQL Server\130\Tools\Binn\;C:\Program Files\Git\cmd;C:\Program Files (x86)\php8;C:\composer;C:\Users\User\AppData\Local\Programs\Python\Python310\Scripts\;C:\Users\User\AppData\Local\Programs\Python\Python310\;C:\Users\User\AppData\Local\Microsoft\WindowsApps;C:\Users\User\AppData\Local\atom\bin;C:\Program Files\heroku\bin;C:\Users\User\AppData\Local\Microsoft\WindowsApps;C:\Users\User\AppData\Local\Programs\Python\Python310;C:\Users\User\AppData\Local\Programs\Microsoft VS Code\bin;C:\Users\User\AppData\Roaming\Composer\vendor\bin;C:\Users\User\AppData\Local\JetBrains\Toolbox\scripts;C:\Program Files\PostgreSQL\14\bin;
USERNAME=User
OS=Windows_NT
PROCESSOR_IDENTIFIER=AMD64 Family 23 Model 24 Stepping 1, AuthenticAMD



---------------  S Y S T E M  ---------------

OS: Windows 11 , 64 bit Build 22000 (10.0.22000.1219)
OS uptime: 18 days 18:42 hours

CPU:total 8 (initial active 8) (8 cores per cpu, 2 threads per core) family 23 model 24 stepping 1 microcode 0x0, cmov, cx8, fxsr, mmx, sse, sse2, sse3, ssse3, sse4.1, sse4.2, popcnt, avx, avx2, aes, clmul, mmxext, 3dnowpref, lzcnt, sse4a, ht, tsc, tscinvbit, tscinv, bmi1, bmi2, adx, sha, fma

Memory: 4k page, system-wide physical 6091M (223M free)
TotalPageFile size 24523M (AvailPageFile size 4M)
current process WorkingSet (physical memory assigned to process): 530M, peak: 530M
current process commit charge ("private bytes"): 567M, peak: 568M

vm_info: OpenJDK 64-Bit Server VM (11.0.13+0-b1751.21-8125866) for windows-amd64 JRE (11.0.13+0-b1751.21-8125866), built on Feb  2 2022 03:00:22 by "builder" with MS VC++ 14.0 (VS2015)

END.
